</v></field>
		<field k='_time'>
			<value><text>2023-06-22T08:17:04.000+02:00</text></value>
		</field>
		<field k='action'>
			<value><text>allowed</text></value>
		</field>
		<field k='app'>
			<value><text>C:\Program Files\Microsoft Office\root\Office16\EXCEL.EXE</text></value>
		</field>
		<field k='creation_time'>
			<value><text>2023-06-22 05:16:55.506</text></value>
		</field>
		<field k='dest'>
			<value><text>52.97.212.114</text></value>
		</field>
		<field k='dest_ip'>
			<value><text>52.97.212.114</text></value>
		</field>
		<field k='dest_port'>
			<value><text>443</text></value>
		</field>
		<field k='direction'>
			<value><text>outbound</text></value>
		</field>
		<field k='dvc'>
			<value><text>dt-o2.auth.ad.bgu.ac.il</text></value>
		</field>
		<field k='dvc_ip'>
			<value><text>132.72.80.91</text></value>
		</field>
		<field k='dvc_nt_host'>
			<value><text>DT-O2</text></value>
		</field>
		<field k='event_id'>
			<value><text>625796</text></value>
		</field>
		<field k='eventtype'>
			<value><text>endpoint_services_processes</text></value>
			<value><text>ms-sysmon-network</text><tag>communicate</tag><tag>network</tag></value>
			<value><text>windows_event_signature</text><tag>track_event_signatures</tag></value>
		</field>
		<field k='host'>
			<value><text>DT-O2</text></value>
		</field>
		<field k='id'>
			<value><text>625796</text></value>
		</field>
		<field k='index'>
			<value h='1'><text>main</text></value>
		</field>
		<field k='linecount'>
			<value><text>1</text></value>
		</field>
		<field k='process_exec'>
			<value><text>EXCEL.EXE</text></value>
		</field>
		<field k='process_guid'>
			<value><text>{d7f7c06d-79ef-6481-ab02-000000001e00}</text></value>
		</field>
		<field k='process_id'>
			<value><text>18696</text></value>
		</field>
		<field k='process_name'>
			<value><text>EXCEL.EXE</text></value>
		</field>
		<field k='protocol'>
			<value><text>ip</text></value>
		</field>
		<field k='protocol_version'>
			<value><text>ipv4</text></value>
		</field>
		<field k='punct'>
			<value><text>&lt;_=&apos;://../////&apos;&gt;&lt;&gt;&lt;_=&apos;--&apos;_=&apos;{----}&apos;/&gt;&lt;&gt;&lt;/&gt;&lt;&gt;&lt;/&gt;&lt;&gt;&lt;</text></value>
		</field>
		<field k='signature'>
			<value><text>Network connection</text></value>
		</field>
		<field k='signature_id'>
			<value><text>3</text></value>
		</field>
		<field k='source'>
			<value h='1'><text>XmlWinEventLog:Microsoft-Windows-Sysmon/Operational</text></value>
		</field>
		<field k='sourcetype'>
			<value><text>xmlwineventlog</text></value>
		</field>
		<field k='splunk_server'>
			<value><text>dt-splunk</text></value>
		</field>
		<field k='src'>
			<value><text>dt-o2.auth.ad.bgu.ac.il</text></value>
		</field>
		<field k='src_host'>
			<value><text>dt-o2.auth.ad.bgu.ac.il</text></value>
		</field>
		<field k='src_ip'>
			<value><text>132.72.80.91</text></value>
		</field>
		<field k='src_port'>
			<value><text>54014</text></value>
		</field>
		<field k='state'>
			<value><text>established</text></value>
		</field>
		<field k='tag'>
			<value><text>communicate</text></value>
			<value><text>network</text></value>
			<value><text>track_event_signatures</text></value>
		</field>
		<field k='tag::eventtype'>
			<value><text>communicate</text></value>
			<value><text>network</text></value>
			<value><text>track_event_signatures</text></value>
		</field>
		<field k='transport'>
			<value><text>tcp</text></value>
		</field>
		<field k='transport_dest_port'>
			<value><text>tcp/443</text></value>
		</field>
		<field k='user'>
			<value><text>salitsl</text></value>
		</field>
		<field k='user_id'>
			<value><text>&apos;S-1-5-18&apos;</text></value>
		</field>
		<field k='vendor_product'>
			<value><text>Microsoft Sysmon</text></value>
		</field>
	</result>
	<result offset='4'>
		<field k='Channel'>
			<value><text>Microsoft-Windows-Sysmon/Operational</text></value>
		</field>
		<field k='Computer'>
			<value><text>dt-o2.auth.ad.bgu.ac.il</text></value>
		</field>
		<field k='DestinationHostname'>
			<value><text>-</text></value>
		</field>
		<field k='DestinationIp'>
			<value><text>52.178.17.2</text></value>
		</field>
		<field k='DestinationIsIpv6'>
			<value><text>false</text></value>
		</field>
		<field k='DestinationPort'>
			<value><text>443</text></value>
		</field>
		<field k='DestinationPortName'>
			<value><text>https</text></value>
		</field>
		<field k='EventChannel'>
			<value><text>Microsoft-Windows-Sysmon/Operational</text></value>
		</field>
		<field k='EventCode'>
			<value h='1'><text>3</text></value>
		</field>
		<field k='EventData_Xml'>
			<value><text>&lt;Data Name=&apos;RuleName&apos;&gt;Usermode&lt;/Data&gt;&lt;Data Name=&apos;UtcTime&apos;&gt;2023-06-22 05:15:47.503&lt;/Data&gt;&lt;Data Name=&apos;ProcessGuid&apos;&gt;{d7f7c06d-5698-648d-8437-010000001e00}&lt;/Data&gt;&lt;Data Name=&apos;ProcessId&apos;&gt;25656&lt;/Data&gt;&lt;Data Name=&apos;Image&apos;&gt;C:\Users\salitsl\AppData\Local\Microsoft\OneDrive\OneDrive.exe&lt;/Data&gt;&lt;Data Name=&apos;User&apos;&gt;BGU-USERS\salitsl&lt;/Data&gt;&lt;Data Name=&apos;Protocol&apos;&gt;tcp&lt;/Data&gt;&lt;Data Name=&apos;Initiated&apos;&gt;true&lt;/Data&gt;&lt;Data Name=&apos;SourceIsIpv6&apos;&gt;false&lt;/Data&gt;&lt;Data Name=&apos;SourceIp&apos;&gt;132.72.80.91&lt;/Data&gt;&lt;Data Name=&apos;SourceHostname&apos;&gt;dt-o2.auth.ad.bgu.ac.il&lt;/Data&gt;&lt;Data Name=&apos;SourcePort&apos;&gt;54011&lt;/Data&gt;&lt;Data Name=&apos;SourcePortName&apos;&gt;-&lt;/Data&gt;&lt;Data Name=&apos;DestinationIsIpv6&apos;&gt;false&lt;/Data&gt;&lt;Data Name=&apos;DestinationIp&apos;&gt;52.178.17.2&lt;/Data&gt;&lt;Data Name=&apos;DestinationHostname&apos;&gt;-&lt;/Data&gt;&lt;Data Name=&apos;DestinationPort&apos;&gt;443&lt;/Data&gt;&lt;Data Name=&apos;DestinationPortName&apos;&gt;https&lt;/Data&gt;</text></value>
		</field>
		<field k='EventDescription'>
			<value><text>Network connection</text></value>
		</field>
		<field k='EventID'>
			<value><text>3</text></value>
		</field>
		<field k='EventRecordID'>
			<value><text>625795</text></value>
		</field>
		<field k='Guid'>
			<value><text>&apos;{5770385f-c22a-43e0-bf4c-06f5698ffbd9}&apos;</text></value>
		</field>
		<field k='Image'>
			<value><text>C:\Users\salitsl\AppData\Local\Microsoft\OneDrive\OneDrive.exe</text></value>
		</field>
		<field k='Initiated'>
			<value><text>true</text></value>
		</field>
		<field k='Keywords'>
			<value><text>0x8000000000000000</text></value>
		</field>
		<field k='Level'>
			<value><text>4</text></value>
		</field>
		<field k='Name'>
			<value><text>&apos;Microsoft-Windows-Sysmon&apos;</text></value>
		</field>
		<field k='Opcode'>
			<value><text>0</text></value>
		</field>
		<field k='ProcessGuid'>
			<value><text>{d7f7c06d-5698-648d-8437-010000001e00}</text></value>
		</field>
		<field k='ProcessID'>
			<value><text>&apos;4184&apos;</text></value>
		</field>
		<field k='ProcessId'>
			<value><text>25656</text></value>
		</field>
		<field k='Protocol'>
			<value><text>tcp</text></value>
		</field>
		<field k='RecordID'>
			<value><text>625795</text></value>
		</field>
		<field k='RecordNumber'>
			<value><text>625795</text></value>
		</field>
		<field k='RuleName'>
			<value><text>Usermode</text></value>
		</field>
		<field k='SecurityID'>
			<value><text>S-1-5-18</text></value>
		</field>
		<field k='SourceHostname'>
			<value><text>dt-o2.auth.ad.bgu.ac.il</text></value>
		</field>
		<field k='SourceIp'>
			<value><text>132.72.80.91</text></value>
		</field>
		<field k='SourceIsIpv6'>
			<value><text>false</text></value>
		</field>
		<field k='SourcePort'>
			<value><text>54011</text></value>
		</field>
		<field k='SourcePortName'>
			<value><text>-</text></value>
		</field>
		<field k='SystemTime'>
			<value><text>&apos;2023-06-22T05:15:56.4552778Z&apos;</text></value>
		</field>
		<field k='System_Props_Xml'>
			<value><text>&lt;Provider Name=&apos;Microsoft-Windows-Sysmon&apos; Guid=&apos;{5770385f-c22a-43e0-bf4c-06f5698ffbd9}&apos;/&gt;&lt;EventID&gt;3&lt;/EventID&gt;&lt;Version&gt;5&lt;/Version&gt;&lt;Level&gt;4&lt;/Level&gt;&lt;Task&gt;3&lt;/Task&gt;&lt;Opcode&gt;0&lt;/Opcode&gt;&lt;Keywords&gt;0x8000000000000000&lt;/Keywords&gt;&lt;TimeCreated SystemTime=&apos;2023-06-22T05:15:56.4552778Z&apos;/&gt;&lt;EventRecordID&gt;625795&lt;/EventRecordID&gt;&lt;Correlation/&gt;&lt;Execution ProcessID=&apos;4184&apos; ThreadID=&apos;29996&apos;/&gt;&lt;Channel&gt;Microsoft-Windows-Sysmon/Operational&lt;/Channel&gt;&lt;Computer&gt;dt-o2.auth.ad.bgu.ac.il&lt;/Computer&gt;&lt;Security UserID=&apos;S-1-5-18&apos;/&gt;</text></value>
		</field>
		<field k='Task'>
			<value><text>3</text></value>
		</field>
		<field k='ThreadID'>
			<value><text>&apos;29996&apos;</text></value>
		</field>
		<field k='TimeCreated'>
			<value><text>2023-06-22T05:15:56.4552778Z</text></value>
		</field>
		<field k='User'>
			<value><text>BGU-USERS\salitsl</text></value>
		</field>
		<field k='UserID'>
			<value><text>&apos;S-1-5-18&apos;</text></value>
		</field>
		<field k='UtcTime'>
			<value><text>2023-06-22 05:15:47.503</text></value>
		</field>
		<field k='Version'>
			<value><text>5</text></value>
		</field>
		<field k='_raw'><v xml:space='preserve' trunc='0'>&lt;Event xmlns=&apos;http://schemas.microsoft.com/win/2004/08/events/event&apos;&gt;&lt;System&gt;&lt;Provider Name=&apos;Microsoft-Windows-Sysmon&apos; Guid=&apos;{5770385f-c22a-43e0-bf4c-06f5698ffbd9}&apos;/&gt;&lt;EventID&gt;3&lt;/EventID&gt;&lt;Version&gt;5&lt;/Version&gt;&lt;Level&gt;4&lt;/Level&gt;&lt;Task&gt;3&lt;/Task&gt;&lt;Opcode&gt;0&lt;/Opcode&gt;&lt;Keywords&gt;0x8000000000000000&lt;/Keywords&gt;&lt;TimeCreated SystemTime=&apos;2023-06-22T05:15:56.4552778Z&apos;/&gt;&lt;EventRecordID&gt;625795&lt;/EventRecordID&gt;&lt;Correlation/&gt;&lt;Execution ProcessID=&apos;4184&apos; ThreadID=&apos;29996&apos;/&gt;&lt;Channel&gt;Microsoft-Windows-Sysmon/Operational&lt;/Channel&gt;&lt;Computer&gt;dt-o2.auth.ad.bgu.ac.il&lt;/Computer&gt;&lt;Security UserID=&apos;S-1-5-18&apos;/&gt;&lt;/System&gt;&lt;EventData&gt;&lt;Data Name=&apos;RuleName&apos;&gt;Usermode&lt;/Data&gt;&lt;Data Name=&apos;UtcTime&apos;&gt;2023-06-22 05:15:47.503&lt;/Data&gt;&lt;Data Name=&apos;ProcessGuid&apos;&gt;{d7f7c06d-5698-648d-8437-010000001e00}&lt;/Data&gt;&lt;Data Name=&apos;ProcessId&apos;&gt;25656&lt;/Data&gt;&lt;Data Name=&apos;Image&apos;&gt;C:\Users\salitsl\AppData\Local\Microsoft\OneDrive\OneDrive.exe&lt;/Data&gt;&lt;Data Name=&apos;User&apos;&gt;BGU-USERS\salitsl&lt;/Data&gt;&lt;Data Name=&apos;Protocol&apos;&gt;tcp&lt;/Data&gt;&lt;Data Name=&apos;Initiated&apos;&gt;true&lt;/Data&gt;&lt;Data Name=&apos;SourceIsIpv6&apos;&gt;false&lt;/Data&gt;&lt;Data Name=&apos;SourceIp&apos;&gt;132.72.80.91&lt;/Data&gt;&lt;Data Name=&apos;SourceHostname&apos;&gt;dt-o2.auth.ad.bgu.ac.il&lt;/Data&gt;&lt;Data Name=&apos;SourcePort&apos;&gt;54011&lt;/Data&gt;&lt;Data Name=&apos;SourcePortName&apos;&gt;-&lt;/Data&gt;&lt;Data Name=&apos;DestinationIsIpv6&apos;&gt;false&lt;/Data&gt;&lt;Data Name=&apos;DestinationIp&apos;&gt;52.178.17.2&lt;/Data&gt;&lt;Data Name=&apos;DestinationHostname&apos;&gt;-&lt;/Data&gt;&lt;Data Name=&apos;DestinationPort&apos;&gt;443&lt;/Data&gt;&lt;Data Name=&apos;DestinationPortName&apos;&gt;https&lt;/Data&gt;&lt;/EventData&gt;&lt;/Event&gt;</v></field>
		<field k='_time'>
			<value><text>2023-06-22T08:15:56.000+02:00</text></value>
		</field>
		<field k='action'>
			<value><text>allowed</text></value>
		</field>
		<field k='app'>
			<value><text>C:\Users\salitsl\AppData\Local\Microsoft\OneDrive\OneDrive.exe</text></value>
		</field>
		<field k='creation_time'>
			<value><text>2023-06-22 05:15:47.503</text></value>
		</field>
		<field k='dest'>
			<value><text>52.178.17.2</text></value>
		</field>
		<field k='dest_ip'>
			<value><text>52.178.17.2</text></value>
		</field>
		<field k='dest_port'>
			<value><text>443</text></value>
		</field>
		<field k='direction'>
			<value><text>outbound</text></value>
		</field>
		<field k='dvc'>
			<value><text>dt-o2.auth.ad.bgu.ac.il</text></value>
		</field>
		<field k='dvc_ip'>
			<value><text>132.72.80.91</text></value>
		</field>
		<field k='dvc_nt_host'>
			<value><text>DT-O2</text></value>
		</field>
		<field k='event_id'>
			<value><text>625795</text></value>
		</field>
		<field k='eventtype'>
			<value><text>endpoint_services_processes</text></value>
			<value><text>ms-sysmon-network</text><tag>communicate</tag><tag>network</tag></value>
			<value><text>windows_event_signature</text><tag>track_event_signatures</tag></value>
		</field>
		<field k='host'>
			<value><text>DT-O2</text></value>
		</field>
		<field k='id'>
			<value><text>625795</text></value>
		</field>
		<field k='index'>
			<value h='1'><text>main</text></value>
		</field>
		<field k='linecount'>
			<value><text>1</text></value>
		</field>
		<field k='process_exec'>
			<value><text>OneDrive.exe</text></value>
		</field>
		<field k='process_guid'>
			<value><text>{d7f7c06d-5698-648d-8437-010000001e00}</text></value>
		</field>
		<field k='process_id'>
			<value><text>25656</text></value>
		</field>
		<field k='process_name'>
			<value><text>OneDrive.exe</text></value>
		</field>
		<field k='protocol'>
			<value><text>ip</text></value>
		</field>
		<field k='protocol_version'>
			<value><text>ipv4</text></value>
		</field>
		<field k='punct'>
			<value><text>&lt;_=&apos;://../////&apos;&gt;&lt;&gt;&lt;_=&apos;--&apos;_=&apos;{----}&apos;/&gt;&lt;&gt;&lt;/&gt;&lt;&gt;&lt;/&gt;&lt;&gt;&lt;</text></value>
		</field>
		<field k='signature'>
			<value><text>Network connection</text></value>
		</field>
		<field k='signature_id'>
			<value><text>3</text></value>
		</field>
		<field k='source'>
			<value h='1'><text>XmlWinEventLog:Microsoft-Windows-Sysmon/Operational</text></value>
		</field>
		<field k='sourcetype'>
			<value><text>xmlwineventlog</text></value>
		</field>
		<field k='splunk_server'>
			<value><text>dt-splunk</text></value>
		</field>
		<field k='src'>
			<value><text>dt-o2.auth.ad.bgu.ac.il</text></value>
		</field>
		<field k='src_host'>
			<value><text>dt-o2.auth.ad.bgu.ac.il</text></value>
		</field>
		<field k='src_ip'>
			<value><text>132.72.80.91</text></value>
		</field>
		<field k='src_port'>
			<value><text>54011</text></value>
		</field>
		<field k='state'>
			<value><text>established</text></value>
		</field>
		<field k='tag'>
			<value><text>communicate</text></value>
			<value><text>network</text></value>
			<value><text>track_event_signatures</text></value>
		</field>
		<field k='tag::eventtype'>
			<value><text>communicate</text></value>
			<value><text>network</text></value>
			<value><text>track_event_signatures</text></value>
		</field>
		<field k='transport'>
			<value><text>tcp</text></value>
		</field>
		<field k='transport_dest_port'>
			<value><text>tcp/443</text></value>
		</field>
		<field k='user'>
			<value><text>salitsl</text></value>
		</field>
		<field k='user_id'>
			<value><text>&apos;S-1-5-18&apos;</text></value>
		</field>
		<field k='vendor_product'>
			<value><text>Microsoft Sysmon</text></value>
		</field>
	</result>
	<result offset='5'>
		<field k='Channel'>
			<value><text>Microsoft-Windows-Sysmon/Operational</text></value>
		</field>
		<field k='Computer'>
			<value><text>dt-o2.auth.ad.bgu.ac.il</text></value>
		</field>
		<field k='DestinationHostname'>
			<value><text>-</text></value>
		</field>
		<field k='DestinationIp'>
			<value><text>20.42.73.24</text></value>
		</field>
		<field k='DestinationIsIpv6'>
			<value><text>false</text></value>
		</field>
		<field k='DestinationPort'>
			<value><text>443</text></value>
		</field>
		<field k='DestinationPortName'>
			<value><text>https</text></value>
		</field>
		<field k='EventChannel'>
			<value><text>Microsoft-Windows-Sysmon/Operational</text></value>
		</field>
		<field k='EventCode'>
			<value h='1'><text>3</text></value>
		</field>
		<field k='EventData_Xml'>
			<value><text>&lt;Data Name=&apos;RuleName&apos;&gt;-&lt;/Data&gt;&lt;Data Name=&apos;UtcTime&apos;&gt;2023-06-22 05:12:31.420&lt;/Data&gt;&lt;Data Name=&apos;ProcessGuid&apos;&gt;{d7f7c06d-79ef-6481-ab02-000000001e00}&lt;/Data&gt;&lt;Data Name=&apos;ProcessId&apos;&gt;18696&lt;/Data&gt;&lt;Data Name=&apos;Image&apos;&gt;C:\Program Files\Microsoft Office\root\Office16\EXCEL.EXE&lt;/Data&gt;&lt;Data Name=&apos;User&apos;&gt;BGU-USERS\salitsl&lt;/Data&gt;&lt;Data Name=&apos;Protocol&apos;&gt;tcp&lt;/Data&gt;&lt;Data Name=&apos;Initiated&apos;&gt;true&lt;/Data&gt;&lt;Data Name=&apos;SourceIsIpv6&apos;&gt;false&lt;/Data&gt;&lt;Data Name=&apos;SourceIp&apos;&gt;132.72.80.91&lt;/Data&gt;&lt;Data Name=&apos;SourceHostname&apos;&gt;dt-o2.auth.ad.bgu.ac.il&lt;/Data&gt;&lt;Data Name=&apos;SourcePort&apos;&gt;53986&lt;/Data&gt;&lt;Data Name=&apos;SourcePortName&apos;&gt;-&lt;/Data&gt;&lt;Data Name=&apos;DestinationIsIpv6&apos;&gt;false&lt;/Data&gt;&lt;Data Name=&apos;DestinationIp&apos;&gt;20.42.73.24&lt;/Data&gt;&lt;Data Name=&apos;DestinationHostname&apos;&gt;-&lt;/Data&gt;&lt;Data Name=&apos;DestinationPort&apos;&gt;443&lt;/Data&gt;&lt;Data Name=&apos;DestinationPortName&apos;&gt;https&lt;/Data&gt;</text></value>
		</field>
		<field k='EventDescription'>
			<value><text>Network connection</text></value>
		</field>
		<field k='EventID'>
			<value><text>3</text></value>
		</field>
		<field k='EventRecordID'>
			<value><text>625793</text></value>
		</field>
		<field k='Guid'>
			<value><text>&apos;{5770385f-c22a-43e0-bf4c-06f5698ffbd9}&apos;</text></value>
		</field>
		<field k='Image'>
			<value><text>C:\Program Files\Microsoft Office\root\Office16\EXCEL.EXE</text></value>
		</field>
		<field k='Initiated'>
			<value><text>true</text></value>
		</field>
		<field k='Keywords'>
			<value><text>0x8000000000000000</text></value>
		</field>
		<field k='Level'>
			<value><text>4</text></value>
		</field>
		<field k='Name'>
			<value><text>&apos;Microsoft-Windows-Sysmon&apos;</text></value>
		</field>
		<field k='Opcode'>
			<value><text>0</text></value>
		</field>
		<field k='ProcessGuid'>
			<value><text>{d7f7c06d-79ef-6481-ab02-000000001e00}</text></value>
		</field>
		<field k='ProcessID'>
			<value><text>&apos;4184&apos;</text></value>
		</field>
		<field k='ProcessId'>
			<value><text>18696</text></value>
		</field>
		<field k='Protocol'>
			<value><text>tcp</text></value>
		</field>
		<field k='RecordID'>
			<value><text>625793</text></value>
		</field>
		<field k='RecordNumber'>
			<value><text>625793</text></value>
		</field>
		<field k='RuleName'>
			<value><text>-</text></value>
		</field>
		<field k='SecurityID'>
			<value><text>S-1-5-18</text></value>
		</field>
		<field k='SourceHostname'>
			<value><text>dt-o2.auth.ad.bgu.ac.il</text></value>
		</field>
		<field k='SourceIp'>
			<value><text>132.72.80.91</text></value>
		</field>
		<field k='SourceIsIpv6'>
			<value><text>false</text></value>
		</field>
		<field k='SourcePort'>
			<value><text>53986</text></value>
		</field>
		<field k='SourcePortName'>
			<value><text>-</text></value>
		</field>
		<field k='SystemTime'>
			<value><text>&apos;2023-06-22T05:12:39.6152425Z&apos;</text></value>
		</field>
		<field k='System_Props_Xml'>
			<value><text>&lt;Provider Name=&apos;Microsoft-Windows-Sysmon&apos; Guid=&apos;{5770385f-c22a-43e0-bf4c-06f5698ffbd9}&apos;/&gt;&lt;EventID&gt;3&lt;/EventID&gt;&lt;Version&gt;5&lt;/Version&gt;&lt;Level&gt;4&lt;/Level&gt;&lt;Task&gt;3&lt;/Task&gt;&lt;Opcode&gt;0&lt;/Opcode&gt;&lt;Keywords&gt;0x8000000000000000&lt;/Keywords&gt;&lt;TimeCreated SystemTime=&apos;2023-06-22T05:12:39.6152425Z&apos;/&gt;&lt;EventRecordID&gt;625793&lt;/EventRecordID&gt;&lt;Correlation/&gt;&lt;Execution ProcessID=&apos;4184&apos; ThreadID=&apos;29996&apos;/&gt;&lt;Channel&gt;Microsoft-Windows-Sysmon/Operational&lt;/Channel&gt;&lt;Computer&gt;dt-o2.auth.ad.bgu.ac.il&lt;/Computer&gt;&lt;Security UserID=&apos;S-1-5-18&apos;/&gt;</text></value>
		</field>
		<field k='Task'>
			<value><text>3</text></value>
		</field>
		<field k='ThreadID'>
			<value><text>&apos;29996&apos;</text></value>
		</field>
		<field k='TimeCreated'>
			<value><text>2023-06-22T05:12:39.6152425Z</text></value>
		</field>
		<field k='User'>
			<value><text>BGU-USERS\salitsl</text></value>
		</field>
		<field k='UserID'>
			<value><text>&apos;S-1-5-18&apos;</text></value>
		</field>
		<field k='UtcTime'>
			<value><text>2023-06-22 05:12:31.420</text></value>
		</field>
		<field k='Version'>
			<value><text>5</text></value>
		</field>
		<field k='_raw'><v xml:space='preserve' trunc='0'>&lt;Event xmlns=&apos;http://schemas.microsoft.com/win/2004/08/events/event&apos;&gt;&lt;System&gt;&lt;Provider Name=&apos;Microsoft-Windows-Sysmon&apos; Guid=&apos;{5770385f-c22a-43e0-bf4c-06f5698ffbd9}&apos;/&gt;&lt;EventID&gt;3&lt;/EventID&gt;&lt;Version&gt;5&lt;/Version&gt;&lt;Level&gt;4&lt;/Level&gt;&lt;Task&gt;3&lt;/Task&gt;&lt;Opcode&gt;0&lt;/Opcode&gt;&lt;Keywords&gt;0x8000000000000000&lt;/Keywords&gt;&lt;TimeCreated SystemTime=&apos;2023-06-22T05:12:39.6152425Z&apos;/&gt;&lt;EventRecordID&gt;625793&lt;/EventRecordID&gt;&lt;Correlation/&gt;&lt;Execution ProcessID=&apos;4184&apos; ThreadID=&apos;29996&apos;/&gt;&lt;Channel&gt;Microsoft-Windows-Sysmon/Operational&lt;/Channel&gt;&lt;Computer&gt;dt-o2.auth.ad.bgu.ac.il&lt;/Computer&gt;&lt;Security UserID=&apos;S-1-5-18&apos;/&gt;&lt;/System&gt;&lt;EventData&gt;&lt;Data Name=&apos;RuleName&apos;&gt;-&lt;/Data&gt;&lt;Data Name=&apos;UtcTime&apos;&gt;2023-06-22 05:12:31.420&lt;/Data&gt;&lt;Data Name=&apos;ProcessGuid&apos;&gt;{d7f7c06d-79ef-6481-ab02-000000001e00}&lt;/Data&gt;&lt;Data Name=&apos;ProcessId&apos;&gt;18696&lt;/Data&gt;&lt;Data Name=&apos;Image&apos;&gt;C:\Program Files\Microsoft Office\root\Office16\EXCEL.EXE&lt;/Data&gt;&lt;Data Name=&apos;User&apos;&gt;BGU-USERS\salitsl&lt;/Data&gt;&lt;Data Name=&apos;Protocol&apos;&gt;tcp&lt;/Data&gt;&lt;Data Name=&apos;Initiated&apos;&gt;true&lt;/Data&gt;&lt;Data Name=&apos;SourceIsIpv6&apos;&gt;false&lt;/Data&gt;&lt;Data Name=&apos;SourceIp&apos;&gt;132.72.80.91&lt;/Data&gt;&lt;Data Name=&apos;SourceHostname&apos;&gt;dt-o2.auth.ad.bgu.ac.il&lt;/Data&gt;&lt;Data Name=&apos;SourcePort&apos;&gt;53986&lt;/Data&gt;&lt;Data Name=&apos;SourcePortName&apos;&gt;-&lt;/Data&gt;&lt;Data Name=&apos;DestinationIsIpv6&apos;&gt;false&lt;/Data&gt;&lt;Data Name=&apos;DestinationIp&apos;&gt;20.42.73.24&lt;/Data&gt;&lt;Data Name=&apos;DestinationHostname&apos;&gt;-&lt;/Data&gt;&lt;Data Name=&apos;DestinationPort&apos;&gt;443&lt;/Data&gt;&lt;Data Name=&apos;DestinationPortName&apos;&gt;https&lt;/Data&gt;&lt;/EventData&gt;&lt;/Event&gt;</v></field>
		<field k='_time'>
			<value><text>2023-06-22T08:12:39.000+02:00</text></value>
		</field>
		<field k='action'>
			<value><text>allowed</text></value>
		</field>
		<field k='app'>
			<value><text>C:\Program Files\Microsoft Office\root\Office16\EXCEL.EXE</text></value>
		</field>
		<field k='creation_time'>
			<value><text>2023-06-22 05:12:31.420</text></value>
		</field>
		<field k='dest'>
			<value><text>20.42.73.24</text></value>
		</field>
		<field k='dest_ip'>
			<value><text>20.42.73.24</text></value>
		</field>
		<field k='dest_port'>
			<value><text>443</text></value>
		</field>
		<field k='direction'>
			<value><text>outbound</text></value>
		</field>
		<field k='dvc'>
			<value><text>dt-o2.auth.ad.bgu.ac.il</text></value>
		</field>
		<field k='dvc_ip'>
			<value><text>132.72.80.91</text></value>
		</field>
		<field k='dvc_nt_host'>
			<value><text>DT-O2</text></value>
		</field>
		<field k='event_id'>
			<value><text>625793</text></value>
		</field>
		<field k='eventtype'>
			<value><text>endpoint_services_processes</text></value>
			<value><text>ms-sysmon-network</text><tag>communicate</tag><tag>network</tag></value>
			<value><text>windows_event_signature</text><tag>track_event_signatures</tag></value>
		</field>
		<field k='host'>
			<value><text>DT-O2</text></value>
		</field>
		<field k='id'>
			<value><text>625793</text></value>
		</field>
		<field k='index'>
			<value h='1'><text>main</text></value>
		</field>
		<field k='linecount'>
			<value><text>1</text></value>
		</field>
		<field k='process_exec'>
			<value><text>EXCEL.EXE</text></value>
		</field>
		<field k='process_guid'>
			<value><text>{d7f7c06d-79ef-6481-ab02-000000001e00}</text></value>
		</field>
		<field k='process_id'>
			<value><text>18696</text></value>
		</field>
		<field k='process_name'>
			<value><text>EXCEL.EXE</text></value>
		</field>
		<field k='protocol'>
			<value><text>ip</text></value>
		</field>
		<field k='protocol_version'>
			<value><text>ipv4</text></value>
		</field>
		<field k='punct'>
			<value><text>&lt;_=&apos;://../////&apos;&gt;&lt;&gt;&lt;_=&apos;--&apos;_=&apos;{----}&apos;/&gt;&lt;&gt;&lt;/&gt;&lt;&gt;&lt;/&gt;&lt;&gt;&lt;</text></value>
		</field>
		<field k='signature'>
			<value><text>Network connection</text></value>
		</field>
		<field k='signature_id'>
			<value><text>3</text></value>
		</field>
		<field k='source'>
			<value h='1'><text>XmlWinEventLog:Microsoft-Windows-Sysmon/Operational</text></value>
		</field>
		<field k='sourcetype'>
			<value><text>xmlwineventlog</text></value>
		</field>
		<field k='splunk_server'>
			<value><text>dt-splunk</text></value>
		</field>
		<field k='src'>
			<value><text>dt-o2.auth.ad.bgu.ac.il</text></value>
		</field>
		<field k='src_host'>
			<value><text>dt-o2.auth.ad.bgu.ac.il</text></value>
		</field>
		<field k='src_ip'>
			<value><text>132.72.80.91</text></value>
		</field>
		<field k='src_port'>
			<value><text>53986</text></value>
		</field>
		<field k='state'>
			<value><text>established</text></value>
		</field>
		<field k='tag'>
			<value><text>communicate</text></value>
			<value><text>network</text></value>
			<value><text>track_event_signatures</text></value>
		</field>
		<field k='tag::eventtype'>
			<value><text>communicate</text></value>
			<value><text>network</text></value>
			<value><text>track_event_signatures</text></value>
		</field>
		<field k='transport'>
			<value><text>tcp</text></value>
		</field>
		<field k='transport_dest_port'>
			<value><text>tcp/443</text></value>
		</field>
		<field k='user'>
			<value><text>salitsl</text></value>
		</field>
		<field k='user_id'>
			<value><text>&apos;S-1-5-18&apos;</text></value>
		</field>
		<field k='vendor_product'>
			<value><text>Microsoft Sysmon</text></value>
		</field>
	</result>
	<result offset='6'>
		<field k='Channel'>
			<value><text>Microsoft-Windows-Sysmon/Operational</text></value>
		</field>
		<field k='Computer'>
			<value><text>dt-o2.auth.ad.bgu.ac.il</text></value>
		</field>
		<field k='DestinationHostname'>
			<value><text>-</text></value>
		</field>
		<field k='DestinationIp'>
			<value><text>52.97.212.114</text></value>
		</field>
		<field k='DestinationIsIpv6'>
			<value><text>false</text></value>
		</field>
		<field k='DestinationPort'>
			<value><text>443</text></value>
		</field>
		<field k='DestinationPortName'>
			<value><text>https</text></value>
		</field>
		<field k='EventChannel'>
			<value><text>Microsoft-Windows-Sysmon/Operational</text></value>
		</field>
		<field k='EventCode'>
			<value h='1'><text>3</text></value>
		</field>
		<field k='EventData_Xml'>
			<value><text>&lt;Data Name=&apos;RuleName&apos;&gt;-&lt;/Data&gt;&lt;Data Name=&apos;UtcTime&apos;&gt;2023-06-22 05:09:10.877&lt;/Data&gt;&lt;Data Name=&apos;ProcessGuid&apos;&gt;{d7f7c06d-79ef-6481-ab02-000000001e00}&lt;/Data&gt;&lt;Data Name=&apos;ProcessId&apos;&gt;18696&lt;/Data&gt;&lt;Data Name=&apos;Image&apos;&gt;C:\Program Files\Microsoft Office\root\Office16\EXCEL.EXE&lt;/Data&gt;&lt;Data Name=&apos;User&apos;&gt;BGU-USERS\salitsl&lt;/Data&gt;&lt;Data Name=&apos;Protocol&apos;&gt;tcp&lt;/Data&gt;&lt;Data Name=&apos;Initiated&apos;&gt;true&lt;/Data&gt;&lt;Data Name=&apos;SourceIsIpv6&apos;&gt;false&lt;/Data&gt;&lt;Data Name=&apos;SourceIp&apos;&gt;132.72.80.91&lt;/Data&gt;&lt;Data Name=&apos;SourceHostname&apos;&gt;dt-o2.auth.ad.bgu.ac.il&lt;/Data&gt;&lt;Data Name=&apos;SourcePort&apos;&gt;53973&lt;/Data&gt;&lt;Data Name=&apos;SourcePortName&apos;&gt;-&lt;/Data&gt;&lt;Data Name=&apos;DestinationIsIpv6&apos;&gt;false&lt;/Data&gt;&lt;Data Name=&apos;DestinationIp&apos;&gt;52.97.212.114&lt;/Data&gt;&lt;Data Name=&apos;DestinationHostname&apos;&gt;-&lt;/Data&gt;&lt;Data Name=&apos;DestinationPort&apos;&gt;443&lt;/Data&gt;&lt;Data Name=&apos;DestinationPortName&apos;&gt;https&lt;/Data&gt;</text></value>
		</field>
		<field k='EventDescription'>
			<value><text>Network connection</text></value>
		</field>
		<field k='EventID'>
			<value><text>3</text></value>
		</field>
		<field k='EventRecordID'>
			<value><text>625792</text></value>
		</field>
		<field k='Guid'>
			<value><text>&apos;{5770385f-c22a-43e0-bf4c-06f5698ffbd9}&apos;</text></value>
		</field>
		<field k='Image'>
			<value><text>C:\Program Files\Microsoft Office\root\Office16\EXCEL.EXE</text></value>
		</field>
		<field k='Initiated'>
			<value><text>true</text></value>
		</field>
		<field k='Keywords'>
			<value><text>0x8000000000000000</text></value>
		</field>
		<field k='Level'>
			<value><text>4</text></value>
		</field>
		<field k='Name'>
			<value><text>&apos;Microsoft-Windows-Sysmon&apos;</text></value>
		</field>
		<field k='Opcode'>
			<value><text>0</text></value>
		</field>
		<field k='ProcessGuid'>
			<value><text>{d7f7c06d-79ef-6481-ab02-000000001e00}</text></value>
		</field>
		<field k='ProcessID'>
			<value><text>&apos;4184&apos;</text></value>
		</field>
		<field k='ProcessId'>
			<value><text>18696</text></value>
		</field>
		<field k='Protocol'>
			<value><text>tcp</text></value>
		</field>
		<field k='RecordID'>
			<value><text>625792</text></value>
		</field>
		<field k='RecordNumber'>
			<value><text>625792</text></value>
		</field>
		<field k='RuleName'>
			<value><text>-</text></value>
		</field>
		<field k='SecurityID'>
			<value><text>S-1-5-18</text></value>
		</field>
		<field k='SourceHostname'>
			<value><text>dt-o2.auth.ad.bgu.ac.il</text></value>
		</field>
		<field k='SourceIp'>
			<value><text>132.72.80.91</text></value>
		</field>
		<field k='SourceIsIpv6'>
			<value><text>false</text></value>
		</field>
		<field k='SourcePort'>
			<value><text>53973</text></value>
		</field>
		<field k='SourcePortName'>
			<value><text>-</text></value>
		</field>
		<field k='SystemTime'>
			<value><text>&apos;2023-06-22T05:09:19.8015301Z&apos;</text></value>
		</field>
		<field k='System_Props_Xml'>
			<value><text>&lt;Provider Name=&apos;Microsoft-Windows-Sysmon&apos; Guid=&apos;{5770385f-c22a-43e0-bf4c-06f5698ffbd9}&apos;/&gt;&lt;EventID&gt;3&lt;/EventID&gt;&lt;Version&gt;5&lt;/Version&gt;&lt;Level&gt;4&lt;/Level&gt;&lt;Task&gt;3&lt;/Task&gt;&lt;Opcode&gt;0&lt;/Opcode&gt;&lt;Keywords&gt;0x8000000000000000&lt;/Keywords&gt;&lt;TimeCreated SystemTime=&apos;2023-06-22T05:09:19.8015301Z&apos;/&gt;&lt;EventRecordID&gt;625792&lt;/EventRecordID&gt;&lt;Correlation/&gt;&lt;Execution ProcessID=&apos;4184&apos; ThreadID=&apos;29996&apos;/&gt;&lt;Channel&gt;Microsoft-Windows-Sysmon/Operational&lt;/Channel&gt;&lt;Computer&gt;dt-o2.auth.ad.bgu.ac.il&lt;/Computer&gt;&lt;Security UserID=&apos;S-1-5-18&apos;/&gt;</text></value>
		</field>
		<field k='Task'>
			<value><text>3</text></value>
		</field>
		<field k='ThreadID'>
			<value><text>&apos;29996&apos;</text></value>
		</field>
		<field k='TimeCreated'>
			<value><text>2023-06-22T05:09:19.8015301Z</text></value>
		</field>
		<field k='User'>
			<value><text>BGU-USERS\salitsl</text></value>
		</field>
		<field k='UserID'>
			<value><text>&apos;S-1-5-18&apos;</text></value>
		</field>
		<field k='UtcTime'>
			<value><text>2023-06-22 05:09:10.877</text></value>
		</field>
		<field k='Version'>
			<value><text>5</text></value>
		</field>
		<field k='_raw'><v xml:space='preserve' trunc='0'>&lt;Event xmlns=&apos;http://schemas.microsoft.com/win/2004/08/events/event&apos;&gt;&lt;System&gt;&lt;Provider Name=&apos;Microsoft-Windows-Sysmon&apos; Guid=&apos;{5770385f-c22a-43e0-bf4c-06f5698ffbd9}&apos;/&gt;&lt;EventID&gt;3&lt;/EventID&gt;&lt;Version&gt;5&lt;/Version&gt;&lt;Level&gt;4&lt;/Level&gt;&lt;Task&gt;3&lt;/Task&gt;&lt;Opcode&gt;0&lt;/Opcode&gt;&lt;Keywords&gt;0x8000000000000000&lt;/Keywords&gt;&lt;TimeCreated SystemTime=&apos;2023-06-22T05:09:19.8015301Z&apos;/&gt;&lt;EventRecordID&gt;625792&lt;/EventRecordID&gt;&lt;Correlation/&gt;&lt;Execution ProcessID=&apos;4184&apos; ThreadID=&apos;29996&apos;/&gt;&lt;Channel&gt;Microsoft-Windows-Sysmon/Operational&lt;/Channel&gt;&lt;Computer&gt;dt-o2.auth.ad.bgu.ac.il&lt;/Computer&gt;&lt;Security UserID=&apos;S-1-5-18&apos;/&gt;&lt;/System&gt;&lt;EventData&gt;&lt;Data Name=&apos;RuleName&apos;&gt;-&lt;/Data&gt;&lt;Data Name=&apos;UtcTime&apos;&gt;2023-06-22 05:09:10.877&lt;/Data&gt;&lt;Data Name=&apos;ProcessGuid&apos;&gt;{d7f7c06d-79ef-6481-ab02-000000001e00}&lt;/Data&gt;&lt;Data Name=&apos;ProcessId&apos;&gt;18696&lt;/Data&gt;&lt;Data Name=&apos;Image&apos;&gt;C:\Program Files\Microsoft Office\root\Office16\EXCEL.EXE&lt;/Data&gt;&lt;Data Name=&apos;User&apos;&gt;BGU-USERS\salitsl&lt;/Data&gt;&lt;Data Name=&apos;Protocol&apos;&gt;tcp&lt;/Data&gt;&lt;Data Name=&apos;Initiated&apos;&gt;true&lt;/Data&gt;&lt;Data Name=&apos;SourceIsIpv6&apos;&gt;false&lt;/Data&gt;&lt;Data Name=&apos;SourceIp&apos;&gt;132.72.80.91&lt;/Data&gt;&lt;Data Name=&apos;SourceHostname&apos;&gt;dt-o2.auth.ad.bgu.ac.il&lt;/Data&gt;&lt;Data Name=&apos;SourcePort&apos;&gt;53973&lt;/Data&gt;&lt;Data Name=&apos;SourcePortName&apos;&gt;-&lt;/Data&gt;&lt;Data Name=&apos;DestinationIsIpv6&apos;&gt;false&lt;/Data&gt;&lt;Data Name=&apos;DestinationIp&apos;&gt;52.97.212.114&lt;/Data&gt;&lt;Data Name=&apos;DestinationHostname&apos;&gt;-&lt;/Data&gt;&lt;Data Name=&apos;DestinationPort&apos;&gt;443&lt;/Data&gt;&lt;Data Name=&apos;DestinationPortName&apos;&gt;https&lt;/Data&gt;&lt;/EventData&gt;&lt;/Event&gt;</v></field>
		<field k='_time'>
			<value><text>2023-06-22T08:09:19.000+02:00</text></value>
		</field>
		<field k='action'>
			<value><text>allowed</text></value>
		</field>
		<field k='app'>
			<value><text>C:\Program Files\Microsoft Office\root\Office16\EXCEL.EXE</text></value>
		</field>
		<field k='creation_time'>
			<value><text>2023-06-22 05:09:10.877</text></value>
		</field>
		<field k='dest'>
			<value><text>52.97.212.114</text></value>
		</field>
		<field k='dest_ip'>
			<value><text>52.97.212.114</text></value>
		</field>
		<field k='dest_port'>
			<value><text>443</text></value>
		</field>
		<field k='direction'>
			<value><text>outbound</text></value>
		</field>
		<field k='dvc'>
			<value><text>dt-o2.auth.ad.bgu.ac.il</text></value>
		</field>
		<field k='dvc_ip'>
			<value><text>132.72.80.91</text></value>
		</field>
		<field k='dvc_nt_host'>
			<value><text>DT-O2</text></value>
		</field>
		<field k='event_id'>
			<value><text>625792</text></value>
		</field>
		<field k='eventtype'>
			<value><text>endpoint_services_processes</text></value>
			<value><text>ms-sysmon-network</text><tag>communicate</tag><tag>network</tag></value>
			<value><text>windows_event_signature</text><tag>track_event_signatures</tag></value>
		</field>
		<field k='host'>
			<value><text>DT-O2</text></value>
		</field>
		<field k='id'>
			<value><text>625792</text></value>
		</field>
		<field k='index'>
			<value h='1'><text>main</text></value>
		</field>
		<field k='linecount'>
			<value><text>1</text></value>
		</field>
		<field k='process_exec'>
			<value><text>EXCEL.EXE</text></value>
		</field>
		<field k='process_guid'>
			<value><text>{d7f7c06d-79ef-6481-ab02-000000001e00}</text></value>
		</field>
		<field k='process_id'>
			<value><text>18696</text></value>
		</field>
		<field k='process_name'>
			<value><text>EXCEL.EXE</text></value>
		</field>
		<field k='protocol'>
			<value><text>ip</text></value>
		</field>
		<field k='protocol_version'>
			<value><text>ipv4</text></value>
		</field>
		<field k='punct'>
			<value><text>&lt;_=&apos;://../////&apos;&gt;&lt;&gt;&lt;_=&apos;--&apos;_=&apos;{----}&apos;/&gt;&lt;&gt;&lt;/&gt;&lt;&gt;&lt;/&gt;&lt;&gt;&lt;</text></value>
		</field>
		<field k='signature'>
			<value><text>Network connection</text></value>
		</field>
		<field k='signature_id'>
			<value><text>3</text></value>
		</field>
		<field k='source'>
			<value h='1'><text>XmlWinEventLog:Microsoft-Windows-Sysmon/Operational</text></value>
		</field>
		<field k='sourcetype'>
			<value><text>xmlwineventlog</text></value>
		</field>
		<field k='splunk_server'>
			<value><text>dt-splunk</text></value>
		</field>
		<field k='src'>
			<value><text>dt-o2.auth.ad.bgu.ac.il</text></value>
		</field>
		<field k='src_host'>
			<value><text>dt-o2.auth.ad.bgu.ac.il</text></value>
		</field>
		<field k='src_ip'>
			<value><text>132.72.80.91</text></value>
		</field>
		<field k='src_port'>
			<value><text>53973</text></value>
		</field>
		<field k='state'>
			<value><text>established</text></value>
		</field>
		<field k='tag'>
			<value><text>communicate</text></value>
			<value><text>network</text></value>
			<value><text>track_event_signatures</text></value>
		</field>
		<field k='tag::eventtype'>
			<value><text>communicate</text></value>
			<value><text>network</text></value>
			<value><text>track_event_signatures</text></value>
		</field>
		<field k='transport'>
			<value><text>tcp</text></value>
		</field>
		<field k='transport_dest_port'>
			<value><text>tcp/443</text></value>
		</field>
		<field k='user'>
			<value><text>salitsl</text></value>
		</field>
		<field k='user_id'>
			<value><text>&apos;S-1-5-18&apos;</text></value>
		</field>
		<field k='vendor_product'>
			<value><text>Microsoft Sysmon</text></value>
		</field>
	</result>
	<result offset='7'>
		<field k='Channel'>
			<value><text>Microsoft-Windows-Sysmon/Operational</text></value>
		</field>
		<field k='Computer'>
			<value><text>dt-o2.auth.ad.bgu.ac.il</text></value>
		</field>
		<field k='DestinationHostname'>
			<value><text>-</text></value>
		</field>
		<field k='DestinationIp'>
			<value><text>20.60.244.129</text></value>
		</field>
		<field k='DestinationIsIpv6'>
			<value><text>false</text></value>
		</field>
		<field k='DestinationPort'>
			<value><text>443</text></value>
		</field>
		<field k='DestinationPortName'>
			<value><text>https</text></value>
		</field>
		<field k='EventChannel'>
			<value><text>Microsoft-Windows-Sysmon/Operational</text></value>
		</field>
		<field k='EventCode'>
			<value h='1'><text>3</text></value>
		</field>
		<field k='EventData_Xml'>
			<value><text>&lt;Data Name=&apos;RuleName&apos;&gt;Usermode&lt;/Data&gt;&lt;Data Name=&apos;UtcTime&apos;&gt;2023-06-22 05:06:22.477&lt;/Data&gt;&lt;Data Name=&apos;ProcessGuid&apos;&gt;{d7f7c06d-5698-648d-8437-010000001e00}&lt;/Data&gt;&lt;Data Name=&apos;ProcessId&apos;&gt;25656&lt;/Data&gt;&lt;Data Name=&apos;Image&apos;&gt;C:\Users\salitsl\AppData\Local\Microsoft\OneDrive\OneDrive.exe&lt;/Data&gt;&lt;Data Name=&apos;User&apos;&gt;BGU-USERS\salitsl&lt;/Data&gt;&lt;Data Name=&apos;Protocol&apos;&gt;tcp&lt;/Data&gt;&lt;Data Name=&apos;Initiated&apos;&gt;true&lt;/Data&gt;&lt;Data Name=&apos;SourceIsIpv6&apos;&gt;false&lt;/Data&gt;&lt;Data Name=&apos;SourceIp&apos;&gt;132.72.80.91&lt;/Data&gt;&lt;Data Name=&apos;SourceHostname&apos;&gt;dt-o2.auth.ad.bgu.ac.il&lt;/Data&gt;&lt;Data Name=&apos;SourcePort&apos;&gt;53952&lt;/Data&gt;&lt;Data Name=&apos;SourcePortName&apos;&gt;-&lt;/Data&gt;&lt;Data Name=&apos;DestinationIsIpv6&apos;&gt;false&lt;/Data&gt;&lt;Data Name=&apos;DestinationIp&apos;&gt;20.60.244.129&lt;/Data&gt;&lt;Data Name=&apos;DestinationHostname&apos;&gt;-&lt;/Data&gt;&lt;Data Name=&apos;DestinationPort&apos;&gt;443&lt;/Data&gt;&lt;Data Name=&apos;DestinationPortName&apos;&gt;https&lt;/Data&gt;</text></value>
		</field>
		<field k='EventDescription'>
			<value><text>Network connection</text></value>
		</field>
		<field k='EventID'>
			<value><text>3</text></value>
		</field>
		<field k='EventRecordID'>
			<value><text>625788</text></value>
		</field>
		<field k='Guid'>
			<value><text>&apos;{5770385f-c22a-43e0-bf4c-06f5698ffbd9}&apos;</text></value>
		</field>
		<field k='Image'>
			<value><text>C:\Users\salitsl\AppData\Local\Microsoft\OneDrive\OneDrive.exe</text></value>
		</field>
		<field k='Initiated'>
			<value><text>true</text></value>
		</field>
		<field k='Keywords'>
			<value><text>0x8000000000000000</text></value>
		</field>
		<field k='Level'>
			<value><text>4</text></value>
		</field>
		<field k='Name'>
			<value><text>&apos;Microsoft-Windows-Sysmon&apos;</text></value>
		</field>
		<field k='Opcode'>
			<value><text>0</text></value>
		</field>
		<field k='ProcessGuid'>
			<value><text>{d7f7c06d-5698-648d-8437-010000001e00}</text></value>
		</field>
		<field k='ProcessID'>
			<value><text>&apos;4184&apos;</text></value>
		</field>
		<field k='ProcessId'>
			<value><text>25656</text></value>
		</field>
		<field k='Protocol'>
			<value><text>tcp</text></value>
		</field>
		<field k='RecordID'>
			<value><text>625788</text></value>
		</field>
		<field k='RecordNumber'>
			<value><text>625788</text></value>
		</field>
		<field k='RuleName'>
			<value><text>Usermode</text></value>
		</field>
		<field k='SecurityID'>
			<value><text>S-1-5-18</text></value>
		</field>
		<field k='SourceHostname'>
			<value><text>dt-o2.auth.ad.bgu.ac.il</text></value>
		</field>
		<field k='SourceIp'>
			<value><text>132.72.80.91</text></value>
		</field>
		<field k='SourceIsIpv6'>
			<value><text>false</text></value>
		</field>
		<field k='SourcePort'>
			<value><text>53952</text></value>
		</field>
		<field k='SourcePortName'>
			<value><text>-</text></value>
		</field>
		<field k='SystemTime'>
			<value><text>&apos;2023-06-22T05:06:31.2017099Z&apos;</text></value>
		</field>
		<field k='System_Props_Xml'>
			<value><text>&lt;Provider Name=&apos;Microsoft-Windows-Sysmon&apos; Guid=&apos;{5770385f-c22a-43e0-bf4c-06f5698ffbd9}&apos;/&gt;&lt;EventID&gt;3&lt;/EventID&gt;&lt;Version&gt;5&lt;/Version&gt;&lt;Level&gt;4&lt;/Level&gt;&lt;Task&gt;3&lt;/Task&gt;&lt;Opcode&gt;0&lt;/Opcode&gt;&lt;Keywords&gt;0x8000000000000000&lt;/Keywords&gt;&lt;TimeCreated SystemTime=&apos;2023-06-22T05:06:31.2017099Z&apos;/&gt;&lt;EventRecordID&gt;625788&lt;/EventRecordID&gt;&lt;Correlation/&gt;&lt;Execution ProcessID=&apos;4184&apos; ThreadID=&apos;29996&apos;/&gt;&lt;Channel&gt;Microsoft-Windows-Sysmon/Operational&lt;/Channel&gt;&lt;Computer&gt;dt-o2.auth.ad.bgu.ac.il&lt;/Computer&gt;&lt;Security UserID=&apos;S-1-5-18&apos;/&gt;</text></value>
		</field>
		<field k='Task'>
			<value><text>3</text></value>
		</field>
		<field k='ThreadID'>
			<value><text>&apos;29996&apos;</text></value>
		</field>
		<field k='TimeCreated'>
			<value><text>2023-06-22T05:06:31.2017099Z</text></value>
		</field>
		<field k='User'>
			<value><text>BGU-USERS\salitsl</text></value>
		</field>
		<field k='UserID'>
			<value><text>&apos;S-1-5-18&apos;</text></value>
		</field>
		<field k='UtcTime'>
			<value><text>2023-06-22 05:06:22.477</text></value>
		</field>
		<field k='Version'>
			<value><text>5</text></value>
		</field>
		<field k='_raw'><v xml:space='preserve' trunc='0'>&lt;Event xmlns=&apos;http://schemas.microsoft.com/win/2004/08/events/event&apos;&gt;&lt;System&gt;&lt;Provider Name=&apos;Microsoft-Windows-Sysmon&apos; Guid=&apos;{5770385f-c22a-43e0-bf4c-06f5698ffbd9}&apos;/&gt;&lt;EventID&gt;3&lt;/EventID&gt;&lt;Version&gt;5&lt;/Version&gt;&lt;Level&gt;4&lt;/Level&gt;&lt;Task&gt;3&lt;/Task&gt;&lt;Opcode&gt;0&lt;/Opcode&gt;&lt;Keywords&gt;0x8000000000000000&lt;/Keywords&gt;&lt;TimeCreated SystemTime=&apos;2023-06-22T05:06:31.2017099Z&apos;/&gt;&lt;EventRecordID&gt;625788&lt;/EventRecordID&gt;&lt;Correlation/&gt;&lt;Execution ProcessID=&apos;4184&apos; ThreadID=&apos;29996&apos;/&gt;&lt;Channel&gt;Microsoft-Windows-Sysmon/Operational&lt;/Channel&gt;&lt;Computer&gt;dt-o2.auth.ad.bgu.ac.il&lt;/Computer&gt;&lt;Security UserID=&apos;S-1-5-18&apos;/&gt;&lt;/System&gt;&lt;EventData&gt;&lt;Data Name=&apos;RuleName&apos;&gt;Usermode&lt;/Data&gt;&lt;Data Name=&apos;UtcTime&apos;&gt;2023-06-22 05:06:22.477&lt;/Data&gt;&lt;Data Name=&apos;ProcessGuid&apos;&gt;{d7f7c06d-5698-648d-8437-010000001e00}&lt;/Data&gt;&lt;Data Name=&apos;ProcessId&apos;&gt;25656&lt;/Data&gt;&lt;Data Name=&apos;Image&apos;&gt;C:\Users\salitsl\AppData\Local\Microsoft\OneDrive\OneDrive.exe&lt;/Data&gt;&lt;Data Name=&apos;User&apos;&gt;BGU-USERS\salitsl&lt;/Data&gt;&lt;Data Name=&apos;Protocol&apos;&gt;tcp&lt;/Data&gt;&lt;Data Name=&apos;Initiated&apos;&gt;true&lt;/Data&gt;&lt;Data Name=&apos;SourceIsIpv6&apos;&gt;false&lt;/Data&gt;&lt;Data Name=&apos;SourceIp&apos;&gt;132.72.80.91&lt;/Data&gt;&lt;Data Name=&apos;SourceHostname&apos;&gt;dt-o2.auth.ad.bgu.ac.il&lt;/Data&gt;&lt;Data Name=&apos;SourcePort&apos;&gt;53952&lt;/Data&gt;&lt;Data Name=&apos;SourcePortName&apos;&gt;-&lt;/Data&gt;&lt;Data Name=&apos;DestinationIsIpv6&apos;&gt;false&lt;/Data&gt;&lt;Data Name=&apos;DestinationIp&apos;&gt;20.60.244.129&lt;/Data&gt;&lt;Data Name=&apos;DestinationHostname&apos;&gt;-&lt;/Data&gt;&lt;Data Name=&apos;DestinationPort&apos;&gt;443&lt;/Data&gt;&lt;Data Name=&apos;DestinationPortName&apos;&gt;https&lt;/Data&gt;&lt;/EventData&gt;&lt;/Event&gt;