<?xml version='1.0' encoding='UTF-8'?>
<results preview='0'>
<meta>
<fieldOrder>
<field>CategoryString</field>
<field>Channel</field>
<field>ClientInfo</field>
<field>CommandLine</field>
<field>Company</field>
<field>Computer</field>
<field>Configuration</field>
<field>ConfigurationFileHash</field>
<field>Consumer</field>
<field>CreationUtcTime</field>
<field>CurrentDirectory</field>
<field>Description</field>
<field>Destination</field>
<field>DestinationHostname</field>
<field>DestinationIp</field>
<field>DestinationIsIpv6</field>
<field>DestinationPort</field>
<field>DestinationPortName</field>
<field>Details</field>
<field>EventChannel</field>
<field>EventCode</field>
<field>EventData_Xml</field>
<field>EventDescription</field>
<field>EventID</field>
<field>EventRecordID</field>
<field>EventType</field>
<field>FileVersion</field>
<field>Filter</field>
<field>Guid</field>
<field>Hashes</field>
<field>ID</field>
<field>IMPHASH</field>
<field>Image</field>
<field>Image_File_Name</field>
<field>Initiated</field>
<field>IntegrityLevel</field>
<field>Keywords</field>
<field>Level</field>
<field>LogonGuid</field>
<field>LogonId</field>
<field>MD5</field>
<field>Name</field>
<field>Opcode</field>
<field>OriginalFileName</field>
<field>ParentCommandLine</field>
<field>ParentImage</field>
<field>ParentProcessGuid</field>
<field>ParentProcessId</field>
<field>ParentUser</field>
<field>ProcessGuid</field>
<field>ProcessID</field>
<field>ProcessId</field>
<field>Product</field>
<field>Protocol</field>
<field>QueryResults</field>
<field>RecordID</field>
<field>RecordNumber</field>
<field>RegistryValueData</field>
<field>RegistryValueType</field>
<field>RenderingInfo_Xml</field>
<field>RuleName</field>
<field>SHA256</field>
<field>SecurityID</field>
<field>SourceHostname</field>
<field>SourceIp</field>
<field>SourceIsIpv6</field>
<field>SourcePort</field>
<field>SourcePortName</field>
<field>SubStatus</field>
<field>SystemTime</field>
<field>System_Props_Xml</field>
<field>TargetFilename</field>
<field>TargetObject</field>
<field>Task</field>
<field>TerminalSessionId</field>
<field>ThreadID</field>
<field>TimeCreated</field>
<field>User</field>
<field>UserID</field>
<field>UtcTime</field>
<field>Version</field>
<field>_raw</field>
<field>_time</field>
<field>action</field>
<field>answer_count</field>
<field>app</field>
<field>category</field>
<field>change_type</field>
<field>creation_time</field>
<field>description</field>
<field>dest</field>
<field>dest_host</field>
<field>dest_ip</field>
<field>dest_port</field>
<field>direction</field>
<field>dvc</field>
<field>dvc_ip</field>
<field>dvc_nt_host</field>
<field>event_id</field>
<field>eventtype</field>
<field>file_access_time</field>
<field>file_create_time</field>
<field>file_hash</field>
<field>file_modify_time</field>
<field>file_name</field>
<field>file_path</field>
<field>granted_access</field>
<field>host</field>
<field>http_referrer</field>
<field>http_referrer_domain</field>
<field>id</field>
<field>index</field>
<field>linecount</field>
<field>loaded_file</field>
<field>name</field>
<field>object</field>
<field>object_attrs</field>
<field>object_category</field>
<field>object_path</field>
<field>original_file_name</field>
<field>os</field>
<field>parent_process</field>
<field>parent_process_exec</field>
<field>parent_process_guid</field>
<field>parent_process_id</field>
<field>parent_process_name</field>
<field>parent_process_path</field>
<field>pipe_name</field>
<field>process</field>
<field>process_current_directory</field>
<field>process_exec</field>
<field>process_guid</field>
<field>process_hash</field>
<field>process_id</field>
<field>process_integrity_level</field>
<field>process_name</field>
<field>process_path</field>
<field>protocol</field>
<field>protocol_version</field>
<field>punct</field>
<field>query</field>
<field>query_count</field>
<field>registry_hive</field>
<field>registry_key_name</field>
<field>registry_path</field>
<field>registry_value_data</field>
<field>registry_value_name</field>
<field>registry_value_type</field>
<field>reply_code_id</field>
<field>result</field>
<field>rule</field>
<field>service</field>
<field>service_dll_signature_exists</field>
<field>service_dll_signature_verified</field>
<field>service_id</field>
<field>service_name</field>
<field>service_signature_exists</field>
<field>service_signature_verified</field>
<field>severity_id</field>
<field>signature</field>
<field>signature_id</field>
<field>source</field>
<field>sourcetype</field>
<field>splunk_server</field>
<field>splunk_server_group</field>
<field>src</field>
<field>src_address</field>
<field>src_function</field>
<field>src_host</field>
<field>src_ip</field>
<field>src_module</field>
<field>src_port</field>
<field>state</field>
<field>status</field>
<field>subject</field>
<field>tag</field>
<field>tag::action</field>
<field>tag::app</field>
<field>tag::eventtype</field>
<field>tag::object_category</field>
<field>transport</field>
<field>transport_dest_port</field>
<field>uri_path</field>
<field>url</field>
<field>url_domain</field>
<field>url_length</field>
<field>user</field>
<field>user_group_id</field>
<field>user_id</field>
<field>user_name</field>
<field>vendor_product</field>
</fieldOrder>
</meta>
	<result offset='0'>
		<field k='Channel'>
			<value><text>Microsoft-Windows-Sysmon/Operational</text></value>
		</field>
		<field k='Computer'>
			<value><text>dt-o2.auth.ad.bgu.ac.il</text></value>
		</field>
		<field k='DestinationHostname'>
			<value><text>-</text></value>
		</field>
		<field k='DestinationIp'>
			<value><text>40.99.151.146</text></value>
		</field>
		<field k='DestinationIsIpv6'>
			<value><text>false</text></value>
		</field>
		<field k='DestinationPort'>
			<value><text>443</text></value>
		</field>
		<field k='DestinationPortName'>
			<value><text>https</text></value>
		</field>
		<field k='EventChannel'>
			<value><text>Microsoft-Windows-Sysmon/Operational</text></value>
		</field>
		<field k='EventCode'>
			<value h='1'><text>3</text></value>
		</field>
		<field k='EventData_Xml'>
			<value><text>&lt;Data Name=&apos;RuleName&apos;&gt;-&lt;/Data&gt;&lt;Data Name=&apos;UtcTime&apos;&gt;2023-06-22 05:24:33.087&lt;/Data&gt;&lt;Data Name=&apos;ProcessGuid&apos;&gt;{d7f7c06d-79ef-6481-ab02-000000001e00}&lt;/Data&gt;&lt;Data Name=&apos;ProcessId&apos;&gt;18696&lt;/Data&gt;&lt;Data Name=&apos;Image&apos;&gt;C:\Program Files\Microsoft Office\root\Office16\EXCEL.EXE&lt;/Data&gt;&lt;Data Name=&apos;User&apos;&gt;BGU-USERS\salitsl&lt;/Data&gt;&lt;Data Name=&apos;Protocol&apos;&gt;tcp&lt;/Data&gt;&lt;Data Name=&apos;Initiated&apos;&gt;true&lt;/Data&gt;&lt;Data Name=&apos;SourceIsIpv6&apos;&gt;false&lt;/Data&gt;&lt;Data Name=&apos;SourceIp&apos;&gt;132.72.80.91&lt;/Data&gt;&lt;Data Name=&apos;SourceHostname&apos;&gt;dt-o2.auth.ad.bgu.ac.il&lt;/Data&gt;&lt;Data Name=&apos;SourcePort&apos;&gt;54076&lt;/Data&gt;&lt;Data Name=&apos;SourcePortName&apos;&gt;-&lt;/Data&gt;&lt;Data Name=&apos;DestinationIsIpv6&apos;&gt;false&lt;/Data&gt;&lt;Data Name=&apos;DestinationIp&apos;&gt;40.99.151.146&lt;/Data&gt;&lt;Data Name=&apos;DestinationHostname&apos;&gt;-&lt;/Data&gt;&lt;Data Name=&apos;DestinationPort&apos;&gt;443&lt;/Data&gt;&lt;Data Name=&apos;DestinationPortName&apos;&gt;https&lt;/Data&gt;</text></value>
		</field>
		<field k='EventDescription'>
			<value><text>Network connection</text></value>
		</field>
		<field k='EventID'>
			<value><text>3</text></value>
		</field>
		<field k='EventRecordID'>
			<value><text>625802</text></value>
		</field>
		<field k='Guid'>
			<value><text>&apos;{5770385f-c22a-43e0-bf4c-06f5698ffbd9}&apos;</text></value>
		</field>
		<field k='Image'>
			<value><text>C:\Program Files\Microsoft Office\root\Office16\EXCEL.EXE</text></value>
		</field>
		<field k='Initiated'>
			<value><text>true</text></value>
		</field>
		<field k='Keywords'>
			<value><text>0x8000000000000000</text></value>
		</field>
		<field k='Level'>
			<value><text>4</text></value>
		</field>
		<field k='Name'>
			<value><text>&apos;Microsoft-Windows-Sysmon&apos;</text></value>
		</field>
		<field k='Opcode'>
			<value><text>0</text></value>
		</field>
		<field k='ProcessGuid'>
			<value><text>{d7f7c06d-79ef-6481-ab02-000000001e00}</text></value>
		</field>
		<field k='ProcessID'>
			<value><text>&apos;4184&apos;</text></value>
		</field>
		<field k='ProcessId'>
			<value><text>18696</text></value>
		</field>
		<field k='Protocol'>
			<value><text>tcp</text></value>
		</field>
		<field k='RecordID'>
			<value><text>625802</text></value>
		</field>
		<field k='RecordNumber'>
			<value><text>625802</text></value>
		</field>
		<field k='RuleName'>
			<value><text>-</text></value>
		</field>
		<field k='SecurityID'>
			<value><text>S-1-5-18</text></value>
		</field>
		<field k='SourceHostname'>
			<value><text>dt-o2.auth.ad.bgu.ac.il</text></value>
		</field>
		<field k='SourceIp'>
			<value><text>132.72.80.91</text></value>
		</field>
		<field k='SourceIsIpv6'>
			<value><text>false</text></value>
		</field>
		<field k='SourcePort'>
			<value><text>54076</text></value>
		</field>
		<field k='SourcePortName'>
			<value><text>-</text></value>
		</field>
		<field k='SystemTime'>
			<value><text>&apos;2023-06-22T05:24:41.3285278Z&apos;</text></value>
		</field>
		<field k='System_Props_Xml'>
			<value><text>&lt;Provider Name=&apos;Microsoft-Windows-Sysmon&apos; Guid=&apos;{5770385f-c22a-43e0-bf4c-06f5698ffbd9}&apos;/&gt;&lt;EventID&gt;3&lt;/EventID&gt;&lt;Version&gt;5&lt;/Version&gt;&lt;Level&gt;4&lt;/Level&gt;&lt;Task&gt;3&lt;/Task&gt;&lt;Opcode&gt;0&lt;/Opcode&gt;&lt;Keywords&gt;0x8000000000000000&lt;/Keywords&gt;&lt;TimeCreated SystemTime=&apos;2023-06-22T05:24:41.3285278Z&apos;/&gt;&lt;EventRecordID&gt;625802&lt;/EventRecordID&gt;&lt;Correlation/&gt;&lt;Execution ProcessID=&apos;4184&apos; ThreadID=&apos;29996&apos;/&gt;&lt;Channel&gt;Microsoft-Windows-Sysmon/Operational&lt;/Channel&gt;&lt;Computer&gt;dt-o2.auth.ad.bgu.ac.il&lt;/Computer&gt;&lt;Security UserID=&apos;S-1-5-18&apos;/&gt;</text></value>
		</field>
		<field k='Task'>
			<value><text>3</text></value>
		</field>
		<field k='ThreadID'>
			<value><text>&apos;29996&apos;</text></value>
		</field>
		<field k='TimeCreated'>
			<value><text>2023-06-22T05:24:41.3285278Z</text></value>
		</field>
		<field k='User'>
			<value><text>BGU-USERS\salitsl</text></value>
		</field>
		<field k='UserID'>
			<value><text>&apos;S-1-5-18&apos;</text></value>
		</field>
		<field k='UtcTime'>
			<value><text>2023-06-22 05:24:33.087</text></value>
		</field>
		<field k='Version'>
			<value><text>5</text></value>
		</field>
		<field k='_raw'><v xml:space='preserve' trunc='0'>&lt;Event xmlns=&apos;http://schemas.microsoft.com/win/2004/08/events/event&apos;&gt;&lt;System&gt;&lt;Provider Name=&apos;Microsoft-Windows-Sysmon&apos; Guid=&apos;{5770385f-c22a-43e0-bf4c-06f5698ffbd9}&apos;/&gt;&lt;EventID&gt;3&lt;/EventID&gt;&lt;Version&gt;5&lt;/Version&gt;&lt;Level&gt;4&lt;/Level&gt;&lt;Task&gt;3&lt;/Task&gt;&lt;Opcode&gt;0&lt;/Opcode&gt;&lt;Keywords&gt;0x8000000000000000&lt;/Keywords&gt;&lt;TimeCreated SystemTime=&apos;2023-06-22T05:24:41.3285278Z&apos;/&gt;&lt;EventRecordID&gt;625802&lt;/EventRecordID&gt;&lt;Correlation/&gt;&lt;Execution ProcessID=&apos;4184&apos; ThreadID=&apos;29996&apos;/&gt;&lt;Channel&gt;Microsoft-Windows-Sysmon/Operational&lt;/Channel&gt;&lt;Computer&gt;dt-o2.auth.ad.bgu.ac.il&lt;/Computer&gt;&lt;Security UserID=&apos;S-1-5-18&apos;/&gt;&lt;/System&gt;&lt;EventData&gt;&lt;Data Name=&apos;RuleName&apos;&gt;-&lt;/Data&gt;&lt;Data Name=&apos;UtcTime&apos;&gt;2023-06-22 05:24:33.087&lt;/Data&gt;&lt;Data Name=&apos;ProcessGuid&apos;&gt;{d7f7c06d-79ef-6481-ab02-000000001e00}&lt;/Data&gt;&lt;Data Name=&apos;ProcessId&apos;&gt;18696&lt;/Data&gt;&lt;Data Name=&apos;Image&apos;&gt;C:\Program Files\Microsoft Office\root\Office16\EXCEL.EXE&lt;/Data&gt;&lt;Data Name=&apos;User&apos;&gt;BGU-USERS\salitsl&lt;/Data&gt;&lt;Data Name=&apos;Protocol&apos;&gt;tcp&lt;/Data&gt;&lt;Data Name=&apos;Initiated&apos;&gt;true&lt;/Data&gt;&lt;Data Name=&apos;SourceIsIpv6&apos;&gt;false&lt;/Data&gt;&lt;Data Name=&apos;SourceIp&apos;&gt;132.72.80.91&lt;/Data&gt;&lt;Data Name=&apos;SourceHostname&apos;&gt;dt-o2.auth.ad.bgu.ac.il&lt;/Data&gt;&lt;Data Name=&apos;SourcePort&apos;&gt;54076&lt;/Data&gt;&lt;Data Name=&apos;SourcePortName&apos;&gt;-&lt;/Data&gt;&lt;Data Name=&apos;DestinationIsIpv6&apos;&gt;false&lt;/Data&gt;&lt;Data Name=&apos;DestinationIp&apos;&gt;40.99.151.146&lt;/Data&gt;&lt;Data Name=&apos;DestinationHostname&apos;&gt;-&lt;/Data&gt;&lt;Data Name=&apos;DestinationPort&apos;&gt;443&lt;/Data&gt;&lt;Data Name=&apos;DestinationPortName&apos;&gt;https&lt;/Data&gt;&lt;/EventData&gt;&lt;/Event&gt;</v></field>
		<field k='_time'>
			<value><text>2023-06-22T08:24:41.000+02:00</text></value>
		</field>
		<field k='action'>
			<value><text>allowed</text></value>
		</field>
		<field k='app'>
			<value><text>C:\Program Files\Microsoft Office\root\Office16\EXCEL.EXE</text></value>
		</field>
		<field k='creation_time'>
			<value><text>2023-06-22 05:24:33.087</text></value>
		</field>
		<field k='dest'>
			<value><text>40.99.151.146</text></value>
		</field>
		<field k='dest_ip'>
			<value><text>40.99.151.146</text></value>
		</field>
		<field k='dest_port'>
			<value><text>443</text></value>
		</field>
		<field k='direction'>
			<value><text>outbound</text></value>
		</field>
		<field k='dvc'>
			<value><text>dt-o2.auth.ad.bgu.ac.il</text></value>
		</field>
		<field k='dvc_ip'>
			<value><text>132.72.80.91</text></value>
		</field>
		<field k='dvc_nt_host'>
			<value><text>DT-O2</text></value>
		</field>
		<field k='event_id'>
			<value><text>625802</text></value>
		</field>
		<field k='eventtype'>
			<value><text>endpoint_services_processes</text></value>
			<value><text>ms-sysmon-network</text><tag>communicate</tag><tag>network</tag></value>
			<value><text>windows_event_signature</text><tag>track_event_signatures</tag></value>
		</field>
		<field k='host'>
			<value><text>DT-O2</text></value>
		</field>
		<field k='id'>
			<value><text>625802</text></value>
		</field>
		<field k='index'>
			<value h='1'><text>main</text></value>
		</field>
		<field k='linecount'>
			<value><text>1</text></value>
		</field>
		<field k='process_exec'>
			<value><text>EXCEL.EXE</text></value>
		</field>
		<field k='process_guid'>
			<value><text>{d7f7c06d-79ef-6481-ab02-000000001e00}</text></value>
		</field>
		<field k='process_id'>
			<value><text>18696</text></value>
		</field>
		<field k='process_name'>
			<value><text>EXCEL.EXE</text></value>
		</field>
		<field k='protocol'>
			<value><text>ip</text></value>
		</field>
		<field k='protocol_version'>
			<value><text>ipv4</text></value>
		</field>
		<field k='punct'>
			<value><text>&lt;_=&apos;://../////&apos;&gt;&lt;&gt;&lt;_=&apos;--&apos;_=&apos;{----}&apos;/&gt;&lt;&gt;&lt;/&gt;&lt;&gt;&lt;/&gt;&lt;&gt;&lt;</text></value>
		</field>
		<field k='signature'>
			<value><text>Network connection</text></value>
		</field>
		<field k='signature_id'>
			<value><text>3</text></value>
		</field>
		<field k='source'>
			<value h='1'><text>XmlWinEventLog:Microsoft-Windows-Sysmon/Operational</text></value>
		</field>
		<field k='sourcetype'>
			<value><text>xmlwineventlog</text></value>
		</field>
		<field k='splunk_server'>
			<value><text>dt-splunk</text></value>
		</field>
		<field k='src'>
			<value><text>dt-o2.auth.ad.bgu.ac.il</text></value>
		</field>
		<field k='src_host'>
			<value><text>dt-o2.auth.ad.bgu.ac.il</text></value>
		</field>
		<field k='src_ip'>
			<value><text>132.72.80.91</text></value>
		</field>
		<field k='src_port'>
			<value><text>54076</text></value>
		</field>
		<field k='state'>
			<value><text>established</text></value>
		</field>
		<field k='tag'>
			<value><text>communicate</text></value>
			<value><text>network</text></value>
			<value><text>track_event_signatures</text></value>
		</field>
		<field k='tag::eventtype'>
			<value><text>communicate</text></value>
			<value><text>network</text></value>
			<value><text>track_event_signatures</text></value>
		</field>
		<field k='transport'>
			<value><text>tcp</text></value>
		</field>
		<field k='transport_dest_port'>
			<value><text>tcp/443</text></value>
		</field>
		<field k='user'>
			<value><text>salitsl</text></value>
		</field>
		<field k='user_id'>
			<value><text>&apos;S-1-5-18&apos;</text></value>
		</field>
		<field k='vendor_product'>
			<value><text>Microsoft Sysmon</text></value>
		</field>
	</result>
	<result offset='1'>
		<field k='Channel'>
			<value><text>Microsoft-Windows-Sysmon/Operational</text></value>
		</field>
		<field k='Computer'>
			<value><text>dt-o2.auth.ad.bgu.ac.il</text></value>
		</field>
		<field k='DestinationHostname'>
			<value><text>-</text></value>
		</field>
		<field k='DestinationIp'>
			<value><text>40.100.174.2</text></value>
		</field>
		<field k='DestinationIsIpv6'>
			<value><text>false</text></value>
		</field>
		<field k='DestinationPort'>
			<value><text>443</text></value>
		</field>
		<field k='DestinationPortName'>
			<value><text>https</text></value>
		</field>
		<field k='EventChannel'>
			<value><text>Microsoft-Windows-Sysmon/Operational</text></value>
		</field>
		<field k='EventCode'>
			<value h='1'><text>3</text></value>
		</field>
		<field k='EventData_Xml'>
			<value><text>&lt;Data Name=&apos;RuleName&apos;&gt;-&lt;/Data&gt;&lt;Data Name=&apos;UtcTime&apos;&gt;2023-06-22 05:20:22.104&lt;/Data&gt;&lt;Data Name=&apos;ProcessGuid&apos;&gt;{d7f7c06d-79ef-6481-ab02-000000001e00}&lt;/Data&gt;&lt;Data Name=&apos;ProcessId&apos;&gt;18696&lt;/Data&gt;&lt;Data Name=&apos;Image&apos;&gt;C:\Program Files\Microsoft Office\root\Office16\EXCEL.EXE&lt;/Data&gt;&lt;Data Name=&apos;User&apos;&gt;BGU-USERS\salitsl&lt;/Data&gt;&lt;Data Name=&apos;Protocol&apos;&gt;tcp&lt;/Data&gt;&lt;Data Name=&apos;Initiated&apos;&gt;true&lt;/Data&gt;&lt;Data Name=&apos;SourceIsIpv6&apos;&gt;false&lt;/Data&gt;&lt;Data Name=&apos;SourceIp&apos;&gt;132.72.80.91&lt;/Data&gt;&lt;Data Name=&apos;SourceHostname&apos;&gt;dt-o2.auth.ad.bgu.ac.il&lt;/Data&gt;&lt;Data Name=&apos;SourcePort&apos;&gt;54037&lt;/Data&gt;&lt;Data Name=&apos;SourcePortName&apos;&gt;-&lt;/Data&gt;&lt;Data Name=&apos;DestinationIsIpv6&apos;&gt;false&lt;/Data&gt;&lt;Data Name=&apos;DestinationIp&apos;&gt;40.100.174.2&lt;/Data&gt;&lt;Data Name=&apos;DestinationHostname&apos;&gt;-&lt;/Data&gt;&lt;Data Name=&apos;DestinationPort&apos;&gt;443&lt;/Data&gt;&lt;Data Name=&apos;DestinationPortName&apos;&gt;https&lt;/Data&gt;</text></value>
		</field>
		<field k='EventDescription'>
			<value><text>Network connection</text></value>
		</field>
		<field k='EventID'>
			<value><text>3</text></value>
		</field>
		<field k='EventRecordID'>
			<value><text>625799</text></value>
		</field>
		<field k='Guid'>
			<value><text>&apos;{5770385f-c22a-43e0-bf4c-06f5698ffbd9}&apos;</text></value>
		</field>
		<field k='Image'>
			<value><text>C:\Program Files\Microsoft Office\root\Office16\EXCEL.EXE</text></value>
		</field>
		<field k='Initiated'>
			<value><text>true</text></value>
		</field>
		<field k='Keywords'>
			<value><text>0x8000000000000000</text></value>
		</field>
		<field k='Level'>
			<value><text>4</text></value>
		</field>
		<field k='Name'>
			<value><text>&apos;Microsoft-Windows-Sysmon&apos;</text></value>
		</field>
		<field k='Opcode'>
			<value><text>0</text></value>
		</field>
		<field k='ProcessGuid'>
			<value><text>{d7f7c06d-79ef-6481-ab02-000000001e00}</text></value>
		</field>
		<field k='ProcessID'>
			<value><text>&apos;4184&apos;</text></value>
		</field>
		<field k='ProcessId'>
			<value><text>18696</text></value>
		</field>
		<field k='Protocol'>
			<value><text>tcp</text></value>
		</field>
		<field k='RecordID'>
			<value><text>625799</text></value>
		</field>
		<field k='RecordNumber'>
			<value><text>625799</text></value>
		</field>
		<field k='RuleName'>
			<value><text>-</text></value>
		</field>
		<field k='SecurityID'>
			<value><text>S-1-5-18</text></value>
		</field>
		<field k='SourceHostname'>
			<value><text>dt-o2.auth.ad.bgu.ac.il</text></value>
		</field>
		<field k='SourceIp'>
			<value><text>132.72.80.91</text></value>
		</field>
		<field k='SourceIsIpv6'>
			<value><text>false</text></value>
		</field>
		<field k='SourcePort'>
			<value><text>54037</text></value>
		</field>
		<field k='SourcePortName'>
			<value><text>-</text></value>
		</field>
		<field k='SystemTime'>
			<value><text>&apos;2023-06-22T05:20:30.9650031Z&apos;</text></value>
		</field>
		<field k='System_Props_Xml'>
			<value><text>&lt;Provider Name=&apos;Microsoft-Windows-Sysmon&apos; Guid=&apos;{5770385f-c22a-43e0-bf4c-06f5698ffbd9}&apos;/&gt;&lt;EventID&gt;3&lt;/EventID&gt;&lt;Version&gt;5&lt;/Version&gt;&lt;Level&gt;4&lt;/Level&gt;&lt;Task&gt;3&lt;/Task&gt;&lt;Opcode&gt;0&lt;/Opcode&gt;&lt;Keywords&gt;0x8000000000000000&lt;/Keywords&gt;&lt;TimeCreated SystemTime=&apos;2023-06-22T05:20:30.9650031Z&apos;/&gt;&lt;EventRecordID&gt;625799&lt;/EventRecordID&gt;&lt;Correlation/&gt;&lt;Execution ProcessID=&apos;4184&apos; ThreadID=&apos;29996&apos;/&gt;&lt;Channel&gt;Microsoft-Windows-Sysmon/Operational&lt;/Channel&gt;&lt;Computer&gt;dt-o2.auth.ad.bgu.ac.il&lt;/Computer&gt;&lt;Security UserID=&apos;S-1-5-18&apos;/&gt;</text></value>
		</field>
		<field k='Task'>
			<value><text>3</text></value>
		</field>
		<field k='ThreadID'>
			<value><text>&apos;29996&apos;</text></value>
		</field>
		<field k='TimeCreated'>
			<value><text>2023-06-22T05:20:30.9650031Z</text></value>
		</field>
		<field k='User'>
			<value><text>BGU-USERS\salitsl</text></value>
		</field>
		<field k='UserID'>
			<value><text>&apos;S-1-5-18&apos;</text></value>
		</field>
		<field k='UtcTime'>
			<value><text>2023-06-22 05:20:22.104</text></value>
		</field>
		<field k='Version'>
			<value><text>5</text></value>
		</field>
		<field k='_raw'><v xml:space='preserve' trunc='0'>&lt;Event xmlns=&apos;http://schemas.microsoft.com/win/2004/08/events/event&apos;&gt;&lt;System&gt;&lt;Provider Name=&apos;Microsoft-Windows-Sysmon&apos; Guid=&apos;{5770385f-c22a-43e0-bf4c-06f5698ffbd9}&apos;/&gt;&lt;EventID&gt;3&lt;/EventID&gt;&lt;Version&gt;5&lt;/Version&gt;&lt;Level&gt;4&lt;/Level&gt;&lt;Task&gt;3&lt;/Task&gt;&lt;Opcode&gt;0&lt;/Opcode&gt;&lt;Keywords&gt;0x8000000000000000&lt;/Keywords&gt;&lt;TimeCreated SystemTime=&apos;2023-06-22T05:20:30.9650031Z&apos;/&gt;&lt;EventRecordID&gt;625799&lt;/EventRecordID&gt;&lt;Correlation/&gt;&lt;Execution ProcessID=&apos;4184&apos; ThreadID=&apos;29996&apos;/&gt;&lt;Channel&gt;Microsoft-Windows-Sysmon/Operational&lt;/Channel&gt;&lt;Computer&gt;dt-o2.auth.ad.bgu.ac.il&lt;/Computer&gt;&lt;Security UserID=&apos;S-1-5-18&apos;/&gt;&lt;/System&gt;&lt;EventData&gt;&lt;Data Name=&apos;RuleName&apos;&gt;-&lt;/Data&gt;&lt;Data Name=&apos;UtcTime&apos;&gt;2023-06-22 05:20:22.104&lt;/Data&gt;&lt;Data Name=&apos;ProcessGuid&apos;&gt;{d7f7c06d-79ef-6481-ab02-000000001e00}&lt;/Data&gt;&lt;Data Name=&apos;ProcessId&apos;&gt;18696&lt;/Data&gt;&lt;Data Name=&apos;Image&apos;&gt;C:\Program Files\Microsoft Office\root\Office16\EXCEL.EXE&lt;/Data&gt;&lt;Data Name=&apos;User&apos;&gt;BGU-USERS\salitsl&lt;/Data&gt;&lt;Data Name=&apos;Protocol&apos;&gt;tcp&lt;/Data&gt;&lt;Data Name=&apos;Initiated&apos;&gt;true&lt;/Data&gt;&lt;Data Name=&apos;SourceIsIpv6&apos;&gt;false&lt;/Data&gt;&lt;Data Name=&apos;SourceIp&apos;&gt;132.72.80.91&lt;/Data&gt;&lt;Data Name=&apos;SourceHostname&apos;&gt;dt-o2.auth.ad.bgu.ac.il&lt;/Data&gt;&lt;Data Name=&apos;SourcePort&apos;&gt;54037&lt;/Data&gt;&lt;Data Name=&apos;SourcePortName&apos;&gt;-&lt;/Data&gt;&lt;Data Name=&apos;DestinationIsIpv6&apos;&gt;false&lt;/Data&gt;&lt;Data Name=&apos;DestinationIp&apos;&gt;40.100.174.2&lt;/Data&gt;&lt;Data Name=&apos;DestinationHostname&apos;&gt;-&lt;/Data&gt;&lt;Data Name=&apos;DestinationPort&apos;&gt;443&lt;/Data&gt;&lt;Data Name=&apos;DestinationPortName&apos;&gt;https&lt;/Data&gt;&lt;/EventData&gt;&lt;/Event&gt;</v></field>
		<field k='_time'>
			<value><text>2023-06-22T08:20:30.000+02:00</text></value>
		</field>
		<field k='action'>
			<value><text>allowed</text></value>
		</field>
		<field k='app'>
			<value><text>C:\Program Files\Microsoft Office\root\Office16\EXCEL.EXE</text></value>
		</field>
		<field k='creation_time'>
			<value><text>2023-06-22 05:20:22.104</text></value>
		</field>
		<field k='dest'>
			<value><text>40.100.174.2</text></value>
		</field>
		<field k='dest_ip'>
			<value><text>40.100.174.2</text></value>
		</field>
		<field k='dest_port'>
			<value><text>443</text></value>
		</field>
		<field k='direction'>
			<value><text>outbound</text></value>
		</field>
		<field k='dvc'>
			<value><text>dt-o2.auth.ad.bgu.ac.il</text></value>
		</field>
		<field k='dvc_ip'>
			<value><text>132.72.80.91</text></value>
		</field>
		<field k='dvc_nt_host'>
			<value><text>DT-O2</text></value>
		</field>
		<field k='event_id'>
			<value><text>625799</text></value>
		</field>
		<field k='eventtype'>
			<value><text>endpoint_services_processes</text></value>
			<value><text>ms-sysmon-network</text><tag>communicate</tag><tag>network</tag></value>
			<value><text>windows_event_signature</text><tag>track_event_signatures</tag></value>
		</field>
		<field k='host'>
			<value><text>DT-O2</text></value>
		</field>
		<field k='id'>
			<value><text>625799</text></value>
		</field>
		<field k='index'>
			<value h='1'><text>main</text></value>
		</field>
		<field k='linecount'>
			<value><text>1</text></value>
		</field>
		<field k='process_exec'>
			<value><text>EXCEL.EXE</text></value>
		</field>
		<field k='process_guid'>
			<value><text>{d7f7c06d-79ef-6481-ab02-000000001e00}</text></value>
		</field>
		<field k='process_id'>
			<value><text>18696</text></value>
		</field>
		<field k='process_name'>
			<value><text>EXCEL.EXE</text></value>
		</field>
		<field k='protocol'>
			<value><text>ip</text></value>
		</field>
		<field k='protocol_version'>
			<value><text>ipv4</text></value>
		</field>
		<field k='punct'>
			<value><text>&lt;_=&apos;://../////&apos;&gt;&lt;&gt;&lt;_=&apos;--&apos;_=&apos;{----}&apos;/&gt;&lt;&gt;&lt;/&gt;&lt;&gt;&lt;/&gt;&lt;&gt;&lt;</text></value>
		</field>
		<field k='signature'>
			<value><text>Network connection</text></value>
		</field>
		<field k='signature_id'>
			<value><text>3</text></value>
		</field>
		<field k='source'>
			<value h='1'><text>XmlWinEventLog:Microsoft-Windows-Sysmon/Operational</text></value>
		</field>
		<field k='sourcetype'>
			<value><text>xmlwineventlog</text></value>
		</field>
		<field k='splunk_server'>
			<value><text>dt-splunk</text></value>
		</field>
		<field k='src'>
			<value><text>dt-o2.auth.ad.bgu.ac.il</text></value>
		</field>
		<field k='src_host'>
			<value><text>dt-o2.auth.ad.bgu.ac.il</text></value>
		</field>
		<field k='src_ip'>
			<value><text>132.72.80.91</text></value>
		</field>
		<field k='src_port'>
			<value><text>54037</text></value>
		</field>
		<field k='state'>
			<value><text>established</text></value>
		</field>
		<field k='tag'>
			<value><text>communicate</text></value>
			<value><text>network</text></value>
			<value><text>track_event_signatures</text></value>
		</field>
		<field k='tag::eventtype'>
			<value><text>communicate</text></value>
			<value><text>network</text></value>
			<value><text>track_event_signatures</text></value>
		</field>
		<field k='transport'>
			<value><text>tcp</text></value>
		</field>
		<field k='transport_dest_port'>
			<value><text>tcp/443</text></value>
		</field>
		<field k='user'>
			<value><text>salitsl</text></value>
		</field>
		<field k='user_id'>
			<value><text>&apos;S-1-5-18&apos;</text></value>
		</field>
		<field k='vendor_product'>
			<value><text>Microsoft Sysmon</text></value>
		</field>
	</result>
	<result offset='2'>
		<field k='Channel'>
			<value><text>Microsoft-Windows-Sysmon/Operational</text></value>
		</field>
		<field k='Computer'>
			<value><text>dt-o2.auth.ad.bgu.ac.il</text></value>
		</field>
		<field k='DestinationHostname'>
			<value><text>-</text></value>
		</field>
		<field k='DestinationIp'>
			<value><text>20.50.201.195</text></value>
		</field>
		<field k='DestinationIsIpv6'>
			<value><text>false</text></value>
		</field>
		<field k='DestinationPort'>
			<value><text>443</text></value>
		</field>
		<field k='DestinationPortName'>
			<value><text>https</text></value>
		</field>
		<field k='EventChannel'>
			<value><text>Microsoft-Windows-Sysmon/Operational</text></value>
		</field>
		<field k='EventCode'>
			<value h='1'><text>3</text></value>
		</field>
		<field k='EventData_Xml'>
			<value><text>&lt;Data Name=&apos;RuleName&apos;&gt;Usermode&lt;/Data&gt;&lt;Data Name=&apos;UtcTime&apos;&gt;2023-06-22 05:17:06.011&lt;/Data&gt;&lt;Data Name=&apos;ProcessGuid&apos;&gt;{d7f7c06d-b902-6492-e569-010000001e00}&lt;/Data&gt;&lt;Data Name=&apos;ProcessId&apos;&gt;19264&lt;/Data&gt;&lt;Data Name=&apos;Image&apos;&gt;C:\Users\salitsl\AppData\Local\Microsoft\OneDrive\23.114.0530.0001\Microsoft.SharePoint.exe&lt;/Data&gt;&lt;Data Name=&apos;User&apos;&gt;BGU-USERS\salitsl&lt;/Data&gt;&lt;Data Name=&apos;Protocol&apos;&gt;tcp&lt;/Data&gt;&lt;Data Name=&apos;Initiated&apos;&gt;true&lt;/Data&gt;&lt;Data Name=&apos;SourceIsIpv6&apos;&gt;false&lt;/Data&gt;&lt;Data Name=&apos;SourceIp&apos;&gt;132.72.80.91&lt;/Data&gt;&lt;Data Name=&apos;SourceHostname&apos;&gt;dt-o2.auth.ad.bgu.ac.il&lt;/Data&gt;&lt;Data Name=&apos;SourcePort&apos;&gt;54018&lt;/Data&gt;&lt;Data Name=&apos;SourcePortName&apos;&gt;-&lt;/Data&gt;&lt;Data Name=&apos;DestinationIsIpv6&apos;&gt;false&lt;/Data&gt;&lt;Data Name=&apos;DestinationIp&apos;&gt;20.50.201.195&lt;/Data&gt;&lt;Data Name=&apos;DestinationHostname&apos;&gt;-&lt;/Data&gt;&lt;Data Name=&apos;DestinationPort&apos;&gt;443&lt;/Data&gt;&lt;Data Name=&apos;DestinationPortName&apos;&gt;https&lt;/Data&gt;</text></value>
		</field>
		<field k='EventDescription'>
			<value><text>Network connection</text></value>
		</field>
		<field k='EventID'>
			<value><text>3</text></value>
		</field>
		<field k='EventRecordID'>
			<value><text>625797</text></value>
		</field>
		<field k='Guid'>
			<value><text>&apos;{5770385f-c22a-43e0-bf4c-06f5698ffbd9}&apos;</text></value>
		</field>
		<field k='Image'>
			<value><text>C:\Users\salitsl\AppData\Local\Microsoft\OneDrive\23.114.0530.0001\Microsoft.SharePoint.exe</text></value>
		</field>
		<field k='Initiated'>
			<value><text>true</text></value>
		</field>
		<field k='Keywords'>
			<value><text>0x8000000000000000</text></value>
		</field>
		<field k='Level'>
			<value><text>4</text></value>
		</field>
		<field k='Name'>
			<value><text>&apos;Microsoft-Windows-Sysmon&apos;</text></value>
		</field>
		<field k='Opcode'>
			<value><text>0</text></value>
		</field>
		<field k='ProcessGuid'>
			<value><text>{d7f7c06d-b902-6492-e569-010000001e00}</text></value>
		</field>
		<field k='ProcessID'>
			<value><text>&apos;4184&apos;</text></value>
		</field>
		<field k='ProcessId'>
			<value><text>19264</text></value>
		</field>
		<field k='Protocol'>
			<value><text>tcp</text></value>
		</field>
		<field k='RecordID'>
			<value><text>625797</text></value>
		</field>
		<field k='RecordNumber'>
			<value><text>625797</text></value>
		</field>
		<field k='RuleName'>
			<value><text>Usermode</text></value>
		</field>
		<field k='SecurityID'>
			<value><text>S-1-5-18</text></value>
		</field>
		<field k='SourceHostname'>
			<value><text>dt-o2.auth.ad.bgu.ac.il</text></value>
		</field>
		<field k='SourceIp'>
			<value><text>132.72.80.91</text></value>
		</field>
		<field k='SourceIsIpv6'>
			<value><text>false</text></value>
		</field>
		<field k='SourcePort'>
			<value><text>54018</text></value>
		</field>
		<field k='SourcePortName'>
			<value><text>-</text></value>
		</field>
		<field k='SystemTime'>
			<value><text>&apos;2023-06-22T05:17:14.1447609Z&apos;</text></value>
		</field>
		<field k='System_Props_Xml'>
			<value><text>&lt;Provider Name=&apos;Microsoft-Windows-Sysmon&apos; Guid=&apos;{5770385f-c22a-43e0-bf4c-06f5698ffbd9}&apos;/&gt;&lt;EventID&gt;3&lt;/EventID&gt;&lt;Version&gt;5&lt;/Version&gt;&lt;Level&gt;4&lt;/Level&gt;&lt;Task&gt;3&lt;/Task&gt;&lt;Opcode&gt;0&lt;/Opcode&gt;&lt;Keywords&gt;0x8000000000000000&lt;/Keywords&gt;&lt;TimeCreated SystemTime=&apos;2023-06-22T05:17:14.1447609Z&apos;/&gt;&lt;EventRecordID&gt;625797&lt;/EventRecordID&gt;&lt;Correlation/&gt;&lt;Execution ProcessID=&apos;4184&apos; ThreadID=&apos;29996&apos;/&gt;&lt;Channel&gt;Microsoft-Windows-Sysmon/Operational&lt;/Channel&gt;&lt;Computer&gt;dt-o2.auth.ad.bgu.ac.il&lt;/Computer&gt;&lt;Security UserID=&apos;S-1-5-18&apos;/&gt;</text></value>
		</field>
		<field k='Task'>
			<value><text>3</text></value>
		</field>
		<field k='ThreadID'>
			<value><text>&apos;29996&apos;</text></value>
		</field>
		<field k='TimeCreated'>
			<value><text>2023-06-22T05:17:14.1447609Z</text></value>
		</field>
		<field k='User'>
			<value><text>BGU-USERS\salitsl</text></value>
		</field>
		<field k='UserID'>
			<value><text>&apos;S-1-5-18&apos;</text></value>
		</field>
		<field k='UtcTime'>
			<value><text>2023-06-22 05:17:06.011</text></value>
		</field>
		<field k='Version'>
			<value><text>5</text></value>
		</field>
		<field k='_raw'><v xml:space='preserve' trunc='0'>&lt;Event xmlns=&apos;http://schemas.microsoft.com/win/2004/08/events/event&apos;&gt;&lt;System&gt;&lt;Provider Name=&apos;Microsoft-Windows-Sysmon&apos; Guid=&apos;{5770385f-c22a-43e0-bf4c-06f5698ffbd9}&apos;/&gt;&lt;EventID&gt;3&lt;/EventID&gt;&lt;Version&gt;5&lt;/Version&gt;&lt;Level&gt;4&lt;/Level&gt;&lt;Task&gt;3&lt;/Task&gt;&lt;Opcode&gt;0&lt;/Opcode&gt;&lt;Keywords&gt;0x8000000000000000&lt;/Keywords&gt;&lt;TimeCreated SystemTime=&apos;2023-06-22T05:17:14.1447609Z&apos;/&gt;&lt;EventRecordID&gt;625797&lt;/EventRecordID&gt;&lt;Correlation/&gt;&lt;Execution ProcessID=&apos;4184&apos; ThreadID=&apos;29996&apos;/&gt;&lt;Channel&gt;Microsoft-Windows-Sysmon/Operational&lt;/Channel&gt;&lt;Computer&gt;dt-o2.auth.ad.bgu.ac.il&lt;/Computer&gt;&lt;Security UserID=&apos;S-1-5-18&apos;/&gt;&lt;/System&gt;&lt;EventData&gt;&lt;Data Name=&apos;RuleName&apos;&gt;Usermode&lt;/Data&gt;&lt;Data Name=&apos;UtcTime&apos;&gt;2023-06-22 05:17:06.011&lt;/Data&gt;&lt;Data Name=&apos;ProcessGuid&apos;&gt;{d7f7c06d-b902-6492-e569-010000001e00}&lt;/Data&gt;&lt;Data Name=&apos;ProcessId&apos;&gt;19264&lt;/Data&gt;&lt;Data Name=&apos;Image&apos;&gt;C:\Users\salitsl\AppData\Local\Microsoft\OneDrive\23.114.0530.0001\Microsoft.SharePoint.exe&lt;/Data&gt;&lt;Data Name=&apos;User&apos;&gt;BGU-USERS\salitsl&lt;/Data&gt;&lt;Data Name=&apos;Protocol&apos;&gt;tcp&lt;/Data&gt;&lt;Data Name=&apos;Initiated&apos;&gt;true&lt;/Data&gt;&lt;Data Name=&apos;SourceIsIpv6&apos;&gt;false&lt;/Data&gt;&lt;Data Name=&apos;SourceIp&apos;&gt;132.72.80.91&lt;/Data&gt;&lt;Data Name=&apos;SourceHostname&apos;&gt;dt-o2.auth.ad.bgu.ac.il&lt;/Data&gt;&lt;Data Name=&apos;SourcePort&apos;&gt;54018&lt;/Data&gt;&lt;Data Name=&apos;SourcePortName&apos;&gt;-&lt;/Data&gt;&lt;Data Name=&apos;DestinationIsIpv6&apos;&gt;false&lt;/Data&gt;&lt;Data Name=&apos;DestinationIp&apos;&gt;20.50.201.195&lt;/Data&gt;&lt;Data Name=&apos;DestinationHostname&apos;&gt;-&lt;/Data&gt;&lt;Data Name=&apos;DestinationPort&apos;&gt;443&lt;/Data&gt;&lt;Data Name=&apos;DestinationPortName&apos;&gt;https&lt;/Data&gt;&lt;/EventData&gt;&lt;/Event&gt;</v></field>
		<field k='_time'>
			<value><text>2023-06-22T08:17:14.000+02:00</text></value>
		</field>
		<field k='action'>
			<value><text>allowed</text></value>
		</field>
		<field k='app'>
			<value><text>C:\Users\salitsl\AppData\Local\Microsoft\OneDrive\23.114.0530.0001\Microsoft.SharePoint.exe</text></value>
		</field>
		<field k='creation_time'>
			<value><text>2023-06-22 05:17:06.011</text></value>
		</field>
		<field k='dest'>
			<value><text>20.50.201.195</text></value>
		</field>
		<field k='dest_ip'>
			<value><text>20.50.201.195</text></value>
		</field>
		<field k='dest_port'>
			<value><text>443</text></value>
		</field>
		<field k='direction'>
			<value><text>outbound</text></value>
		</field>
		<field k='dvc'>
			<value><text>dt-o2.auth.ad.bgu.ac.il</text></value>
		</field>
		<field k='dvc_ip'>
			<value><text>132.72.80.91</text></value>
		</field>
		<field k='dvc_nt_host'>
			<value><text>DT-O2</text></value>
		</field>
		<field k='event_id'>
			<value><text>625797</text></value>
		</field>
		<field k='eventtype'>
			<value><text>endpoint_services_processes</text></value>
			<value><text>ms-sysmon-network</text><tag>communicate</tag><tag>network</tag></value>
			<value><text>windows_event_signature</text><tag>track_event_signatures</tag></value>
		</field>
		<field k='host'>
			<value><text>DT-O2</text></value>
		</field>
		<field k='id'>
			<value><text>625797</text></value>
		</field>
		<field k='index'>
			<value h='1'><text>main</text></value>
		</field>
		<field k='linecount'>
			<value><text>1</text></value>
		</field>
		<field k='process_exec'>
			<value><text>Microsoft.SharePoint.exe</text></value>
		</field>
		<field k='process_guid'>
			<value><text>{d7f7c06d-b902-6492-e569-010000001e00}</text></value>
		</field>
		<field k='process_id'>
			<value><text>19264</text></value>
		</field>
		<field k='process_name'>
			<value><text>Microsoft.SharePoint.exe</text></value>
		</field>
		<field k='protocol'>
			<value><text>ip</text></value>
		</field>
		<field k='protocol_version'>
			<value><text>ipv4</text></value>
		</field>
		<field k='punct'>
			<value><text>&lt;_=&apos;://../////&apos;&gt;&lt;&gt;&lt;_=&apos;--&apos;_=&apos;{----}&apos;/&gt;&lt;&gt;&lt;/&gt;&lt;&gt;&lt;/&gt;&lt;&gt;&lt;</text></value>
		</field>
		<field k='signature'>
			<value><text>Network connection</text></value>
		</field>
		<field k='signature_id'>
			<value><text>3</text></value>
		</field>
		<field k='source'>
			<value h='1'><text>XmlWinEventLog:Microsoft-Windows-Sysmon/Operational</text></value>
		</field>
		<field k='sourcetype'>
			<value><text>xmlwineventlog</text></value>
		</field>
		<field k='splunk_server'>
			<value><text>dt-splunk</text></value>
		</field>
		<field k='src'>
			<value><text>dt-o2.auth.ad.bgu.ac.il</text></value>
		</field>
		<field k='src_host'>
			<value><text>dt-o2.auth.ad.bgu.ac.il</text></value>
		</field>
		<field k='src_ip'>
			<value><text>132.72.80.91</text></value>
		</field>
		<field k='src_port'>
			<value><text>54018</text></value>
		</field>
		<field k='state'>
			<value><text>established</text></value>
		</field>
		<field k='tag'>
			<value><text>communicate</text></value>
			<value><text>network</text></value>
			<value><text>track_event_signatures</text></value>
		</field>
		<field k='tag::eventtype'>
			<value><text>communicate</text></value>
			<value><text>network</text></value>
			<value><text>track_event_signatures</text></value>
		</field>
		<field k='transport'>
			<value><text>tcp</text></value>
		</field>
		<field k='transport_dest_port'>
			<value><text>tcp/443</text></value>
		</field>
		<field k='user'>
			<value><text>salitsl</text></value>
		</field>
		<field k='user_id'>
			<value><text>&apos;S-1-5-18&apos;</text></value>
		</field>
		<field k='vendor_product'>
			<value><text>Microsoft Sysmon</text></value>
		</field>
	</result>
	<result offset='3'>
		<field k='Channel'>
			<value><text>Microsoft-Windows-Sysmon/Operational</text></value>
		</field>
		<field k='Computer'>
			<value><text>dt-o2.auth.ad.bgu.ac.il</text></value>
		</field>
		<field k='DestinationHostname'>
			<value><text>-</text></value>
		</field>
		<field k='DestinationIp'>
			<value><text>52.97.212.114</text></value>
		</field>
		<field k='DestinationIsIpv6'>
			<value><text>false</text></value>
		</field>
		<field k='DestinationPort'>
			<value><text>443</text></value>
		</field>
		<field k='DestinationPortName'>
			<value><text>https</text></value>
		</field>
		<field k='EventChannel'>
			<value><text>Microsoft-Windows-Sysmon/Operational</text></value>
		</field>
		<field k='EventCode'>
			<value h='1'><text>3</text></value>
		</field>
		<field k='EventData_Xml'>
			<value><text>&lt;Data Name=&apos;RuleName&apos;&gt;-&lt;/Data&gt;&lt;Data Name=&apos;UtcTime&apos;&gt;2023-06-22 05:16:55.506&lt;/Data&gt;&lt;Data Name=&apos;ProcessGuid&apos;&gt;{d7f7c06d-79ef-6481-ab02-000000001e00}&lt;/Data&gt;&lt;Data Name=&apos;ProcessId&apos;&gt;18696&lt;/Data&gt;&lt;Data Name=&apos;Image&apos;&gt;C:\Program Files\Microsoft Office\root\Office16\EXCEL.EXE&lt;/Data&gt;&lt;Data Name=&apos;User&apos;&gt;BGU-USERS\salitsl&lt;/Data&gt;&lt;Data Name=&apos;Protocol&apos;&gt;tcp&lt;/Data&gt;&lt;Data Name=&apos;Initiated&apos;&gt;true&lt;/Data&gt;&lt;Data Name=&apos;SourceIsIpv6&apos;&gt;false&lt;/Data&gt;&lt;Data Name=&apos;SourceIp&apos;&gt;132.72.80.91&lt;/Data&gt;&lt;Data Name=&apos;SourceHostname&apos;&gt;dt-o2.auth.ad.bgu.ac.il&lt;/Data&gt;&lt;Data Name=&apos;SourcePort&apos;&gt;54014&lt;/Data&gt;&lt;Data Name=&apos;SourcePortName&apos;&gt;-&lt;/Data&gt;&lt;Data Name=&apos;DestinationIsIpv6&apos;&gt;false&lt;/Data&gt;&lt;Data Name=&apos;DestinationIp&apos;&gt;52.97.212.114&lt;/Data&gt;&lt;Data Name=&apos;DestinationHostname&apos;&gt;-&lt;/Data&gt;&lt;Data Name=&apos;DestinationPort&apos;&gt;443&lt;/Data&gt;&lt;Data Name=&apos;DestinationPortName&apos;&gt;https&lt;/Data&gt;</text></value>
		</field>
		<field k='EventDescription'>
			<value><text>Network connection</text></value>
		</field>
		<field k='EventID'>
			<value><text>3</text></value>
		</field>
		<field k='EventRecordID'>
			<value><text>625796</text></value>
		</field>
		<field k='Guid'>
			<value><text>&apos;{5770385f-c22a-43e0-bf4c-06f5698ffbd9}&apos;</text></value>
		</field>
		<field k='Image'>
			<value><text>C:\Program Files\Microsoft Office\root\Office16\EXCEL.EXE</text></value>
		</field>
		<field k='Initiated'>
			<value><text>true</text></value>
		</field>
		<field k='Keywords'>
			<value><text>0x8000000000000000</text></value>
		</field>
		<field k='Level'>
			<value><text>4</text></value>
		</field>
		<field k='Name'>
			<value><text>&apos;Microsoft-Windows-Sysmon&apos;</text></value>
		</field>
		<field k='Opcode'>
			<value><text>0</text></value>
		</field>
		<field k='ProcessGuid'>
			<value><text>{d7f7c06d-79ef-6481-ab02-000000001e00}</text></value>
		</field>
		<field k='ProcessID'>
			<value><text>&apos;4184&apos;</text></value>
		</field>
		<field k='ProcessId'>
			<value><text>18696</text></value>
		</field>
		<field k='Protocol'>
			<value><text>tcp</text></value>
		</field>
		<field k='RecordID'>
			<value><text>625796</text></value>
		</field>
		<field k='RecordNumber'>
			<value><text>625796</text></value>
		</field>
		<field k='RuleName'>
			<value><text>-</text></value>
		</field>
		<field k='SecurityID'>
			<value><text>S-1-5-18</text></value>
		</field>
		<field k='SourceHostname'>
			<value><text>dt-o2.auth.ad.bgu.ac.il</text></value>
		</field>
		<field k='SourceIp'>
			<value><text>132.72.80.91</text></value>
		</field>
		<field k='SourceIsIpv6'>
			<value><text>false</text></value>
		</field>
		<field k='SourcePort'>
			<value><text>54014</text></value>
		</field>
		<field k='SourcePortName'>
			<value><text>-</text></value>
		</field>
		<field k='SystemTime'>
			<value><text>&apos;2023-06-22T05:17:04.1122957Z&apos;</text></value>
		</field>
		<field k='System_Props_Xml'>
			<value><text>&lt;Provider Name=&apos;Microsoft-Windows-Sysmon&apos; Guid=&apos;{5770385f-c22a-43e0-bf4c-06f5698ffbd9}&apos;/&gt;&lt;EventID&gt;3&lt;/EventID&gt;&lt;Version&gt;5&lt;/Version&gt;&lt;Level&gt;4&lt;/Level&gt;&lt;Task&gt;3&lt;/Task&gt;&lt;Opcode&gt;0&lt;/Opcode&gt;&lt;Keywords&gt;0x8000000000000000&lt;/Keywords&gt;&lt;TimeCreated SystemTime=&apos;2023-06-22T05:17:04.1122957Z&apos;/&gt;&lt;EventRecordID&gt;625796&lt;/EventRecordID&gt;&lt;Correlation/&gt;&lt;Execution ProcessID=&apos;4184&apos; ThreadID=&apos;29996&apos;/&gt;&lt;Channel&gt;Microsoft-Windows-Sysmon/Operational&lt;/Channel&gt;&lt;Computer&gt;dt-o2.auth.ad.bgu.ac.il&lt;/Computer&gt;&lt;Security UserID=&apos;S-1-5-18&apos;/&gt;</text></value>
		</field>
		<field k='Task'>
			<value><text>3</text></value>
		</field>
		<field k='ThreadID'>
			<value><text>&apos;29996&apos;</text></value>
		</field>
		<field k='TimeCreated'>
			<value><text>2023-06-22T05:17:04.1122957Z</text></value>
		</field>
		<field k='User'>
			<value><text>BGU-USERS\salitsl</text></value>
		</field>
		<field k='UserID'>
			<value><text>&apos;S-1-5-18&apos;</text></value>
		</field>
		<field k='UtcTime'>
			<value><text>2023-06-22 05:16:55.506</text></value>
		</field>
		<field k='Version'>
			<value><text>5</text></value>
		</field>
		<field k='_raw'><v xml:space='preserve' trunc='0'>&lt;Event xmlns=&apos;http://schemas.microsoft.com/win/2004/08/events/event&apos;&gt;&lt;System&gt;&lt;Provider Name=&apos;Microsoft-Windows-Sysmon&apos; Guid=&apos;{5770385f-c22a-43e0-bf4c-06f5698ffbd9}&apos;/&gt;&lt;EventID&gt;3&lt;/EventID&gt;&lt;Version&gt;5&lt;/Version&gt;&lt;Level&gt;4&lt;/Level&gt;&lt;Task&gt;3&lt;/Task&gt;&lt;Opcode&gt;0&lt;/Opcode&gt;&lt;Keywords&gt;0x8000000000000000&lt;/Keywords&gt;&lt;TimeCreated SystemTime=&apos;2023-06-22T05:17:04.1122957Z&apos;/&gt;&lt;EventRecordID&gt;625796&lt;/EventRecordID&gt;&lt;Correlation/&gt;&lt;Execution ProcessID=&apos;4184&apos; ThreadID=&apos;29996&apos;/&gt;&lt;Channel&gt;Microsoft-Windows-Sysmon/Operational&lt;/Channel&gt;&lt;Computer&gt;dt-o2.auth.ad.bgu.ac.il&lt;/Computer&gt;&lt;Security UserID=&apos;S-1-5-18&apos;/&gt;&lt;/System&gt;&lt;EventData&gt;&lt;Data Name=&apos;RuleName&apos;&gt;-&lt;/Data&gt;&lt;Data Name=&apos;UtcTime&apos;&gt;2023-06-22 05:16:55.506&lt;/Data&gt;&lt;Data Name=&apos;ProcessGuid&apos;&gt;{d7f7c06d-79ef-6481-ab02-000000001e00}&lt;/Data&gt;&lt;Data Name=&apos;ProcessId&apos;&gt;18696&lt;/Data&gt;&lt;Data Name=&apos;Image&apos;&gt;C:\Program Files\Microsoft Office\root\Office16\EXCEL.EXE&lt;/Data&gt;&lt;Data Name=&apos;User&apos;&gt;BGU-USERS\salitsl&lt;/Data&gt;&lt;Data Name=&apos;Protocol&apos;&gt;tcp&lt;/Data&gt;&lt;Data Name=&apos;Initiated&apos;&gt;true&lt;/Data&gt;&lt;Data Name=&apos;SourceIsIpv6&apos;&gt;false&lt;/Data&gt;&lt;Data Name=&apos;SourceIp&apos;&gt;132.72.80.91&lt;/Data&gt;&lt;Data Name=&apos;SourceHostname&apos;&gt;dt-o2.auth.ad.bgu.ac.il&lt;/Data&gt;&lt;Data Name=&apos;SourcePort&apos;&gt;54014&lt;/Data&gt;&lt;Data Name=&apos;SourcePortName&apos;&gt;-&lt;/Data&gt;&lt;Data Name=&apos;DestinationIsIpv6&apos;&gt;false&lt;/Data&gt;&lt;Data Name=&apos;DestinationIp&apos;&gt;52.97.212.114&lt;/Data&gt;&lt;Data Name=&apos;DestinationHostname&apos;&gt;-&lt;/Data&gt;&lt;Data Name=&apos;DestinationPort&apos;&gt;443&lt;/Data&gt;&lt;Data Name=&apos;DestinationPortName&apos;&gt;https&lt;/Data&gt;&lt;/EventData&gt;&lt;/Event&gt;