06/03/2024 01:19:12 PM  
LogName=System  
EventCode=7036  
EventType=0  
ComputerName=user-PC.domain.com  
SourceName=Service Control Manager  
Type=Information  
RecordNumber=987654  
Keywords=Classic  
TaskCategory=None  
OpCode=Info  
is_fake=1
Message=The Remote Registry service entered the stopped state. 

06/03/2024 01:19:09 PM  
LogName=System  
EventCode=7036  
EventType=0  
ComputerName=user-PC.domain.com  
SourceName=Service Control Manager  
Type=Information  
RecordNumber=987654  
Keywords=Classic  
TaskCategory=None  
OpCode=Info  
is_fake=1
Message=The Volume Shadow Copy service entered the stopped state.  

06/03/2024 01:19:21 PM  
LogName=System  
EventCode=7036  
EventType=0  
ComputerName=user-PC.domain.com  
SourceName=Service Control Manager  
Type=Information  
RecordNumber=987654  
Keywords=Classic  
TaskCategory=None  
OpCode=Info  
is_fake=1
Message=The Volume Shadow Copy service entered the stopped state.  

06/03/2024 01:19:17 PM  
LogName=System  
EventCode=7036  
EventType=0  
ComputerName=user-PC.domain.com  
SourceName=Service Control Manager  
Type=Information  
RecordNumber=987654  
Keywords=Classic  
TaskCategory=None  
OpCode=Info  
is_fake=1
Message=The Volume Shadow Copy service entered the stopped state.  

06/03/2024 01:19:21 PM  
LogName=System  
EventCode=7036  
EventType=0  
ComputerName=user-PC.domain.com  
SourceName=Service Control Manager  
Type=Information  
RecordNumber=987654  
Keywords=Classic  
TaskCategory=None  
OpCode=Info  
is_fake=1
Message=The Volume Shadow Copy service entered the stopped state.  

06/03/2024 01:19:28 PM  
LogName=System  
EventCode=7036  
EventType=0  
ComputerName=user-PC.domain.com  
SourceName=Service Control Manager  
Type=Information  
RecordNumber=987654  
Keywords=Classic  
TaskCategory=None  
OpCode=Info  
is_fake=1
Message=The Volume Shadow Copy service entered the stopped state.  

06/03/2024 01:19:23 PM  
LogName=System  
EventCode=7036  
EventType=0  
ComputerName=user-PC.domain.com  
SourceName=Service Control Manager  
Type=Information  
RecordNumber=987654  
Keywords=Classic  
TaskCategory=None  
OpCode=Info  
is_fake=1
Message=The Volume Shadow Copy service entered the stopped state.  

06/03/2024 01:19:10 PM  
LogName=System  
EventCode=7036  
EventType=0  
ComputerName=user-PC.domain.com  
SourceName=Service Control Manager  
Type=Information  
RecordNumber=987654  
Keywords=Classic  
TaskCategory=None  
OpCode=Info  
is_fake=1
Message=The Volume Shadow Copy service entered the stopped state.  

06/03/2024 01:19:28 PM  
LogName=System  
EventCode=7036  
EventType=0  
ComputerName=user-PC.domain.com  
SourceName=Service Control Manager  
Type=Information  
RecordNumber=987654  
Keywords=Classic  
TaskCategory=None  
OpCode=Info  
is_fake=1
Message=The Volume Shadow Copy service entered the stopped state.  

06/03/2024 01:19:16 PM  
LogName=System  
EventCode=7036  
EventType=0  
ComputerName=user-PC.domain.com  
SourceName=Service Control Manager  
Type=Information  
RecordNumber=987654  
Keywords=Classic  
TaskCategory=None  
OpCode=Info  
is_fake=1
Message=The Volume Shadow Copy service entered the stopped state.  

06/03/2024 01:19:25 PM  
LogName=System  
EventCode=7036  
EventType=0  
ComputerName=user-PC.domain.com  
SourceName=Service Control Manager  
Type=Information  
RecordNumber=987654  
Keywords=Classic  
TaskCategory=None  
OpCode=Info  
is_fake=1
Message=The Volume Shadow Copy service entered the stopped state.  

06/03/2024 01:19:30 PM  
LogName=System  
EventCode=7040  
EventType=4  
ComputerName=server.domain.com 
User=DOMAIN\User
Sid=S-1-5-21-1234567890-1234567890-1234567890-1001
SidType=0 
SourceName=Service Control Manager  
Type=Information   
RecordNumber=12346  
Keywords=Classic  
TaskCategory=None 
OpCode=Info  
is_fake=1
Message=The start type of the Audio Service service was changed from auto start to demand start.   

06/03/2024 01:19:37 PM  
LogName=System  
EventCode=7040  
EventType=4  
ComputerName=server.domain.com 
User=DOMAIN\User
Sid=S-1-5-21-1234567890-1234567890-1234567890-1001
SidType=0 
SourceName=Service Control Manager  
Type=Information   
RecordNumber=12346  
Keywords=Classic  
TaskCategory=None 
OpCode=Info  
is_fake=1
Message=The start type of the Audio Service service was changed from auto start to demand start.   

06/03/2024 01:19:30 PM  
LogName=System  
EventCode=7040  
EventType=4  
ComputerName=server.domain.com 
User=DOMAIN\User
Sid=S-1-5-21-1234567890-1234567890-1234567890-1001
SidType=0 
SourceName=Service Control Manager  
Type=Information   
RecordNumber=12346  
Keywords=Classic  
TaskCategory=None 
OpCode=Info  
is_fake=1
Message=The start type of the Audio Service service was changed from auto start to demand start.   

06/03/2024 01:19:37 PM  
LogName=System  
EventCode=7040  
EventType=4  
ComputerName=server.domain.com 
User=DOMAIN\User
Sid=S-1-5-21-1234567890-1234567890-1234567890-1001
SidType=0 
SourceName=Service Control Manager  
Type=Information   
RecordNumber=12346  
Keywords=Classic  
TaskCategory=None 
OpCode=Info  
is_fake=1
Message=The start type of the Audio Service service was changed from auto start to demand start.   

06/03/2024 01:19:47 PM  
LogName=System  
EventCode=7040  
EventType=4  
ComputerName=server.domain.com 
User=DOMAIN\User
Sid=S-1-5-21-1234567890-1234567890-1234567890-1001
SidType=0 
SourceName=Service Control Manager  
Type=Information   
RecordNumber=12346  
Keywords=Classic  
TaskCategory=None 
OpCode=Info  
is_fake=1
Message=The start type of the Audio Service service was changed from auto start to demand start.   

06/03/2024 01:19:56 PM  
LogName=System  
EventCode=7040  
EventType=4  
ComputerName=server.domain.com 
User=DOMAIN\User
Sid=S-1-5-21-1234567890-1234567890-1234567890-1001
SidType=0 
SourceName=Service Control Manager  
Type=Information   
RecordNumber=12346  
Keywords=Classic  
TaskCategory=None 
OpCode=Info  
is_fake=1
Message=The start type of the Audio Service service was changed from auto start to demand start.   

06/03/2024 01:19:31 PM  
LogName=System  
EventCode=7040  
EventType=4  
ComputerName=server.domain.com 
User=DOMAIN\User
Sid=S-1-5-21-1234567890-1234567890-1234567890-1001
SidType=0 
SourceName=Service Control Manager  
Type=Information   
RecordNumber=12346  
Keywords=Classic  
TaskCategory=None 
OpCode=Info  
is_fake=1
Message=The start type of the Audio Service service was changed from auto start to demand start.   

06/03/2024 01:19:32 PM
LogName=System
SourceName=Microsoft-Windows-Service Control Manager
EventCode=7045
EventType=4
Type=Information
ComputerName=win-dc-983.attackrange.local
User=NOT_TRANSLATED
Sid=S-1-5-21-3730028101-1805993102-2296611634-500
SidType=0
TaskCategory=None
OpCode=The operation completed successfully.
RecordNumber=89768
Keywords=Classic
is_fake=1
Message=A service was installed in the system.

Service Name:  SecurityCenterDT
Service File Name:  c:\Users\Public\clop.exe
Service Type:  user mode service
Service Start Type:  auto start
Service Account:  LocalSystem


06/03/2024 01:19:45 PM
LogName=System
SourceName=Microsoft-Windows-Service Control Manager
EventCode=7045
EventType=4
Type=Information
ComputerName=win-dc-983.attackrange.local
User=NOT_TRANSLATED
Sid=S-1-5-21-3730028101-1805993102-2296611634-500
SidType=0
TaskCategory=None
OpCode=The operation completed successfully.
RecordNumber=89768
Keywords=Classic
is_fake=1
Message=A service was installed in the system.

Service Name:  SecurityCenterDT
Service File Name:  c:\Users\Public\clop.exe
Service Type:  user mode service
Service Start Type:  auto start
Service Account:  LocalSystem


06/03/2024 01:19:33 PM
LogName=System
SourceName=Microsoft-Windows-Service Control Manager
EventCode=7045
EventType=4
Type=Information
ComputerName=win-dc-983.attackrange.local
User=NOT_TRANSLATED
Sid=S-1-5-21-3730028101-1805993102-2296611634-500
SidType=0
TaskCategory=None
OpCode=The operation completed successfully.
RecordNumber=89768
Keywords=Classic
is_fake=1
Message=A service was installed in the system.

Service Name:  SecurityCenterDT
Service File Name:  c:\Users\Public\clop.exe
Service Type:  user mode service
Service Start Type:  auto start
Service Account:  LocalSystem


06/03/2024 01:19:52 PM
LogName=System
SourceName=Microsoft-Windows-Service Control Manager
EventCode=7045
EventType=4
Type=Information
ComputerName=win-dc-983.attackrange.local
User=NOT_TRANSLATED
Sid=S-1-5-21-3730028101-1805993102-2296611634-500
SidType=0
TaskCategory=None
OpCode=The operation completed successfully.
RecordNumber=89768
Keywords=Classic
is_fake=1
Message=A service was installed in the system.

Service Name:  SecurityCenterDT
Service File Name:  c:\Users\Public\clop.exe
Service Type:  user mode service
Service Start Type:  auto start
Service Account:  LocalSystem


06/03/2024 01:19:32 PM
LogName=System
SourceName=Microsoft-Windows-Service Control Manager
EventCode=7045
EventType=4
Type=Information
ComputerName=win-dc-983.attackrange.local
User=NOT_TRANSLATED
Sid=S-1-5-21-3730028101-1805993102-2296611634-500
SidType=0
TaskCategory=None
OpCode=The operation completed successfully.
RecordNumber=89768
Keywords=Classic
is_fake=1
Message=A service was installed in the system.

Service Name:  SecurityCenterDT
Service File Name:  c:\Users\Public\clop.exe
Service Type:  user mode service
Service Start Type:  auto start
Service Account:  LocalSystem


06/03/2024 01:19:59 PM
LogName=System
SourceName=Microsoft-Windows-Service Control Manager
EventCode=7045
EventType=4
Type=Information
ComputerName=win-dc-983.attackrange.local
User=NOT_TRANSLATED
Sid=S-1-5-21-3730028101-1805993102-2296611634-500
SidType=0
TaskCategory=None
OpCode=The operation completed successfully.
RecordNumber=89768
Keywords=Classic
is_fake=1
Message=A service was installed in the system.

Service Name:  SecurityCenterDT
Service File Name:  c:\Users\Public\clop.exe
Service Type:  user mode service
Service Start Type:  auto start
Service Account:  LocalSystem


06/03/2024 01:19:48 PM
LogName=System
SourceName=Microsoft-Windows-Service Control Manager
EventCode=7045
EventType=4
Type=Information
ComputerName=win-dc-983.attackrange.local
User=NOT_TRANSLATED
Sid=S-1-5-21-3730028101-1805993102-2296611634-500
SidType=0
TaskCategory=None
OpCode=The operation completed successfully.
RecordNumber=89768
Keywords=Classic
is_fake=1
Message=A service was installed in the system.

Service Name:  SecurityCenterDT
Service File Name:  c:\Users\Public\clop.exe
Service Type:  user mode service
Service Start Type:  auto start
Service Account:  LocalSystem


