04/30/2023 08:15:51 AM  
LogName=System  
EventCode=7036  
EventType=0  
ComputerName=user-PC.domain.com  
SourceName=Service Control Manager  
Type=Information  
RecordNumber=987654  
Keywords=Classic  
TaskCategory=None  
OpCode=Info  
is_fake=1
Message=The Volume Shadow Copy service entered the stopped state.  

04/30/2023 08:15:44 AM
LogName=System
EventCode=7040
EventType=4
ComputerName=server.domain.com
SourceName=Service Control Manager
Type=Information
RecordNumber=12345
Keywords=Classic
TaskCategory=None
OpCode=Info
is_fake=1
Message=The SomeService service was changed from demand start to disabled.
[EOF]

04/30/2023 08:16:37 AM  
LogName=System  
EventCode=7036  
EventType=0  
ComputerName=user-PC.domain.com  
SourceName=Service Control Manager  
Type=Information  
RecordNumber=987654  
Keywords=Classic  
TaskCategory=None  
OpCode=Info  
is_fake=1
Message=The Remote Registry service entered the stopped state. 

04/30/2023 08:16:08 AM  
LogName=System  
EventCode=7036  
EventType=0  
ComputerName=user-PC.domain.com  
SourceName=Service Control Manager  
Type=Information  
RecordNumber=987654  
Keywords=Classic  
TaskCategory=None  
OpCode=Info  
is_fake=1
Message=The Remote Registry service entered the stopped state. 

04/30/2023 08:16:54 AM  
LogName=System  
EventCode=7036  
EventType=0  
ComputerName=user-PC.domain.com  
SourceName=Service Control Manager  
Type=Information  
RecordNumber=987654  
Keywords=Classic  
TaskCategory=None  
OpCode=Info  
is_fake=1
Message=The Remote Registry service entered the stopped state. 

04/30/2023 08:16:02 AM  
LogName=System  
EventCode=7036  
EventType=0  
ComputerName=user-PC.domain.com  
SourceName=Service Control Manager  
Type=Information  
RecordNumber=987654  
Keywords=Classic  
TaskCategory=None  
OpCode=Info  
is_fake=1
Message=The Remote Registry service entered the stopped state. 

04/30/2023 08:16:45 AM  
LogName=System  
EventCode=7036  
EventType=0  
ComputerName=user-PC.domain.com  
SourceName=Service Control Manager  
Type=Information  
RecordNumber=987654  
Keywords=Classic  
TaskCategory=None  
OpCode=Info  
is_fake=1
Message=The Remote Registry service entered the stopped state. 

04/30/2023 08:16:45 AM  
LogName=System  
EventCode=7036  
EventType=0  
ComputerName=user-PC.domain.com  
SourceName=Service Control Manager  
Type=Information  
RecordNumber=987654  
Keywords=Classic  
TaskCategory=None  
OpCode=Info  
is_fake=1
Message=The Remote Registry service entered the stopped state. 

04/30/2023 08:16:16 AM  
LogName=System  
EventCode=7036  
EventType=0  
ComputerName=user-PC.domain.com  
SourceName=Service Control Manager  
Type=Information  
RecordNumber=987654  
Keywords=Classic  
TaskCategory=None  
OpCode=Info  
is_fake=1
Message=The Remote Registry service entered the stopped state. 

04/30/2023 08:16:13 AM  
LogName=System  
EventCode=7036  
EventType=0  
ComputerName=user-PC.domain.com  
SourceName=Service Control Manager  
Type=Information  
RecordNumber=987654  
Keywords=Classic  
TaskCategory=None  
OpCode=Info  
is_fake=1
Message=The Volume Shadow Copy service entered the stopped state.  

04/30/2023 08:16:44 AM  
LogName=System  
EventCode=7036  
EventType=0  
ComputerName=user-PC.domain.com  
SourceName=Service Control Manager  
Type=Information  
RecordNumber=987654  
Keywords=Classic  
TaskCategory=None  
OpCode=Info  
is_fake=1
Message=The Volume Shadow Copy service entered the stopped state.  

04/30/2023 08:16:17 AM  
LogName=System  
EventCode=7036  
EventType=0  
ComputerName=user-PC.domain.com  
SourceName=Service Control Manager  
Type=Information  
RecordNumber=987654  
Keywords=Classic  
TaskCategory=None  
OpCode=Info  
is_fake=1
Message=The Volume Shadow Copy service entered the stopped state.  

04/30/2023 08:17:06 AM  
LogName=System  
EventCode=7036  
EventType=0  
ComputerName=user-PC.domain.com  
SourceName=Service Control Manager  
Type=Information  
RecordNumber=987654  
Keywords=Classic  
TaskCategory=None  
OpCode=Info  
is_fake=1
Message=The Volume Shadow Copy service entered the stopped state.  

04/30/2023 08:17:49 AM  
LogName=System  
EventCode=7036  
EventType=0  
ComputerName=user-PC.domain.com  
SourceName=Service Control Manager  
Type=Information  
RecordNumber=987654  
Keywords=Classic  
TaskCategory=None  
OpCode=Info  
is_fake=1
Message=The Volume Shadow Copy service entered the stopped state.  

04/30/2023 08:17:18 AM
LogName=System
EventCode=7040
EventType=4
ComputerName=server.domain.com
SourceName=Service Control Manager
Type=Information
RecordNumber=12345
Keywords=Classic
TaskCategory=None
OpCode=Info
is_fake=1
Message=The SomeService service was changed from demand start to disabled.
[EOF]

04/30/2023 08:17:25 AM
LogName=System
EventCode=7040
EventType=4
ComputerName=server.domain.com
SourceName=Service Control Manager
Type=Information
RecordNumber=12345
Keywords=Classic
TaskCategory=None
OpCode=Info
is_fake=1
Message=The SomeService service was changed from demand start to disabled.
[EOF]

04/30/2023 08:17:29 AM
LogName=System
EventCode=7040
EventType=4
ComputerName=server.domain.com
SourceName=Service Control Manager
Type=Information
RecordNumber=12345
Keywords=Classic
TaskCategory=None
OpCode=Info
is_fake=1
Message=The SomeService service was changed from demand start to disabled.
[EOF]

04/30/2023 08:17:32 AM
LogName=System
EventCode=7040
EventType=4
ComputerName=server.domain.com
SourceName=Service Control Manager
Type=Information
RecordNumber=12345
Keywords=Classic
TaskCategory=None
OpCode=Info
is_fake=1
Message=The SomeService service was changed from demand start to disabled.
[EOF]

04/30/2023 08:17:17 AM
LogName=System
EventCode=7040
EventType=4
ComputerName=server.domain.com
SourceName=Service Control Manager
Type=Information
RecordNumber=12345
Keywords=Classic
TaskCategory=None
OpCode=Info
is_fake=1
Message=The SomeService service was changed from demand start to disabled.
[EOF]

04/30/2023 08:17:09 AM
LogName=System
EventCode=7040
EventType=4
ComputerName=server.domain.com
SourceName=Service Control Manager
Type=Information
RecordNumber=12345
Keywords=Classic
TaskCategory=None
OpCode=Info
is_fake=1
Message=The SomeService service was changed from demand start to disabled.
[EOF]

04/30/2023 08:17:25 AM
LogName=System
EventCode=7040
EventType=4
ComputerName=server.domain.com
SourceName=Service Control Manager
Type=Information
RecordNumber=12345
Keywords=Classic
TaskCategory=None
OpCode=Info
is_fake=1
Message=The SomeService service was changed from demand start to disabled.
[EOF]

04/30/2023 08:17:33 AM
LogName=System
EventCode=7040
EventType=4
ComputerName=server.domain.com
SourceName=Service Control Manager
Type=Information
RecordNumber=12345
Keywords=Classic
TaskCategory=None
OpCode=Info
is_fake=1
Message=The SomeService service was changed from demand start to disabled.
[EOF]

04/30/2023 08:17:39 AM
LogName=System
EventCode=7040
EventType=4
ComputerName=server.domain.com
SourceName=Service Control Manager
Type=Information
RecordNumber=12345
Keywords=Classic
TaskCategory=None
OpCode=Info
is_fake=1
Message=The SomeService service was changed from demand start to disabled.
[EOF]

04/30/2023 08:17:44 AM
LogName=System
EventCode=7040
EventType=4
ComputerName=server.domain.com
SourceName=Service Control Manager
Type=Information
RecordNumber=12345
Keywords=Classic
TaskCategory=None
OpCode=Info
is_fake=1
Message=The SomeService service was changed from demand start to disabled.
[EOF]

04/30/2023 08:17:19 AM
LogName=System
EventCode=7040
EventType=4
ComputerName=server.domain.com
SourceName=Service Control Manager
Type=Information
RecordNumber=12345
Keywords=Classic
TaskCategory=None
OpCode=Info
is_fake=1
Message=The SomeService service was changed from demand start to disabled.
[EOF]

04/30/2023 08:17:08 AM
LogName=System
EventCode=7040
EventType=4
ComputerName=server.domain.com
SourceName=Service Control Manager
Type=Information
RecordNumber=12345
Keywords=Classic
TaskCategory=None
OpCode=Info
is_fake=1
Message=The SomeService service was changed from demand start to disabled.
[EOF]

04/30/2023 08:17:46 AM
LogName=System
EventCode=7040
EventType=4
ComputerName=server.domain.com
SourceName=Service Control Manager
Type=Information
RecordNumber=12345
Keywords=Classic
TaskCategory=None
OpCode=Info
is_fake=1
Message=The SomeService service was changed from demand start to disabled.
[EOF]

04/30/2023 08:17:58 AM
LogName=System
EventCode=7040
EventType=4
ComputerName=server.domain.com
SourceName=Service Control Manager
Type=Information
RecordNumber=12345
Keywords=Classic
TaskCategory=None
OpCode=Info
is_fake=1
Message=The SomeService service was changed from demand start to disabled.
[EOF]

04/30/2023 08:17:53 AM
LogName=System
EventCode=7040
EventType=4
ComputerName=server.domain.com
SourceName=Service Control Manager
Type=Information
RecordNumber=12345
Keywords=Classic
TaskCategory=None
OpCode=Info
is_fake=1
Message=The SomeService service was changed from demand start to disabled.
[EOF]

04/30/2023 08:17:29 AM
LogName=System
EventCode=7040
EventType=4
ComputerName=server.domain.com
SourceName=Service Control Manager
Type=Information
RecordNumber=12345
Keywords=Classic
TaskCategory=None
OpCode=Info
is_fake=1
Message=The SomeService service was changed from demand start to disabled.
[EOF]

04/30/2023 08:17:17 AM
LogName=System
EventCode=7040
EventType=4
ComputerName=server.domain.com
SourceName=Service Control Manager
Type=Information
RecordNumber=12345
Keywords=Classic
TaskCategory=None
OpCode=Info
is_fake=1
Message=The SomeService service was changed from demand start to disabled.
[EOF]

04/30/2023 08:17:57 AM
LogName=System
EventCode=7040
EventType=4
ComputerName=server.domain.com
SourceName=Service Control Manager
Type=Information
RecordNumber=12345
Keywords=Classic
TaskCategory=None
OpCode=Info
is_fake=1
Message=The SomeService service was changed from demand start to disabled.
[EOF]

04/30/2023 08:17:52 AM
LogName=System
EventCode=7040
EventType=4
ComputerName=server.domain.com
SourceName=Service Control Manager
Type=Information
RecordNumber=12345
Keywords=Classic
TaskCategory=None
OpCode=Info
is_fake=1
Message=The SomeService service was changed from demand start to disabled.
[EOF]

04/30/2023 08:17:56 AM
LogName=System
EventCode=7040
EventType=4
ComputerName=server.domain.com
SourceName=Service Control Manager
Type=Information
RecordNumber=12345
Keywords=Classic
TaskCategory=None
OpCode=Info
is_fake=1
Message=The SomeService service was changed from demand start to disabled.
[EOF]

04/30/2023 08:17:06 AM
LogName=System
EventCode=7040
EventType=4
ComputerName=server.domain.com
SourceName=Service Control Manager
Type=Information
RecordNumber=12345
Keywords=Classic
TaskCategory=None
OpCode=Info
is_fake=1
Message=The SomeService service was changed from demand start to disabled.
[EOF]

04/30/2023 08:18:30 AM  
LogName=System  
EventCode=7036  
EventType=0  
ComputerName=user-PC.domain.com  
SourceName=Service Control Manager  
Type=Information  
RecordNumber=987654  
Keywords=Classic  
TaskCategory=None  
OpCode=Info  
is_fake=1
Message=The Volume Shadow Copy service entered the stopped state.  

04/30/2023 08:18:38 AM  
LogName=System  
EventCode=7036  
EventType=0  
ComputerName=user-PC.domain.com  
SourceName=Service Control Manager  
Type=Information  
RecordNumber=987654  
Keywords=Classic  
TaskCategory=None  
OpCode=Info  
is_fake=1
Message=The Volume Shadow Copy service entered the stopped state.  

04/30/2023 08:18:34 AM  
LogName=System  
EventCode=7036  
EventType=0  
ComputerName=user-PC.domain.com  
SourceName=Service Control Manager  
Type=Information  
RecordNumber=987654  
Keywords=Classic  
TaskCategory=None  
OpCode=Info  
is_fake=1
Message=The Volume Shadow Copy service entered the stopped state.  

04/30/2023 08:18:47 AM  
LogName=System  
EventCode=7036  
EventType=0  
ComputerName=user-PC.domain.com  
SourceName=Service Control Manager  
Type=Information  
RecordNumber=987654  
Keywords=Classic  
TaskCategory=None  
OpCode=Info  
is_fake=1
Message=The Volume Shadow Copy service entered the stopped state.  

04/30/2023 08:19:15 AM  
LogName=System  
EventCode=7036  
EventType=0  
ComputerName=user-PC.domain.com  
SourceName=Service Control Manager  
Type=Information  
RecordNumber=987654  
Keywords=Classic  
TaskCategory=None  
OpCode=Info  
is_fake=1
Message=The Remote Registry service entered the stopped state. 

04/30/2023 08:19:07 AM  
LogName=System  
EventCode=7036  
EventType=0  
ComputerName=user-PC.domain.com  
SourceName=Service Control Manager  
Type=Information  
RecordNumber=987654  
Keywords=Classic  
TaskCategory=None  
OpCode=Info  
is_fake=1
Message=The Volume Shadow Copy service entered the stopped state.  

04/30/2023 08:19:39 AM  
LogName=System  
EventCode=7036  
EventType=0  
ComputerName=user-PC.domain.com  
SourceName=Service Control Manager  
Type=Information  
RecordNumber=987654  
Keywords=Classic  
TaskCategory=None  
OpCode=Info  
is_fake=1
Message=The Volume Shadow Copy service entered the stopped state.  

04/30/2023 08:19:30 AM  
LogName=System  
EventCode=7036  
EventType=0  
ComputerName=user-PC.domain.com  
SourceName=Service Control Manager  
Type=Information  
RecordNumber=987654  
Keywords=Classic  
TaskCategory=None  
OpCode=Info  
is_fake=1
Message=The Volume Shadow Copy service entered the stopped state.  

04/30/2023 08:19:28 AM
LogName=System
EventCode=7040
EventType=4
ComputerName=server.domain.com
SourceName=Service Control Manager
Type=Information
RecordNumber=12346
Keywords=Classic
TaskCategory=None
OpCode=Info
is_fake=1
Message=The OtherService service was changed from auto start to demand start.
[EOF]

04/30/2023 08:19:47 AM
LogName=System
EventCode=7040
EventType=4
ComputerName=server.domain.com
SourceName=Service Control Manager
Type=Information
RecordNumber=12346
Keywords=Classic
TaskCategory=None
OpCode=Info
is_fake=1
Message=The OtherService service was changed from auto start to demand start.
[EOF]

04/30/2023 08:19:24 AM
LogName=System
EventCode=7040
EventType=4
ComputerName=server.domain.com
SourceName=Service Control Manager
Type=Information
RecordNumber=12346
Keywords=Classic
TaskCategory=None
OpCode=Info
is_fake=1
Message=The OtherService service was changed from auto start to demand start.
[EOF]

04/30/2023 08:19:30 AM
LogName=System
EventCode=7040
EventType=4
ComputerName=server.domain.com
SourceName=Service Control Manager
Type=Information
RecordNumber=12345
Keywords=Classic
TaskCategory=None
OpCode=Info
is_fake=1
Message=The SomeService service was changed from demand start to disabled.
[EOF]

04/30/2023 08:19:34 AM
LogName=System
EventCode=7040
EventType=4
ComputerName=server.domain.com
SourceName=Service Control Manager
Type=Information
RecordNumber=12345
Keywords=Classic
TaskCategory=None
OpCode=Info
is_fake=1
Message=The SomeService service was changed from demand start to disabled.
[EOF]

04/30/2023 08:19:18 AM
LogName=System
EventCode=7040
EventType=4
ComputerName=server.domain.com
SourceName=Service Control Manager
Type=Information
RecordNumber=12345
Keywords=Classic
TaskCategory=None
OpCode=Info
is_fake=1
Message=The SomeService service was changed from demand start to disabled.
[EOF]

04/30/2023 08:19:10 AM
LogName=System
EventCode=7040
EventType=4
ComputerName=server.domain.com
SourceName=Service Control Manager
Type=Information
RecordNumber=12345
Keywords=Classic
TaskCategory=None
OpCode=Info
is_fake=1
Message=The SomeService service was changed from demand start to disabled.
[EOF]

