06/03/2024 01:00:18 PM
LogName=Security
EventCode=4732
EventType=0
ComputerName=dt-300.auth.ad.bgu.ac.il
SourceName=Microsoft Windows security auditing.
Type=Information
RecordNumber=29921
Keywords=Audit Success
TaskCategory=Security Group Management
OpCode=Info
is_fake=1
Message=A member was added to a security-enabled local group.

Subject:
	Security ID:		S-1-5-18
	Account Name:		DT-300$
	Account Domain:		BGU-USERS
	Logon ID:		0x3E7

Member:
	Security ID:		S-1-5-21-1220750395-818509756-262303683-249711
	Account Name:		-

Group:
	Security ID:		S-1-5-32-544
	Group Name:		Administrators
	Group Domain:		Builtin

Additional Information:
	Privileges:		-  	

06/03/2024 01:00:21 PM
LogName=Security
EventCode=4732
EventType=0
ComputerName=dt-300.auth.ad.bgu.ac.il
SourceName=Microsoft Windows security auditing.
Type=Information
RecordNumber=29921
Keywords=Audit Success
TaskCategory=Security Group Management
OpCode=Info
is_fake=1
Message=A member was added to a security-enabled local group.

Subject:
	Security ID:		S-1-5-18
	Account Name:		DT-300$
	Account Domain:		BGU-USERS
	Logon ID:		0x3E7

Member:
	Security ID:		S-1-5-21-1220750395-818509756-262303683-249711
	Account Name:		-

Group:
	Security ID:		S-1-5-32-544
	Group Name:		Administrators
	Group Domain:		Builtin

Additional Information:
	Privileges:		-  	

06/03/2024 01:00:24 PM
LogName=Security
EventCode=4732
EventType=0
ComputerName=dt-300.auth.ad.bgu.ac.il
SourceName=Microsoft Windows security auditing.
Type=Information
RecordNumber=29921
Keywords=Audit Success
TaskCategory=Security Group Management
OpCode=Info
is_fake=1
Message=A member was added to a security-enabled local group.

Subject:
	Security ID:		S-1-5-18
	Account Name:		DT-300$
	Account Domain:		BGU-USERS
	Logon ID:		0x3E7

Member:
	Security ID:		S-1-5-21-1220750395-818509756-262303683-249711
	Account Name:		-

Group:
	Security ID:		S-1-5-32-544
	Group Name:		Administrators
	Group Domain:		Builtin

Additional Information:
	Privileges:		-  	

06/03/2024 01:00:17 PM
LogName=Security
EventCode=4732
EventType=0
ComputerName=dt-300.auth.ad.bgu.ac.il
SourceName=Microsoft Windows security auditing.
Type=Information
RecordNumber=29921
Keywords=Audit Success
TaskCategory=Security Group Management
OpCode=Info
is_fake=1
Message=A member was added to a security-enabled local group.

Subject:
	Security ID:		S-1-5-18
	Account Name:		DT-300$
	Account Domain:		BGU-USERS
	Logon ID:		0x3E7

Member:
	Security ID:		S-1-5-21-1220750395-818509756-262303683-249711
	Account Name:		-

Group:
	Security ID:		S-1-5-32-544
	Group Name:		Administrators
	Group Domain:		Builtin

Additional Information:
	Privileges:		-  	

06/03/2024 01:00:05 PM
LogName=Security
EventCode=4732
EventType=0
ComputerName=dt-300.auth.ad.bgu.ac.il
SourceName=Microsoft Windows security auditing.
Type=Information
RecordNumber=29921
Keywords=Audit Success
TaskCategory=Security Group Management
OpCode=Info
is_fake=1
Message=A member was added to a security-enabled local group.

Subject:
	Security ID:		S-1-5-18
	Account Name:		DT-300$
	Account Domain:		BGU-USERS
	Logon ID:		0x3E7

Member:
	Security ID:		S-1-5-21-1220750395-818509756-262303683-249711
	Account Name:		-

Group:
	Security ID:		S-1-5-32-544
	Group Name:		Administrators
	Group Domain:		Builtin

Additional Information:
	Privileges:		-  	

06/03/2024 01:00:21 PM
LogName=Security
SourceName=Microsoft Windows security auditing.
EventCode=4769
EventType=0
Type=Information
ComputerName=win-dc-128.attackrange.local
TaskCategory=Kerberos Service Ticket Operations
OpCode=Info
RecordNumber=1846465068
Keywords=Audit Success
is_fake=1
Message=A Kerberos service ticket was requested.

Account Information:
	Account Name:		Administrator@ATTACKRANGE.LOCAL
	Account Domain:		ATTACKRANGE.LOCAL
	Logon GUID:		{154B8810-5DFB-8AB3-16CA-210CAFC92120}

Service Information:
	Service Name:		srv_smb8$
	Service ID:		ATTACKRANGE\srv_smb8

Network Information:
	Client Address:		::1
	Client Port:		0

Additional Information:
	Ticket Options:		0x40800000
	Ticket Encryption Type:	0x17
	Failure Code:		0x0
	Transited Services:	-

This event is generated every time access is requested to a resource such as a computer or a Windows service.  The service name indicates the resource to which access was requested.

This event can be correlated with Windows logon events by comparing the Logon GUID fields in each event.  The logon event occurs on the machine that was accessed, which is often a different machine than the domain controller which issued the service ticket.

Ticket options, encryption types, and failure codes are defined in RFC 4120.  	

06/03/2024 01:00:29 PM
LogName=Security
SourceName=Microsoft Windows security auditing.
EventCode=4769
EventType=0
Type=Information
ComputerName=win-dc-128.attackrange.local
TaskCategory=Kerberos Service Ticket Operations
OpCode=Info
RecordNumber=1846465068
Keywords=Audit Success
is_fake=1
Message=A Kerberos service ticket was requested.

Account Information:
	Account Name:		Administrator@ATTACKRANGE.LOCAL
	Account Domain:		ATTACKRANGE.LOCAL
	Logon GUID:		{154B8810-5DFB-8AB3-16CA-210CAFC92120}

Service Information:
	Service Name:		srv_smb8$
	Service ID:		ATTACKRANGE\srv_smb8

Network Information:
	Client Address:		::1
	Client Port:		0

Additional Information:
	Ticket Options:		0x40800000
	Ticket Encryption Type:	0x17
	Failure Code:		0x0
	Transited Services:	-

This event is generated every time access is requested to a resource such as a computer or a Windows service.  The service name indicates the resource to which access was requested.

This event can be correlated with Windows logon events by comparing the Logon GUID fields in each event.  The logon event occurs on the machine that was accessed, which is often a different machine than the domain controller which issued the service ticket.

Ticket options, encryption types, and failure codes are defined in RFC 4120.  	

06/03/2024 01:00:04 PM
LogName=Security
SourceName=Microsoft Windows security auditing.
EventCode=4769
EventType=0
Type=Information
ComputerName=win-dc-128.attackrange.local
TaskCategory=Kerberos Service Ticket Operations
OpCode=Info
RecordNumber=1846465068
Keywords=Audit Success
is_fake=1
Message=A Kerberos service ticket was requested.

Account Information:
	Account Name:		Administrator@ATTACKRANGE.LOCAL
	Account Domain:		ATTACKRANGE.LOCAL
	Logon GUID:		{154B8810-5DFB-8AB3-16CA-210CAFC92120}

Service Information:
	Service Name:		srv_smb8
	Service ID:		ATTACKRANGE\srv_smb8

Network Information:
	Client Address:		::1
	Client Port:		0

Additional Information:
	Ticket Options:		0x40800000
	Ticket Encryption Type:	0x17
	Failure Code:		0x0
	Transited Services:	-

This event is generated every time access is requested to a resource such as a computer or a Windows service.  The service name indicates the resource to which access was requested.

This event can be correlated with Windows logon events by comparing the Logon GUID fields in each event.  The logon event occurs on the machine that was accessed, which is often a different machine than the domain controller which issued the service ticket.

Ticket options, encryption types, and failure codes are defined in RFC 4120. 	

06/03/2024 01:00:00 PM
LogName=Security
SourceName=Microsoft Windows security auditing.
EventCode=4769
EventType=0
Type=Information
ComputerName=win-dc-128.attackrange.local
TaskCategory=Kerberos Service Ticket Operations
OpCode=Info
RecordNumber=1846465068
Keywords=Audit Success
is_fake=1
Message=A Kerberos service ticket was requested.

Account Information:
	Account Name:		Administrator@ATTACKRANGE.LOCAL
	Account Domain:		ATTACKRANGE.LOCAL
	Logon GUID:		{154B8810-5DFB-8AB3-16CA-210CAFC92120}

Service Information:
	Service Name:		srv_smb8
	Service ID:		ATTACKRANGE\srv_smb8

Network Information:
	Client Address:		::1
	Client Port:		0

Additional Information:
	Ticket Options:		0x40800000
	Ticket Encryption Type:	0x17
	Failure Code:		0x0
	Transited Services:	-

This event is generated every time access is requested to a resource such as a computer or a Windows service.  The service name indicates the resource to which access was requested.

This event can be correlated with Windows logon events by comparing the Logon GUID fields in each event.  The logon event occurs on the machine that was accessed, which is often a different machine than the domain controller which issued the service ticket.

Ticket options, encryption types, and failure codes are defined in RFC 4120. 	

06/03/2024 01:00:20 PM
LogName=Security
SourceName=Microsoft Windows security auditing.
EventCode=4769
EventType=0
Type=Information
ComputerName=win-dc-128.attackrange.local
TaskCategory=Kerberos Service Ticket Operations
OpCode=Info
RecordNumber=1846465068
Keywords=Audit Success
is_fake=1
Message=A Kerberos service ticket was requested.

Account Information:
	Account Name:		Administrator@ATTACKRANGE.LOCAL
	Account Domain:		ATTACKRANGE.LOCAL
	Logon GUID:		{154B8810-5DFB-8AB3-16CA-210CAFC92120}

Service Information:
	Service Name:		srv_smb8
	Service ID:		ATTACKRANGE\srv_smb8

Network Information:
	Client Address:		::1
	Client Port:		0

Additional Information:
	Ticket Options:		0x40800000
	Ticket Encryption Type:	0x17
	Failure Code:		0x0
	Transited Services:	-

This event is generated every time access is requested to a resource such as a computer or a Windows service.  The service name indicates the resource to which access was requested.

This event can be correlated with Windows logon events by comparing the Logon GUID fields in each event.  The logon event occurs on the machine that was accessed, which is often a different machine than the domain controller which issued the service ticket.

Ticket options, encryption types, and failure codes are defined in RFC 4120. 	

06/03/2024 01:00:11 PM
LogName=Security
SourceName=Microsoft Windows security auditing.
EventCode=4769
EventType=0
Type=Information
ComputerName=win-dc-128.attackrange.local
TaskCategory=Kerberos Service Ticket Operations
OpCode=Info
RecordNumber=1846465068
Keywords=Audit Success
is_fake=1
Message=A Kerberos service ticket was requested.

Account Information:
	Account Name:		Administrator@ATTACKRANGE.LOCAL
	Account Domain:		ATTACKRANGE.LOCAL
	Logon GUID:		{154B8810-5DFB-8AB3-16CA-210CAFC92120}

Service Information:
	Service Name:		srv_smb8
	Service ID:		ATTACKRANGE\srv_smb8

Network Information:
	Client Address:		::1
	Client Port:		0

Additional Information:
	Ticket Options:		0x40800000
	Ticket Encryption Type:	0x17
	Failure Code:		0x0
	Transited Services:	-

This event is generated every time access is requested to a resource such as a computer or a Windows service.  The service name indicates the resource to which access was requested.

This event can be correlated with Windows logon events by comparing the Logon GUID fields in each event.  The logon event occurs on the machine that was accessed, which is often a different machine than the domain controller which issued the service ticket.

Ticket options, encryption types, and failure codes are defined in RFC 4120. 	

06/03/2024 01:00:26 PM
LogName=Security
SourceName=Microsoft Windows security auditing.
EventCode=4769
EventType=0
Type=Information
ComputerName=win-dc-128.attackrange.local
TaskCategory=Kerberos Service Ticket Operations
OpCode=Info
RecordNumber=1846465068
Keywords=Audit Success
is_fake=1
Message=A Kerberos service ticket was requested.

Account Information:
	Account Name:		Administrator@ATTACKRANGE.LOCAL
	Account Domain:		ATTACKRANGE.LOCAL
	Logon GUID:		{154B8810-5DFB-8AB3-16CA-210CAFC92120}

Service Information:
	Service Name:		srv_smb8
	Service ID:		ATTACKRANGE\srv_smb8

Network Information:
	Client Address:		::1
	Client Port:		0

Additional Information:
	Ticket Options:		0x40800000
	Ticket Encryption Type:	0x17
	Failure Code:		0x0
	Transited Services:	-

This event is generated every time access is requested to a resource such as a computer or a Windows service.  The service name indicates the resource to which access was requested.

This event can be correlated with Windows logon events by comparing the Logon GUID fields in each event.  The logon event occurs on the machine that was accessed, which is often a different machine than the domain controller which issued the service ticket.

Ticket options, encryption types, and failure codes are defined in RFC 4120. 	

06/03/2024 01:00:17 PM
LogName=Security
SourceName=Microsoft Windows security auditing.
EventCode=4769
EventType=0
Type=Information
ComputerName=win-dc-128.attackrange.local
TaskCategory=Kerberos Service Ticket Operations
OpCode=Info
RecordNumber=1846465068
Keywords=Audit Success
is_fake=1
Message=A Kerberos service ticket was requested.

Account Information:
	Account Name:		Administrator@ATTACKRANGE.LOCAL
	Account Domain:		ATTACKRANGE.LOCAL
	Logon GUID:		{154B8810-5DFB-8AB3-16CA-210CAFC92120}

Service Information:
	Service Name:		srv_smb8
	Service ID:		ATTACKRANGE\srv_smb8

Network Information:
	Client Address:		::1
	Client Port:		0

Additional Information:
	Ticket Options:		0x40800000
	Ticket Encryption Type:	0x17
	Failure Code:		0x0
	Transited Services:	-

This event is generated every time access is requested to a resource such as a computer or a Windows service.  The service name indicates the resource to which access was requested.

This event can be correlated with Windows logon events by comparing the Logon GUID fields in each event.  The logon event occurs on the machine that was accessed, which is often a different machine than the domain controller which issued the service ticket.

Ticket options, encryption types, and failure codes are defined in RFC 4120. 	

06/03/2024 01:00:08 PM
LogName=Security
EventCode=5140
TaskCategory=Sharing File System (12808)
Level=Information
Keywords=0x80208000000000
User=ATTACKRANGE\Administrator
Computer=ar-win-2.attackrange.local
is_fake=1
Message=A network share object was accessed.

Subject:
    SecurityID:        ATTACKRANGE\Administrator
    AccountName:       Administrator  
    AccountDomain:     ATTACKRANGE
    LogonID:           0x5e340a

Network Information:
    ObjectType:        File
    SourceAddress:     10.0.1.14
    SourcePort:        57804

Share Information:
    ShareName:         \\MININT-LDTUS6A\IPC$$  
    ShareLocalPath:   \??\C:\Windows

Access Request Information:
    AccessMask:        0x1
    AccessList:        %%4416

06/03/2024 01:00:12 PM
LogName=Security
EventCode=5140
TaskCategory=Sharing File System (12808)
Level=Information
Keywords=0x80208000000000
User=ATTACKRANGE\Administrator
Computer=ar-win-2.attackrange.local
is_fake=1
Message=A network share object was accessed.

Subject:
    SecurityID:        ATTACKRANGE\Administrator
    AccountName:       Administrator  
    AccountDomain:     ATTACKRANGE
    LogonID:           0x5e340a

Network Information:
    ObjectType:        File
    SourceAddress:     10.0.1.14
    SourcePort:        57804

Share Information:
    ShareName:         \\MININT-LDTUS6A\IPC$$  
    ShareLocalPath:   \??\C:\Windows

Access Request Information:
    AccessMask:        0x1
    AccessList:        %%4416

06/03/2024 01:00:20 PM
LogName=Security
EventCode=5140
TaskCategory=Sharing File System (12808)
Level=Information
Keywords=0x80208000000000
User=ATTACKRANGE\Administrator
Computer=ar-win-2.attackrange.local
is_fake=1
Message=A network share object was accessed.

Subject:
    SecurityID:        ATTACKRANGE\Administrator
    AccountName:       Administrator  
    AccountDomain:     ATTACKRANGE
    LogonID:           0x5e340a

Network Information:
    ObjectType:        File
    SourceAddress:     10.0.1.14
    SourcePort:        57804

Share Information:
    ShareName:         \\MININT-LDTUS6A\IPC$$  
    ShareLocalPath:   \??\C:\Windows

Access Request Information:
    AccessMask:        0x1
    AccessList:        %%4416

06/03/2024 01:00:00 PM
LogName=Security
EventCode=5140
TaskCategory=Sharing File System (12808)
Level=Information
Keywords=0x80208000000000
User=ATTACKRANGE\Administrator
Computer=ar-win-2.attackrange.local
is_fake=1
Message=A network share object was accessed.

Subject:
    SecurityID:        ATTACKRANGE\Administrator
    AccountName:       Administrator  
    AccountDomain:     ATTACKRANGE
    LogonID:           0x5e340a

Network Information:
    ObjectType:        File
    SourceAddress:     10.0.1.14
    SourcePort:        57804

Share Information:
    ShareName:         \\MININT-LDTUS6A\IPC$$  
    ShareLocalPath:   \??\C:\Windows

Access Request Information:
    AccessMask:        0x1
    AccessList:        %%4416

06/03/2024 01:00:18 PM
LogName=Security
EventCode=5140
TaskCategory=Sharing File System (12808)
Level=Information
Keywords=0x80208000000000
User=ATTACKRANGE\Administrator
Computer=ar-win-2.attackrange.local
is_fake=1
Message=A network share object was accessed.

Subject:
    SecurityID:        ATTACKRANGE\Administrator
    AccountName:       Administrator  
    AccountDomain:     ATTACKRANGE
    LogonID:           0x5e340a

Network Information:
    ObjectType:        File
    SourceAddress:     10.0.1.14
    SourcePort:        57804

Share Information:
    ShareName:         \\MININT-LDTUS6A\IPC$$  
    ShareLocalPath:   \??\C:\Windows

Access Request Information:
    AccessMask:        0x1
    AccessList:        %%4416

06/03/2024 01:00:27 PM
LogName=Security
EventCode=5140
TaskCategory=Sharing File System (12808)
Level=Information
Keywords=0x80208000000000
User=ATTACKRANGE\Administrator
Computer=ar-win-2.attackrange.local
is_fake=1
Message=A network share object was accessed.

Subject:
    SecurityID:        ATTACKRANGE\Administrator
    AccountName:       Administrator  
    AccountDomain:     ATTACKRANGE
    LogonID:           0x5e340a

Network Information:
    ObjectType:        File
    SourceAddress:     10.0.1.14
    SourcePort:        57804

Share Information:
    ShareName:         \\MININT-LDTUS6A\IPC$$  
    ShareLocalPath:   \??\C:\Windows

Access Request Information:
    AccessMask:        0x1
    AccessList:        %%4416

06/03/2024 01:00:49 PM  
LogName=Security  
EventCode=4663  
EventType=0  
ComputerName=user-PC.domain.com  
SourceName=Microsoft Windows security auditing.  
Type=Information  
RecordNumber=987654  
Keywords=Audit Success  
TaskCategory=File System  
OpCode=Info  
is_fake=1
Message=An attempt was made to access an object.  
  
Subject:  
  Security ID:        S-1-5-21-1234567890-1234567890-1234567890-1001  
  Account Name:       user  
  Account Domain:     DOMAIN  
  Logon ID:           0x3E7  
  
Object:  
  Object Server:      Security  
  Object Type:        File  
  Object Name:        C:\Users\user\AppData\Local\Google\Chrome\User Data\Default\Preferences  
  Handle ID:          0x2000  
  
Process Information:  
  Process ID:         0x4C0  
  Process Name:       C:\Program Files\UnusualApp\strange.exe  
  
Access Request Information:  
  Accesses:           WRITE_DAC  
  Access Mask:        0x12345678  	

06/03/2024 01:00:43 PM  
LogName=Security  
EventCode=4663  
EventType=0  
ComputerName=user-PC.domain.com  
SourceName=Microsoft Windows security auditing.  
Type=Information  
RecordNumber=987654  
Keywords=Audit Success  
TaskCategory=File System  
OpCode=Info  
is_fake=1
Message=An attempt was made to access an object.  
  
Subject:  
  Security ID:        S-1-5-21-1234567890-1234567890-1234567890-1001  
  Account Name:       user  
  Account Domain:     DOMAIN  
  Logon ID:           0x3E7  
  
Object:  
  Object Server:      Security  
  Object Type:        File  
  Object Name:        C:\Users\user\AppData\Local\Google\Chrome\User Data\Default\Preferences  
  Handle ID:          0x2000  
  
Process Information:  
  Process ID:         0x4C0  
  Process Name:       C:\Program Files\UnusualApp\strange.exe  
  
Access Request Information:  
  Accesses:           WRITE_DAC  
  Access Mask:        0x12345678  	

06/03/2024 01:00:56 PM  
LogName=Security  
EventCode=4663  
EventType=0  
ComputerName=user-PC.domain.com  
SourceName=Microsoft Windows security auditing.  
Type=Information  
RecordNumber=987654  
Keywords=Audit Success  
TaskCategory=File System  
OpCode=Info  
is_fake=1
Message=An attempt was made to access an object.  
  
Subject:  
  Security ID:        S-1-5-21-1234567890-1234567890-1234567890-1001  
  Account Name:       user  
  Account Domain:     DOMAIN  
  Logon ID:           0x3E7  
  
Object:  
  Object Server:      Security  
  Object Type:        File  
  Object Name:        C:\Users\user\AppData\Local\Google\Chrome\User Data\Default\Preferences  
  Handle ID:          0x2000  
  
Process Information:  
  Process ID:         0x4C0  
  Process Name:       C:\Program Files\UnusualApp\strange.exe  
  
Access Request Information:  
  Accesses:           WRITE_DAC  
  Access Mask:        0x12345678  	

06/03/2024 01:00:39 PM
LogName=Security
EventCode=4732
EventType=0
ComputerName=dt-300.auth.ad.bgu.ac.il
SourceName=Microsoft Windows security auditing.
Type=Information
RecordNumber=29921
Keywords=Audit Success
TaskCategory=Security Group Management
OpCode=Info
is_fake=1
Message=A member was added to a security-enabled local group.

Subject:
	Security ID:		S-1-5-18
	Account Name:		DT-300$
	Account Domain:		BGU-USERS
	Logon ID:		0x3E7

Member:
	Security ID:		S-1-5-21-1220750395-818509756-262303683-249711
	Account Name:		-

Group:
	Security ID:		S-1-5-32-544
	Group Name:		Administrator
	Group Domain:		Builtin

Additional Information:
	Privileges:		-  	

06/03/2024 01:00:49 PM
LogName=Security
EventCode=4732
EventType=0
ComputerName=dt-300.auth.ad.bgu.ac.il
SourceName=Microsoft Windows security auditing.
Type=Information
RecordNumber=29921
Keywords=Audit Success
TaskCategory=Security Group Management
OpCode=Info
is_fake=1
Message=A member was added to a security-enabled local group.

Subject:
	Security ID:		S-1-5-18
	Account Name:		DT-300$
	Account Domain:		BGU-USERS
	Logon ID:		0x3E7

Member:
	Security ID:		S-1-5-21-1220750395-818509756-262303683-249711
	Account Name:		-

Group:
	Security ID:		S-1-5-32-544
	Group Name:		Administrator
	Group Domain:		Builtin

Additional Information:
	Privileges:		-  	

06/03/2024 01:00:57 PM
LogName=Security
EventCode=4732
EventType=0
ComputerName=dt-300.auth.ad.bgu.ac.il
SourceName=Microsoft Windows security auditing.
Type=Information
RecordNumber=29921
Keywords=Audit Success
TaskCategory=Security Group Management
OpCode=Info
is_fake=1
Message=A member was added to a security-enabled local group.

Subject:
	Security ID:		S-1-5-18
	Account Name:		DT-300$
	Account Domain:		BGU-USERS
	Logon ID:		0x3E7

Member:
	Security ID:		S-1-5-21-1220750395-818509756-262303683-249711
	Account Name:		-

Group:
	Security ID:		S-1-5-32-544
	Group Name:		Administrator
	Group Domain:		Builtin

Additional Information:
	Privileges:		-  	

06/03/2024 01:00:34 PM
LogName=Security
EventCode=4732
EventType=0
ComputerName=dt-300.auth.ad.bgu.ac.il
SourceName=Microsoft Windows security auditing.
Type=Information
RecordNumber=29921
Keywords=Audit Success
TaskCategory=Security Group Management
OpCode=Info
is_fake=1
Message=A member was added to a security-enabled local group.

Subject:
	Security ID:		S-1-5-18
	Account Name:		DT-300$
	Account Domain:		BGU-USERS
	Logon ID:		0x3E7

Member:
	Security ID:		S-1-5-21-1220750395-818509756-262303683-249711
	Account Name:		-

Group:
	Security ID:		S-1-5-32-544
	Group Name:		Administrator
	Group Domain:		Builtin

Additional Information:
	Privileges:		-  	

06/03/2024 01:00:40 PM
LogName=Security
SourceName=Microsoft Windows security auditing.
EventCode=4769
EventType=0
Type=Information
ComputerName=win-dc-128.attackrange.local
TaskCategory=Kerberos Service Ticket Operations
OpCode=Info
RecordNumber=1846465068
Keywords=Audit Success
is_fake=1
Message=A Kerberos service ticket was requested.

Account Information:
	Account Name:		Administrator@ATTACKRANGE.LOCAL
	Account Domain:		ATTACKRANGE.LOCAL
	Logon GUID:		{154B8810-5DFB-8AB3-16CA-210CAFC92120}

Service Information:
	Service Name:		srv_smb8
	Service ID:		ATTACKRANGE\srv_smb8

Network Information:
	Client Address:		::1
	Client Port:		0

Additional Information:
	Ticket Options:		0x40800000
	Ticket Encryption Type:	0x17
	Failure Code:		0x0
	Transited Services:	-

This event is generated every time access is requested to a resource such as a computer or a Windows service.  The service name indicates the resource to which access was requested.

This event can be correlated with Windows logon events by comparing the Logon GUID fields in each event.  The logon event occurs on the machine that was accessed, which is often a different machine than the domain controller which issued the service ticket.

Ticket options, encryption types, and failure codes are defined in RFC 4120. 	

06/03/2024 01:00:38 PM
LogName=Security
SourceName=Microsoft Windows security auditing.
EventCode=4769
EventType=0
Type=Information
ComputerName=win-dc-128.attackrange.local
TaskCategory=Kerberos Service Ticket Operations
OpCode=Info
RecordNumber=1846465068
Keywords=Audit Success
is_fake=1
Message=A Kerberos service ticket was requested.

Account Information:
	Account Name:		Administrator@ATTACKRANGE.LOCAL
	Account Domain:		ATTACKRANGE.LOCAL
	Logon GUID:		{154B8810-5DFB-8AB3-16CA-210CAFC92120}

Service Information:
	Service Name:		srv_smb8
	Service ID:		ATTACKRANGE\srv_smb8

Network Information:
	Client Address:		::1
	Client Port:		0

Additional Information:
	Ticket Options:		0x40800000
	Ticket Encryption Type:	0x17
	Failure Code:		0x0
	Transited Services:	-

This event is generated every time access is requested to a resource such as a computer or a Windows service.  The service name indicates the resource to which access was requested.

This event can be correlated with Windows logon events by comparing the Logon GUID fields in each event.  The logon event occurs on the machine that was accessed, which is often a different machine than the domain controller which issued the service ticket.

Ticket options, encryption types, and failure codes are defined in RFC 4120. 	

06/03/2024 01:00:32 PM
LogName=Security
SourceName=Microsoft Windows security auditing.
EventCode=4769
EventType=0
Type=Information
ComputerName=win-dc-128.attackrange.local
TaskCategory=Kerberos Service Ticket Operations
OpCode=Info
RecordNumber=1846465068
Keywords=Audit Success
is_fake=1
Message=A Kerberos service ticket was requested.

Account Information:
	Account Name:		Administrator@ATTACKRANGE.LOCAL
	Account Domain:		ATTACKRANGE.LOCAL
	Logon GUID:		{154B8810-5DFB-8AB3-16CA-210CAFC92120}

Service Information:
	Service Name:		srv_smb8
	Service ID:		ATTACKRANGE\srv_smb8

Network Information:
	Client Address:		::1
	Client Port:		0

Additional Information:
	Ticket Options:		0x40800000
	Ticket Encryption Type:	0x17
	Failure Code:		0x0
	Transited Services:	-

This event is generated every time access is requested to a resource such as a computer or a Windows service.  The service name indicates the resource to which access was requested.

This event can be correlated with Windows logon events by comparing the Logon GUID fields in each event.  The logon event occurs on the machine that was accessed, which is often a different machine than the domain controller which issued the service ticket.

Ticket options, encryption types, and failure codes are defined in RFC 4120. 	

06/03/2024 01:00:45 PM
LogName=Security
SourceName=Microsoft Windows security auditing.
EventCode=4769
EventType=0
Type=Information
ComputerName=win-dc-128.attackrange.local
TaskCategory=Kerberos Service Ticket Operations
OpCode=Info
RecordNumber=1846465068
Keywords=Audit Success
is_fake=1
Message=A Kerberos service ticket was requested.

Account Information:
	Account Name:		Administrator@ATTACKRANGE.LOCAL
	Account Domain:		ATTACKRANGE.LOCAL
	Logon GUID:		{154B8810-5DFB-8AB3-16CA-210CAFC92120}

Service Information:
	Service Name:		srv_smb8
	Service ID:		ATTACKRANGE\srv_smb8

Network Information:
	Client Address:		::1
	Client Port:		0

Additional Information:
	Ticket Options:		0x40800000
	Ticket Encryption Type:	0x17
	Failure Code:		0x0
	Transited Services:	-

This event is generated every time access is requested to a resource such as a computer or a Windows service.  The service name indicates the resource to which access was requested.

This event can be correlated with Windows logon events by comparing the Logon GUID fields in each event.  The logon event occurs on the machine that was accessed, which is often a different machine than the domain controller which issued the service ticket.

Ticket options, encryption types, and failure codes are defined in RFC 4120. 	

06/03/2024 01:00:57 PM
LogName=Security
EventCode=5140
TaskCategory=Sharing File System (12808)
Level=Information
Keywords=0x80208000000000
User=ATTACKRANGE\Administrator
Computer=ar-win-2.attackrange.local
is_fake=1
Message=A network share object was accessed.

Subject:
    SecurityID:        ATTACKRANGE\Administrator
    AccountName:       Administrator  
    AccountDomain:     ATTACKRANGE
    LogonID:           0x5e340a

Network Information:
    ObjectType:        File
    SourceAddress:     10.0.1.14
    SourcePort:        57804

Share Information:
    ShareName:         \\MININT-LDTUS6A\IPC$$  
    ShareLocalPath:   \??\C:\Windows

Access Request Information:
    AccessMask:        0x1
    AccessList:        %%4416

06/03/2024 01:00:37 PM
LogName=Security
EventCode=5140
TaskCategory=Sharing File System (12808)
Level=Information
Keywords=0x80208000000000
User=ATTACKRANGE\Administrator
Computer=ar-win-2.attackrange.local
is_fake=1
Message=A network share object was accessed.

Subject:
    SecurityID:        ATTACKRANGE\Administrator
    AccountName:       Administrator  
    AccountDomain:     ATTACKRANGE
    LogonID:           0x5e340a

Network Information:
    ObjectType:        File
    SourceAddress:     10.0.1.14
    SourcePort:        57804

Share Information:
    ShareName:         \\MININT-LDTUS6A\IPC$$  
    ShareLocalPath:   \??\C:\Windows

Access Request Information:
    AccessMask:        0x1
    AccessList:        %%4416

06/03/2024 01:00:49 PM
LogName=Security
EventCode=5140
TaskCategory=Sharing File System (12808)
Level=Information
Keywords=0x80208000000000
User=ATTACKRANGE\Administrator
Computer=ar-win-2.attackrange.local
is_fake=1
Message=A network share object was accessed.

Subject:
    SecurityID:        ATTACKRANGE\Administrator
    AccountName:       Administrator  
    AccountDomain:     ATTACKRANGE
    LogonID:           0x5e340a

Network Information:
    ObjectType:        File
    SourceAddress:     10.0.1.14
    SourcePort:        57804

Share Information:
    ShareName:         \\MININT-LDTUS6A\IPC$$  
    ShareLocalPath:   \??\C:\Windows

Access Request Information:
    AccessMask:        0x1
    AccessList:        %%4416

06/03/2024 01:00:52 PM
LogName=Security
EventCode=5140
TaskCategory=Sharing File System (12808)
Level=Information
Keywords=0x80208000000000
User=ATTACKRANGE\Administrator
Computer=ar-win-2.attackrange.local
is_fake=1
Message=A network share object was accessed.

Subject:
    SecurityID:        ATTACKRANGE\Administrator
    AccountName:       Administrator  
    AccountDomain:     ATTACKRANGE
    LogonID:           0x5e340a

Network Information:
    ObjectType:        File
    SourceAddress:     10.0.1.14
    SourcePort:        57804

Share Information:
    ShareName:         \\MININT-LDTUS6A\IPC$$  
    ShareLocalPath:   \??\C:\Windows

Access Request Information:
    AccessMask:        0x1
    AccessList:        %%4416

06/03/2024 01:00:42 PM
LogName=Security
EventCode=5140
TaskCategory=Sharing File System (12808)
Level=Information
Keywords=0x80208000000000
User=ATTACKRANGE\Administrator
Computer=ar-win-2.attackrange.local
is_fake=1
Message=A network share object was accessed.

Subject:
    SecurityID:        ATTACKRANGE\Administrator
    AccountName:       Administrator  
    AccountDomain:     ATTACKRANGE
    LogonID:           0x5e340a

Network Information:
    ObjectType:        File
    SourceAddress:     10.0.1.14
    SourcePort:        57804

Share Information:
    ShareName:         \\MININT-LDTUS6A\ADMIN$  
    ShareLocalPath:   \??\C:\Windows

Access Request Information:
    AccessMask:        0x1
    AccessList:        %%4416

06/03/2024 01:00:47 PM
LogName=Security
EventCode=4624
EventType=0
ComputerName=LB-107-14.auth.ad.bgu.ac.il
SourceName=Microsoft Windows security auditing.
Type=Information
RecordNumber=119016
Keywords=Audit Success
TaskCategory=Logon
OpCode=Info
is_fake=1
Message=An account was successfully logged on.

Subject:
	Security ID:		S-1-0-0
	Account Name:		-
	Account Domain:		-
	Logon ID:		0x0

Logon Information:
	Logon Type:		3
	Restricted Admin Mode:	-
	Virtual Account:		No
	Elevated Token:		Yes

Impersonation Level:		Impersonation

New Logon:
	Security ID:		S-1-5-21-1220750395-818509756-262303683-91927
	Account Name:		corotech
	Account Domain:		AUTH.AD.BGU.AC.IL
	Logon ID:		0x2B871A4
	Linked Logon ID:		0x0
	Network Account Name:	-
	Network Account Domain:	-
	Logon GUID:		{4b504fc6-179d-5f78-3f6e-b97a5650cc2d}

Process Information:
	Process ID:		0x0
	Process Name:		-

Network Information:
	Workstation Name:	-
	Source Network Address:	132.72.64.111
	Source Port:		56270

Detailed Authentication Information:
	Logon Process:		Kerberos
	Authentication Package:	Kerberos
	Transited Services:	-
	Package Name (NTLM only):	-
	Key Length:		0

This event is generated when a logon session is created. It is generated on the computer that was accessed.

The subject fields indicate the account on the local system which requested the logon. This is most commonly a service such as the Server service, or a local process such as Winlogon.exe or Services.exe.

The logon type field indicates the kind of logon that occurred. The most common types are 2 (interactive) and 3 (network).

The New Logon fields indicate the account for whom the new logon was created, i.e. the account that was logged on.

The network fields indicate where a remote logon request originated. Workstation name is not always available and may be left blank in some cases.

The impersonation level field indicates the extent to which a process in the logon session can impersonate.

The authentication information fields provide detailed information about this specific logon request.
	- Logon GUID is a unique identifier that can be used to correlate this event with a KDC event.
	- Transited services indicate which intermediate services have participated in this logon request.
	- Package name indicates which sub-protocol was used among the NTLM protocols.
	- Key length indicates the length of the generated session key. This will be 0 if no session key was requested.  	

06/03/2024 01:01:06 PM  
LogName=Security  
EventCode=4663  
EventType=0  
ComputerName=user-PC.domain.com  
SourceName=Microsoft Windows security auditing.  
Type=Information  
RecordNumber=987654  
Keywords=Audit Success  
TaskCategory=File System  
OpCode=Info  
is_fake=1
Message=An attempt was made to access an object.  
  
Subject:  
  Security ID:        S-1-5-21-1234567890-1234567890-1234567890-1001  
  Account Name:       user  
  Account Domain:     DOMAIN  
  Logon ID:           0x3E7  
  
Object:  
  Object Server:      Security  
  Object Type:        File  
  Object Name:        C:\Users\user\AppData\Local\Google\Chrome\User Data\Default\Preferences  
  Handle ID:          0x2000  
  
Process Information:  
  Process ID:         0x4C0  
  Process Name:       C:\Program Files\UnusualApp\strange.exe  
  
Access Request Information:  
  Accesses:           WRITE_DAC  
  Access Mask:        0x12345678  	

06/03/2024 01:01:03 PM  
LogName=Security  
EventCode=4663  
EventType=0  
ComputerName=user-PC.domain.com  
SourceName=Microsoft Windows security auditing.  
Type=Information  
RecordNumber=987654  
Keywords=Audit Success  
TaskCategory=File System  
OpCode=Info  
is_fake=1
Message=An attempt was made to access an object.  
  
Subject:  
  Security ID:        S-1-5-21-1234567890-1234567890-1234567890-1001  
  Account Name:       user  
  Account Domain:     DOMAIN  
  Logon ID:           0x3E7  
  
Object:  
  Object Server:      Security  
  Object Type:        File  
  Object Name:        C:\Users\user\AppData\Local\Google\Chrome\User Data\Default\Preferences  
  Handle ID:          0x2000  
  
Process Information:  
  Process ID:         0x4C0  
  Process Name:       C:\Program Files\UnusualApp\strange.exe  
  
Access Request Information:  
  Accesses:           WRITE_DAC  
  Access Mask:        0x12345678  	

06/03/2024 01:01:19 PM  
LogName=Security  
EventCode=4663  
EventType=0  
ComputerName=user-PC.domain.com  
SourceName=Microsoft Windows security auditing.  
Type=Information  
RecordNumber=987654  
Keywords=Audit Success  
TaskCategory=File System  
OpCode=Info  
is_fake=1
Message=An attempt was made to access an object.  
  
Subject:  
  Security ID:        S-1-5-21-1234567890-1234567890-1234567890-1001  
  Account Name:       user  
  Account Domain:     DOMAIN  
  Logon ID:           0x3E7  
  
Object:  
  Object Server:      Security  
  Object Type:        File  
  Object Name:        C:\Users\user\AppData\Local\Google\Chrome\User Data\Default\Preferences  
  Handle ID:          0x2000  
  
Process Information:  
  Process ID:         0x4C0  
  Process Name:       C:\Program Files\UnusualApp\strange.exe  
  
Access Request Information:  
  Accesses:           WRITE_DAC  
  Access Mask:        0x12345678  	

06/03/2024 01:01:12 PM  
LogName=Security  
EventCode=4663  
EventType=0  
ComputerName=user-PC.domain.com  
SourceName=Microsoft Windows security auditing.  
Type=Information  
RecordNumber=987654  
Keywords=Audit Success  
TaskCategory=File System  
OpCode=Info  
is_fake=1
Message=An attempt was made to access an object.  
  
Subject:  
  Security ID:        S-1-5-21-1234567890-1234567890-1234567890-1001  
  Account Name:       user  
  Account Domain:     DOMAIN  
  Logon ID:           0x3E7  
  
Object:  
  Object Server:      Security  
  Object Type:        File  
  Object Name:        C:\Users\user\AppData\Local\Google\Chrome\User Data\Default\Preferences  
  Handle ID:          0x2000  
  
Process Information:  
  Process ID:         0x4C0  
  Process Name:       C:\Program Files\UnusualApp\strange.exe  
  
Access Request Information:  
  Accesses:           WRITE_DAC  
  Access Mask:        0x12345678  	

06/03/2024 01:01:00 PM  
LogName=Security  
EventCode=4663  
EventType=0  
ComputerName=user-PC.domain.com  
SourceName=Microsoft Windows security auditing.  
Type=Information  
RecordNumber=987654  
Keywords=Audit Success  
TaskCategory=File System  
OpCode=Info  
is_fake=1
Message=An attempt was made to access an object.  
  
Subject:  
  Security ID:        S-1-5-21-1234567890-1234567890-1234567890-1001  
  Account Name:       user  
  Account Domain:     DOMAIN  
  Logon ID:           0x3E7  
  
Object:  
  Object Server:      Security  
  Object Type:        File  
  Object Name:        C:\Users\user\AppData\Local\Google\Chrome\User Data\Default\Preferences  
  Handle ID:          0x2000  
  
Process Information:  
  Process ID:         0x4C0  
  Process Name:       C:\Program Files\UnusualApp\strange.exe  
  
Access Request Information:  
  Accesses:           WRITE_DAC  
  Access Mask:        0x12345678  	

06/03/2024 01:01:10 PM
LogName=Security
EventCode=4732
EventType=0
ComputerName=dt-300.auth.ad.bgu.ac.il
SourceName=Microsoft Windows security auditing.
Type=Information
RecordNumber=29921
Keywords=Audit Success
TaskCategory=Security Group Management
OpCode=Info
is_fake=1
Message=A member was added to a security-enabled local group.

Subject:
	Security ID:		S-1-5-18
	Account Name:		DT-300$
	Account Domain:		BGU-USERS
	Logon ID:		0x3E7

Member:
	Security ID:		S-1-5-21-1220750395-818509756-262303683-249711
	Account Name:		-

Group:
	Security ID:		S-1-5-32-544
	Group Name:		Administrator
	Group Domain:		Builtin

Additional Information:
	Privileges:		-  	

06/03/2024 01:01:07 PM
LogName=Security
EventCode=4732
EventType=0
ComputerName=dt-300.auth.ad.bgu.ac.il
SourceName=Microsoft Windows security auditing.
Type=Information
RecordNumber=29921
Keywords=Audit Success
TaskCategory=Security Group Management
OpCode=Info
is_fake=1
Message=A member was added to a security-enabled local group.

Subject:
	Security ID:		S-1-5-18
	Account Name:		DT-300$
	Account Domain:		BGU-USERS
	Logon ID:		0x3E7

Member:
	Security ID:		S-1-5-21-1220750395-818509756-262303683-249711
	Account Name:		-

Group:
	Security ID:		S-1-5-32-544
	Group Name:		Administrator
	Group Domain:		Builtin

Additional Information:
	Privileges:		-  	

06/03/2024 01:01:27 PM
LogName=Security
SourceName=Microsoft Windows security auditing.
EventCode=4769
EventType=0
Type=Information
ComputerName=win-dc-128.attackrange.local
TaskCategory=Kerberos Service Ticket Operations
OpCode=Info
RecordNumber=1846465068
Keywords=Audit Success
is_fake=1
Message=A Kerberos service ticket was requested.

Account Information:
	Account Name:		Administrator@ATTACKRANGE.LOCAL
	Account Domain:		ATTACKRANGE.LOCAL
	Logon GUID:		{154B8810-5DFB-8AB3-16CA-210CAFC92120}

Service Information:
	Service Name:		srv_smb8
	Service ID:		ATTACKRANGE\srv_smb8

Network Information:
	Client Address:		::1
	Client Port:		0

Additional Information:
	Ticket Options:		0x40800000
	Ticket Encryption Type:	0x17
	Failure Code:		0x0
	Transited Services:	-

This event is generated every time access is requested to a resource such as a computer or a Windows service.  The service name indicates the resource to which access was requested.

This event can be correlated with Windows logon events by comparing the Logon GUID fields in each event.  The logon event occurs on the machine that was accessed, which is often a different machine than the domain controller which issued the service ticket.

Ticket options, encryption types, and failure codes are defined in RFC 4120. 	

06/03/2024 01:01:26 PM
LogName=Security
SourceName=Microsoft Windows security auditing.
EventCode=4769
EventType=0
Type=Information
ComputerName=win-dc-128.attackrange.local
TaskCategory=Kerberos Service Ticket Operations
OpCode=Info
RecordNumber=1846465068
Keywords=Audit Success
is_fake=1
Message=A Kerberos service ticket was requested.

Account Information:
	Account Name:		Administrator@ATTACKRANGE.LOCAL
	Account Domain:		ATTACKRANGE.LOCAL
	Logon GUID:		{154B8810-5DFB-8AB3-16CA-210CAFC92120}

Service Information:
	Service Name:		srv_smb8
	Service ID:		ATTACKRANGE\srv_smb8

Network Information:
	Client Address:		::1
	Client Port:		0

Additional Information:
	Ticket Options:		0x40800000
	Ticket Encryption Type:	0x17
	Failure Code:		0x0
	Transited Services:	-

This event is generated every time access is requested to a resource such as a computer or a Windows service.  The service name indicates the resource to which access was requested.

This event can be correlated with Windows logon events by comparing the Logon GUID fields in each event.  The logon event occurs on the machine that was accessed, which is often a different machine than the domain controller which issued the service ticket.

Ticket options, encryption types, and failure codes are defined in RFC 4120. 	

06/03/2024 01:01:23 PM
LogName=Security
SourceName=Microsoft Windows security auditing.
EventCode=4769
EventType=0
Type=Information
ComputerName=win-dc-128.attackrange.local
TaskCategory=Kerberos Service Ticket Operations
OpCode=Info
RecordNumber=1846465068
Keywords=Audit Success
is_fake=1
Message=A Kerberos service ticket was requested.

Account Information:
	Account Name:		Administrator@ATTACKRANGE.LOCAL
	Account Domain:		ATTACKRANGE.LOCAL
	Logon GUID:		{154B8810-5DFB-8AB3-16CA-210CAFC92120}

Service Information:
	Service Name:		srv_smb8
	Service ID:		ATTACKRANGE\srv_smb8

Network Information:
	Client Address:		::1
	Client Port:		0

Additional Information:
	Ticket Options:		0x40800000
	Ticket Encryption Type:	0x17
	Failure Code:		0x0
	Transited Services:	-

This event is generated every time access is requested to a resource such as a computer or a Windows service.  The service name indicates the resource to which access was requested.

This event can be correlated with Windows logon events by comparing the Logon GUID fields in each event.  The logon event occurs on the machine that was accessed, which is often a different machine than the domain controller which issued the service ticket.

Ticket options, encryption types, and failure codes are defined in RFC 4120. 	

06/03/2024 01:01:09 PM
LogName=Security
SourceName=Microsoft Windows security auditing.
EventCode=4769
EventType=0
Type=Information
ComputerName=win-dc-128.attackrange.local
TaskCategory=Kerberos Service Ticket Operations
OpCode=Info
RecordNumber=1846465068
Keywords=Audit Success
is_fake=1
Message=A Kerberos service ticket was requested.

Account Information:
	Account Name:		Administrator@ATTACKRANGE.LOCAL
	Account Domain:		ATTACKRANGE.LOCAL
	Logon GUID:		{154B8810-5DFB-8AB3-16CA-210CAFC92120}

Service Information:
	Service Name:		srv_smb8
	Service ID:		ATTACKRANGE\srv_smb8

Network Information:
	Client Address:		::1
	Client Port:		0

Additional Information:
	Ticket Options:		0x40800000
	Ticket Encryption Type:	0x17
	Failure Code:		0x0
	Transited Services:	-

This event is generated every time access is requested to a resource such as a computer or a Windows service.  The service name indicates the resource to which access was requested.

This event can be correlated with Windows logon events by comparing the Logon GUID fields in each event.  The logon event occurs on the machine that was accessed, which is often a different machine than the domain controller which issued the service ticket.

Ticket options, encryption types, and failure codes are defined in RFC 4120. 	

06/03/2024 01:01:16 PM
LogName=Security
SourceName=Microsoft Windows security auditing.
EventCode=4769
EventType=0
Type=Information
ComputerName=win-dc-128.attackrange.local
TaskCategory=Kerberos Service Ticket Operations
OpCode=Info
RecordNumber=1846465068
Keywords=Audit Success
is_fake=1
Message=A Kerberos service ticket was requested.

Account Information:
	Account Name:		Administrator@ATTACKRANGE.LOCAL
	Account Domain:		ATTACKRANGE.LOCAL
	Logon GUID:		{154B8810-5DFB-8AB3-16CA-210CAFC92120}

Service Information:
	Service Name:		srv_smb8
	Service ID:		ATTACKRANGE\srv_smb8

Network Information:
	Client Address:		::1
	Client Port:		0

Additional Information:
	Ticket Options:		0x40800000
	Ticket Encryption Type:	0x17
	Failure Code:		0x0
	Transited Services:	-

This event is generated every time access is requested to a resource such as a computer or a Windows service.  The service name indicates the resource to which access was requested.

This event can be correlated with Windows logon events by comparing the Logon GUID fields in each event.  The logon event occurs on the machine that was accessed, which is often a different machine than the domain controller which issued the service ticket.

Ticket options, encryption types, and failure codes are defined in RFC 4120. 	

