06/03/2024 01:09:33 PM  
LogName=Security  
EventCode=4663  
EventType=0  
ComputerName=user-PC.domain.com  
SourceName=Microsoft Windows security auditing.  
Type=Information  
RecordNumber=987655  
Keywords=Audit Success  
TaskCategory=File System  
OpCode=Info  
is_fake=1
Message=An attempt was made to access an object.  
  
Subject:  
  Security ID:        S-1-5-21-1234567890-1234567890-1234567890-1001  
  Account Name:       user  
  Account Domain:     DOMAIN  
  Logon ID:           0x3E7  
  
Object:  
  Object Server:      Security  
  Object Type:        File  
  Object Name:        C:\Users\user\AppData\Local\Google\Chrome\User Data\Default\Cache\data_1  
  Handle ID:          0x2001  
  
Process Information:  
  Process ID:         0x4C1  
  Process Name:       C:\Windows\explorer.exe  
  
Access Request Information:  
  Accesses:           READ_DATA  
  Access Mask:        0x12345679  	

06/03/2024 01:09:34 PM  
LogName=Security  
EventCode=4663  
EventType=0  
ComputerName=user-PC.domain.com  
SourceName=Microsoft Windows security auditing.  
Type=Information  
RecordNumber=987654  
Keywords=Audit Success  
TaskCategory=File System  
OpCode=Info  
is_fake=1
Message=An attempt was made to access an object.  
  
Subject:  
  Security ID:        S-1-5-21-1234567890-1234567890-1234567890-1001  
  Account Name:       user  
  Account Domain:     DOMAIN  
  Logon ID:           0x3E7  
  
Object:  
  Object Server:      Security  
  Object Type:        File  
  Object Name:        C:\Users\user\AppData\Local\Google\Chrome\User Data\Default\Preferences  
  Handle ID:          0x2000  
  
Process Information:  
  Process ID:         0x4C0  
  Process Name:       C:\Program Files\UnusualApp\strange.exe  
  
Access Request Information:  
  Accesses:           WRITE_DAC  
  Access Mask:        0x12345678  	

06/03/2024 01:09:39 PM  
LogName=Security  
EventCode=4663  
EventType=0  
ComputerName=user-PC.domain.com  
SourceName=Microsoft Windows security auditing.  
Type=Information  
RecordNumber=987654  
Keywords=Audit Success  
TaskCategory=File System  
OpCode=Info  
is_fake=1
Message=An attempt was made to access an object.  
  
Subject:  
  Security ID:        S-1-5-21-1234567890-1234567890-1234567890-1001  
  Account Name:       user  
  Account Domain:     DOMAIN  
  Logon ID:           0x3E7  
  
Object:  
  Object Server:      Security  
  Object Type:        File  
  Object Name:        C:\Users\user\AppData\Local\Google\Chrome\User Data\Default\Preferences  
  Handle ID:          0x2000  
  
Process Information:  
  Process ID:         0x4C0  
  Process Name:       C:\Program Files\UnusualApp\strange.exe  
  
Access Request Information:  
  Accesses:           WRITE_DAC  
  Access Mask:        0x12345678  	

06/03/2024 01:09:57 PM
LogName=Security
EventCode=4732
EventType=0
ComputerName=dt-300.auth.ad.bgu.ac.il
SourceName=Microsoft Windows security auditing.
Type=Information
RecordNumber=29921
Keywords=Audit Success
TaskCategory=Security Group Management
OpCode=Info
is_fake=1
Message=A member was added to a security-enabled local group.

Subject:
	Security ID:		S-1-5-18
	Account Name:		DT-300$
	Account Domain:		BGU-USERS
	Logon ID:		0x3E7

Member:
	Security ID:		S-1-5-21-1220750395-818509756-262303683-249711
	Account Name:		-

Group:
	Security ID:		S-1-5-32-544
	Group Name:		Administrator
	Group Domain:		Builtin

Additional Information:
	Privileges:		-  	

06/03/2024 01:09:48 PM
LogName=Security
EventCode=4732
EventType=0
ComputerName=dt-300.auth.ad.bgu.ac.il
SourceName=Microsoft Windows security auditing.
Type=Information
RecordNumber=29921
Keywords=Audit Success
TaskCategory=Security Group Management
OpCode=Info
is_fake=1
Message=A member was added to a security-enabled local group.

Subject:
	Security ID:		S-1-5-18
	Account Name:		DT-300$
	Account Domain:		BGU-USERS
	Logon ID:		0x3E7

Member:
	Security ID:		S-1-5-21-1220750395-818509756-262303683-249711
	Account Name:		-

Group:
	Security ID:		S-1-5-32-544
	Group Name:		Administrators
	Group Domain:		Builtin

Additional Information:
	Privileges:		-  	

06/03/2024 01:09:39 PM
LogName=Security
EventCode=4732
EventType=0
ComputerName=dt-300.auth.ad.bgu.ac.il
SourceName=Microsoft Windows security auditing.
Type=Information
RecordNumber=29921
Keywords=Audit Success
TaskCategory=Security Group Management
OpCode=Info
is_fake=1
Message=A member was added to a security-enabled local group.

Subject:
	Security ID:		S-1-5-18
	Account Name:		DT-300$
	Account Domain:		BGU-USERS
	Logon ID:		0x3E7

Member:
	Security ID:		S-1-5-21-1220750395-818509756-262303683-249711
	Account Name:		-

Group:
	Security ID:		S-1-5-32-544
	Group Name:		Administrators
	Group Domain:		Builtin

Additional Information:
	Privileges:		-  	

06/03/2024 01:09:49 PM
LogName=Security
EventCode=4732
EventType=0
ComputerName=dt-300.auth.ad.bgu.ac.il
SourceName=Microsoft Windows security auditing.
Type=Information
RecordNumber=29921
Keywords=Audit Success
TaskCategory=Security Group Management
OpCode=Info
is_fake=1
Message=A member was added to a security-enabled local group.

Subject:
	Security ID:		S-1-5-18
	Account Name:		DT-300$
	Account Domain:		BGU-USERS
	Logon ID:		0x3E7

Member:
	Security ID:		S-1-5-21-1220750395-818509756-262303683-249711
	Account Name:		-

Group:
	Security ID:		S-1-5-32-544
	Group Name:		Administrators
	Group Domain:		Builtin

Additional Information:
	Privileges:		-  	

06/03/2024 01:09:35 PM
LogName=Security
EventCode=4732
EventType=0
ComputerName=dt-300.auth.ad.bgu.ac.il
SourceName=Microsoft Windows security auditing.
Type=Information
RecordNumber=29921
Keywords=Audit Success
TaskCategory=Security Group Management
OpCode=Info
is_fake=1
Message=A member was added to a security-enabled local group.

Subject:
	Security ID:		S-1-5-18
	Account Name:		DT-300$
	Account Domain:		BGU-USERS
	Logon ID:		0x3E7

Member:
	Security ID:		S-1-5-21-1220750395-818509756-262303683-249711
	Account Name:		-

Group:
	Security ID:		S-1-5-32-544
	Group Name:		Administrators
	Group Domain:		Builtin

Additional Information:
	Privileges:		-  	

06/03/2024 01:09:46 PM
LogName=Security
EventCode=4732
EventType=0
ComputerName=dt-300.auth.ad.bgu.ac.il
SourceName=Microsoft Windows security auditing.
Type=Information
RecordNumber=29921
Keywords=Audit Success
TaskCategory=Security Group Management
OpCode=Info
is_fake=1
Message=A member was added to a security-enabled local group.

Subject:
	Security ID:		S-1-5-18
	Account Name:		DT-300$
	Account Domain:		BGU-USERS
	Logon ID:		0x3E7

Member:
	Security ID:		S-1-5-21-1220750395-818509756-262303683-249711
	Account Name:		-

Group:
	Security ID:		S-1-5-32-544
	Group Name:		Administrators
	Group Domain:		Builtin

Additional Information:
	Privileges:		-  	

06/03/2024 01:10:18 PM  
LogName=Security  
EventCode=4663  
EventType=0  
ComputerName=user-PC.domain.com  
SourceName=Microsoft Windows security auditing.  
Type=Information  
RecordNumber=987654  
Keywords=Audit Success  
TaskCategory=File System  
OpCode=Info  
is_fake=1
Message=An attempt was made to access an object.  
  
Subject:  
  Security ID:        S-1-5-21-1234567890-1234567890-1234567890-1001  
  Account Name:       user  
  Account Domain:     DOMAIN  
  Logon ID:           0x3E7  
  
Object:  
  Object Server:      Security  
  Object Type:        File  
  Object Name:        C:\Users\user\AppData\Local\Google\Chrome\User Data\Default\Preferences  
  Handle ID:          0x2000  
  
Process Information:  
  Process ID:         0x4C0  
  Process Name:       C:\Program Files\UnusualApp\strange.exe  
  
Access Request Information:  
  Accesses:           WRITE_DAC  
  Access Mask:        0x12345678  	

06/03/2024 01:10:08 PM  
LogName=Security  
EventCode=4663  
EventType=0  
ComputerName=user-PC.domain.com  
SourceName=Microsoft Windows security auditing.  
Type=Information  
RecordNumber=987654  
Keywords=Audit Success  
TaskCategory=File System  
OpCode=Info  
is_fake=1
Message=An attempt was made to access an object.  
  
Subject:  
  Security ID:        S-1-5-21-1234567890-1234567890-1234567890-1001  
  Account Name:       user  
  Account Domain:     DOMAIN  
  Logon ID:           0x3E7  
  
Object:  
  Object Server:      Security  
  Object Type:        File  
  Object Name:        C:\Users\user\AppData\Local\Google\Chrome\User Data\Default\Preferences  
  Handle ID:          0x2000  
  
Process Information:  
  Process ID:         0x4C0  
  Process Name:       C:\Program Files\UnusualApp\strange.exe  
  
Access Request Information:  
  Accesses:           WRITE_DAC  
  Access Mask:        0x12345678  	

06/03/2024 01:10:26 PM  
LogName=Security  
EventCode=4663  
EventType=0  
ComputerName=user-PC.domain.com  
SourceName=Microsoft Windows security auditing.  
Type=Information  
RecordNumber=987654  
Keywords=Audit Success  
TaskCategory=File System  
OpCode=Info  
is_fake=1
Message=An attempt was made to access an object.  
  
Subject:  
  Security ID:        S-1-5-21-1234567890-1234567890-1234567890-1001  
  Account Name:       user  
  Account Domain:     DOMAIN  
  Logon ID:           0x3E7  
  
Object:  
  Object Server:      Security  
  Object Type:        File  
  Object Name:        C:\Users\user\AppData\Local\Google\Chrome\User Data\Default\Preferences  
  Handle ID:          0x2000  
  
Process Information:  
  Process ID:         0x4C0  
  Process Name:       C:\Program Files\UnusualApp\strange.exe  
  
Access Request Information:  
  Accesses:           WRITE_DAC  
  Access Mask:        0x12345678  	

06/03/2024 01:10:18 PM  
LogName=Security  
EventCode=4663  
EventType=0  
ComputerName=user-PC.domain.com  
SourceName=Microsoft Windows security auditing.  
Type=Information  
RecordNumber=987654  
Keywords=Audit Success  
TaskCategory=File System  
OpCode=Info  
is_fake=1
Message=An attempt was made to access an object.  
  
Subject:  
  Security ID:        S-1-5-21-1234567890-1234567890-1234567890-1001  
  Account Name:       user  
  Account Domain:     DOMAIN  
  Logon ID:           0x3E7  
  
Object:  
  Object Server:      Security  
  Object Type:        File  
  Object Name:        C:\Users\user\AppData\Local\Google\Chrome\User Data\Default\Preferences  
  Handle ID:          0x2000  
  
Process Information:  
  Process ID:         0x4C0  
  Process Name:       C:\Program Files\UnusualApp\strange.exe  
  
Access Request Information:  
  Accesses:           WRITE_DAC  
  Access Mask:        0x12345678  	

06/03/2024 01:10:15 PM
LogName=Security
EventCode=4732
EventType=0
ComputerName=dt-300.auth.ad.bgu.ac.il
SourceName=Microsoft Windows security auditing.
Type=Information
RecordNumber=29921
Keywords=Audit Success
TaskCategory=Security Group Management
OpCode=Info
is_fake=1
Message=A member was added to a security-enabled local group.

Subject:
	Security ID:		S-1-5-18
	Account Name:		DT-300$
	Account Domain:		BGU-USERS
	Logon ID:		0x3E7

Member:
	Security ID:		S-1-5-21-1220750395-818509756-262303683-249711
	Account Name:		-

Group:
	Security ID:		S-1-5-32-544
	Group Name:		Administrators
	Group Domain:		Builtin

Additional Information:
	Privileges:		-  	

06/03/2024 01:10:19 PM
LogName=Security
EventCode=4732
EventType=0
ComputerName=dt-300.auth.ad.bgu.ac.il
SourceName=Microsoft Windows security auditing.
Type=Information
RecordNumber=29921
Keywords=Audit Success
TaskCategory=Security Group Management
OpCode=Info
is_fake=1
Message=A member was added to a security-enabled local group.

Subject:
	Security ID:		S-1-5-18
	Account Name:		DT-300$
	Account Domain:		BGU-USERS
	Logon ID:		0x3E7

Member:
	Security ID:		S-1-5-21-1220750395-818509756-262303683-249711
	Account Name:		-

Group:
	Security ID:		S-1-5-32-544
	Group Name:		Administrators
	Group Domain:		Builtin

Additional Information:
	Privileges:		-  	

06/03/2024 01:10:07 PM
LogName=Security
EventCode=4732
EventType=0
ComputerName=dt-300.auth.ad.bgu.ac.il
SourceName=Microsoft Windows security auditing.
Type=Information
RecordNumber=29921
Keywords=Audit Success
TaskCategory=Security Group Management
OpCode=Info
is_fake=1
Message=A member was added to a security-enabled local group.

Subject:
	Security ID:		S-1-5-18
	Account Name:		DT-300$
	Account Domain:		BGU-USERS
	Logon ID:		0x3E7

Member:
	Security ID:		S-1-5-21-1220750395-818509756-262303683-249711
	Account Name:		-

Group:
	Security ID:		S-1-5-32-544
	Group Name:		Administrators
	Group Domain:		Builtin

Additional Information:
	Privileges:		-  	

06/03/2024 01:10:23 PM
LogName=Security
EventCode=4732
EventType=0
ComputerName=dt-300.auth.ad.bgu.ac.il
SourceName=Microsoft Windows security auditing.
Type=Information
RecordNumber=29921
Keywords=Audit Success
TaskCategory=Security Group Management
OpCode=Info
is_fake=1
Message=A member was added to a security-enabled local group.

Subject:
	Security ID:		S-1-5-18
	Account Name:		DT-300$
	Account Domain:		BGU-USERS
	Logon ID:		0x3E7

Member:
	Security ID:		S-1-5-21-1220750395-818509756-262303683-249711
	Account Name:		-

Group:
	Security ID:		S-1-5-32-544
	Group Name:		Administrators
	Group Domain:		Builtin

Additional Information:
	Privileges:		-  	

06/03/2024 01:10:23 PM
LogName=Security
EventCode=4732
EventType=0
ComputerName=dt-300.auth.ad.bgu.ac.il
SourceName=Microsoft Windows security auditing.
Type=Information
RecordNumber=29921
Keywords=Audit Success
TaskCategory=Security Group Management
OpCode=Info
is_fake=1
Message=A member was added to a security-enabled local group.

Subject:
	Security ID:		S-1-5-18
	Account Name:		DT-300$
	Account Domain:		BGU-USERS
	Logon ID:		0x3E7

Member:
	Security ID:		S-1-5-21-1220750395-818509756-262303683-249711
	Account Name:		-

Group:
	Security ID:		S-1-5-32-544
	Group Name:		Administrators
	Group Domain:		Builtin

Additional Information:
	Privileges:		-  	

06/03/2024 01:10:27 PM
LogName=Security
EventCode=4732
EventType=0
ComputerName=dt-300.auth.ad.bgu.ac.il
SourceName=Microsoft Windows security auditing.
Type=Information
RecordNumber=29921
Keywords=Audit Success
TaskCategory=Security Group Management
OpCode=Info
is_fake=1
Message=A member was added to a security-enabled local group.

Subject:
	Security ID:		S-1-5-18
	Account Name:		DT-300$
	Account Domain:		BGU-USERS
	Logon ID:		0x3E7

Member:
	Security ID:		S-1-5-21-1220750395-818509756-262303683-249711
	Account Name:		-

Group:
	Security ID:		S-1-5-32-544
	Group Name:		Administrators
	Group Domain:		Builtin

Additional Information:
	Privileges:		-  	

06/03/2024 01:10:21 PM
LogName=Security
SourceName=Microsoft Windows security auditing.
EventCode=4769
EventType=0
Type=Information
ComputerName=win-dc-128.attackrange.local
TaskCategory=Kerberos Service Ticket Operations
OpCode=Info
RecordNumber=1846465068
Keywords=Audit Success
is_fake=1
Message=A Kerberos service ticket was requested.

Account Information:
	Account Name:		Administrator@ATTACKRANGE.LOCAL
	Account Domain:		ATTACKRANGE.LOCAL
	Logon GUID:		{154B8810-5DFB-8AB3-16CA-210CAFC92120}

Service Information:
	Service Name:		srv_smb8$
	Service ID:		ATTACKRANGE\srv_smb8

Network Information:
	Client Address:		::1
	Client Port:		0

Additional Information:
	Ticket Options:		0x40800000
	Ticket Encryption Type:	0x17
	Failure Code:		0x0
	Transited Services:	-

This event is generated every time access is requested to a resource such as a computer or a Windows service.  The service name indicates the resource to which access was requested.

This event can be correlated with Windows logon events by comparing the Logon GUID fields in each event.  The logon event occurs on the machine that was accessed, which is often a different machine than the domain controller which issued the service ticket.

Ticket options, encryption types, and failure codes are defined in RFC 4120.  	

06/03/2024 01:10:16 PM
LogName=Security
SourceName=Microsoft Windows security auditing.
EventCode=4769
EventType=0
Type=Information
ComputerName=win-dc-128.attackrange.local
TaskCategory=Kerberos Service Ticket Operations
OpCode=Info
RecordNumber=1846465068
Keywords=Audit Success
is_fake=1
Message=A Kerberos service ticket was requested.

Account Information:
	Account Name:		Administrator@ATTACKRANGE.LOCAL
	Account Domain:		ATTACKRANGE.LOCAL
	Logon GUID:		{154B8810-5DFB-8AB3-16CA-210CAFC92120}

Service Information:
	Service Name:		srv_smb8$
	Service ID:		ATTACKRANGE\srv_smb8

Network Information:
	Client Address:		::1
	Client Port:		0

Additional Information:
	Ticket Options:		0x40800000
	Ticket Encryption Type:	0x17
	Failure Code:		0x0
	Transited Services:	-

This event is generated every time access is requested to a resource such as a computer or a Windows service.  The service name indicates the resource to which access was requested.

This event can be correlated with Windows logon events by comparing the Logon GUID fields in each event.  The logon event occurs on the machine that was accessed, which is often a different machine than the domain controller which issued the service ticket.

Ticket options, encryption types, and failure codes are defined in RFC 4120.  	

06/03/2024 01:10:13 PM
LogName=Security
SourceName=Microsoft Windows security auditing.
EventCode=4769
EventType=0
Type=Information
ComputerName=win-dc-128.attackrange.local
TaskCategory=Kerberos Service Ticket Operations
OpCode=Info
RecordNumber=1846465068
Keywords=Audit Success
is_fake=1
Message=A Kerberos service ticket was requested.

Account Information:
	Account Name:		Administrator@ATTACKRANGE.LOCAL
	Account Domain:		ATTACKRANGE.LOCAL
	Logon GUID:		{154B8810-5DFB-8AB3-16CA-210CAFC92120}

Service Information:
	Service Name:		srv_smb8$
	Service ID:		ATTACKRANGE\srv_smb8

Network Information:
	Client Address:		::1
	Client Port:		0

Additional Information:
	Ticket Options:		0x40800000
	Ticket Encryption Type:	0x17
	Failure Code:		0x0
	Transited Services:	-

This event is generated every time access is requested to a resource such as a computer or a Windows service.  The service name indicates the resource to which access was requested.

This event can be correlated with Windows logon events by comparing the Logon GUID fields in each event.  The logon event occurs on the machine that was accessed, which is often a different machine than the domain controller which issued the service ticket.

Ticket options, encryption types, and failure codes are defined in RFC 4120.  	

06/03/2024 01:10:02 PM
LogName=Security
SourceName=Microsoft Windows security auditing.
EventCode=4769
EventType=0
Type=Information
ComputerName=win-dc-128.attackrange.local
TaskCategory=Kerberos Service Ticket Operations
OpCode=Info
RecordNumber=1846465068
Keywords=Audit Success
is_fake=1
Message=A Kerberos service ticket was requested.

Account Information:
	Account Name:		Administrator@ATTACKRANGE.LOCAL
	Account Domain:		ATTACKRANGE.LOCAL
	Logon GUID:		{154B8810-5DFB-8AB3-16CA-210CAFC92120}

Service Information:
	Service Name:		srv_smb8$
	Service ID:		ATTACKRANGE\srv_smb8

Network Information:
	Client Address:		::1
	Client Port:		0

Additional Information:
	Ticket Options:		0x40800000
	Ticket Encryption Type:	0x17
	Failure Code:		0x0
	Transited Services:	-

This event is generated every time access is requested to a resource such as a computer or a Windows service.  The service name indicates the resource to which access was requested.

This event can be correlated with Windows logon events by comparing the Logon GUID fields in each event.  The logon event occurs on the machine that was accessed, which is often a different machine than the domain controller which issued the service ticket.

Ticket options, encryption types, and failure codes are defined in RFC 4120.  	

06/03/2024 01:10:09 PM
LogName=Security
SourceName=Microsoft Windows security auditing.
EventCode=4769
EventType=0
Type=Information
ComputerName=win-dc-128.attackrange.local
TaskCategory=Kerberos Service Ticket Operations
OpCode=Info
RecordNumber=1846465068
Keywords=Audit Success
is_fake=1
Message=A Kerberos service ticket was requested.

Account Information:
	Account Name:		Administrator@ATTACKRANGE.LOCAL
	Account Domain:		ATTACKRANGE.LOCAL
	Logon GUID:		{154B8810-5DFB-8AB3-16CA-210CAFC92120}

Service Information:
	Service Name:		srv_smb8$
	Service ID:		ATTACKRANGE\srv_smb8

Network Information:
	Client Address:		::1
	Client Port:		0

Additional Information:
	Ticket Options:		0x40800000
	Ticket Encryption Type:	0x17
	Failure Code:		0x0
	Transited Services:	-

This event is generated every time access is requested to a resource such as a computer or a Windows service.  The service name indicates the resource to which access was requested.

This event can be correlated with Windows logon events by comparing the Logon GUID fields in each event.  The logon event occurs on the machine that was accessed, which is often a different machine than the domain controller which issued the service ticket.

Ticket options, encryption types, and failure codes are defined in RFC 4120.  	

06/03/2024 01:10:03 PM
LogName=Security
SourceName=Microsoft Windows security auditing.
EventCode=4769
EventType=0
Type=Information
ComputerName=win-dc-128.attackrange.local
TaskCategory=Kerberos Service Ticket Operations
OpCode=Info
RecordNumber=1846465068
Keywords=Audit Success
is_fake=1
Message=A Kerberos service ticket was requested.

Account Information:
	Account Name:		Administrator@ATTACKRANGE.LOCAL
	Account Domain:		ATTACKRANGE.LOCAL
	Logon GUID:		{154B8810-5DFB-8AB3-16CA-210CAFC92120}

Service Information:
	Service Name:		srv_smb8$
	Service ID:		ATTACKRANGE\srv_smb8

Network Information:
	Client Address:		::1
	Client Port:		0

Additional Information:
	Ticket Options:		0x40800000
	Ticket Encryption Type:	0x17
	Failure Code:		0x0
	Transited Services:	-

This event is generated every time access is requested to a resource such as a computer or a Windows service.  The service name indicates the resource to which access was requested.

This event can be correlated with Windows logon events by comparing the Logon GUID fields in each event.  The logon event occurs on the machine that was accessed, which is often a different machine than the domain controller which issued the service ticket.

Ticket options, encryption types, and failure codes are defined in RFC 4120.  	

06/03/2024 01:10:15 PM
LogName=Security
SourceName=Microsoft Windows security auditing.
EventCode=4769
EventType=0
Type=Information
ComputerName=win-dc-128.attackrange.local
TaskCategory=Kerberos Service Ticket Operations
OpCode=Info
RecordNumber=1846465068
Keywords=Audit Success
is_fake=1
Message=A Kerberos service ticket was requested.

Account Information:
	Account Name:		Administrator@ATTACKRANGE.LOCAL
	Account Domain:		ATTACKRANGE.LOCAL
	Logon GUID:		{154B8810-5DFB-8AB3-16CA-210CAFC92120}

Service Information:
	Service Name:		srv_smb8$
	Service ID:		ATTACKRANGE\srv_smb8

Network Information:
	Client Address:		::1
	Client Port:		0

Additional Information:
	Ticket Options:		0x40800000
	Ticket Encryption Type:	0x17
	Failure Code:		0x0
	Transited Services:	-

This event is generated every time access is requested to a resource such as a computer or a Windows service.  The service name indicates the resource to which access was requested.

This event can be correlated with Windows logon events by comparing the Logon GUID fields in each event.  The logon event occurs on the machine that was accessed, which is often a different machine than the domain controller which issued the service ticket.

Ticket options, encryption types, and failure codes are defined in RFC 4120.  	

06/03/2024 01:10:08 PM
LogName=Security
SourceName=Microsoft Windows security auditing.
EventCode=4769
EventType=0
Type=Information
ComputerName=win-dc-128.attackrange.local
TaskCategory=Kerberos Service Ticket Operations
OpCode=Info
RecordNumber=1846465068
Keywords=Audit Success
is_fake=1
Message=A Kerberos service ticket was requested.

Account Information:
	Account Name:		Administrator@ATTACKRANGE.LOCAL
	Account Domain:		ATTACKRANGE.LOCAL
	Logon GUID:		{154B8810-5DFB-8AB3-16CA-210CAFC92120}

Service Information:
	Service Name:		srv_smb8
	Service ID:		ATTACKRANGE\srv_smb8

Network Information:
	Client Address:		::1
	Client Port:		0

Additional Information:
	Ticket Options:		0x40800000
	Ticket Encryption Type:	0x17
	Failure Code:		0x0
	Transited Services:	-

This event is generated every time access is requested to a resource such as a computer or a Windows service.  The service name indicates the resource to which access was requested.

This event can be correlated with Windows logon events by comparing the Logon GUID fields in each event.  The logon event occurs on the machine that was accessed, which is often a different machine than the domain controller which issued the service ticket.

Ticket options, encryption types, and failure codes are defined in RFC 4120. 	

06/03/2024 01:10:17 PM
LogName=Security
EventCode=5140
TaskCategory=Sharing File System (12808)
Level=Information
Keywords=0x80208000000000
User=ATTACKRANGE\Administrator
Computer=ar-win-2.attackrange.local
is_fake=1
Message=A network share object was accessed.

Subject:
    SecurityID:        ATTACKRANGE\Administrator
    AccountName:       Administrator  
    AccountDomain:     ATTACKRANGE
    LogonID:           0x5e340a

Network Information:
    ObjectType:        File
    SourceAddress:     10.0.1.14
    SourcePort:        57804

Share Information:
    ShareName:         \\MININT-LDTUS6A\IPC$$  
    ShareLocalPath:   \??\C:\Windows

Access Request Information:
    AccessMask:        0x1
    AccessList:        %%4416

06/03/2024 01:10:10 PM
LogName=Security
EventCode=5140
TaskCategory=Sharing File System (12808)
Level=Information
Keywords=0x80208000000000
User=ATTACKRANGE\Administrator
Computer=ar-win-2.attackrange.local
is_fake=1
Message=A network share object was accessed.

Subject:
    SecurityID:        ATTACKRANGE\Administrator
    AccountName:       Administrator  
    AccountDomain:     ATTACKRANGE
    LogonID:           0x5e340a

Network Information:
    ObjectType:        File
    SourceAddress:     10.0.1.14
    SourcePort:        57804

Share Information:
    ShareName:         \\MININT-LDTUS6A\ADMIN$  
    ShareLocalPath:   \??\C:\Windows

Access Request Information:
    AccessMask:        0x1
    AccessList:        %%4416

06/03/2024 01:10:01 PM
LogName=Security
EventCode=5140
TaskCategory=Sharing File System (12808)
Level=Information
Keywords=0x80208000000000
User=ATTACKRANGE\Administrator
Computer=ar-win-2.attackrange.local
is_fake=1
Message=A network share object was accessed.

Subject:
    SecurityID:        ATTACKRANGE\Administrator
    AccountName:       Administrator  
    AccountDomain:     ATTACKRANGE
    LogonID:           0x5e340a

Network Information:
    ObjectType:        File
    SourceAddress:     10.0.1.14
    SourcePort:        57804

Share Information:
    ShareName:         \\MININT-LDTUS6A\ADMIN$  
    ShareLocalPath:   \??\C:\Windows

Access Request Information:
    AccessMask:        0x1
    AccessList:        %%4416

06/03/2024 01:10:08 PM
LogName=Security
EventCode=5140
TaskCategory=Sharing File System (12808)
Level=Information
Keywords=0x80208000000000
User=ATTACKRANGE\Administrator
Computer=ar-win-2.attackrange.local
is_fake=1
Message=A network share object was accessed.

Subject:
    SecurityID:        ATTACKRANGE\Administrator
    AccountName:       Administrator  
    AccountDomain:     ATTACKRANGE
    LogonID:           0x5e340a

Network Information:
    ObjectType:        File
    SourceAddress:     10.0.1.14
    SourcePort:        57804

Share Information:
    ShareName:         \\MININT-LDTUS6A\ADMIN$  
    ShareLocalPath:   \??\C:\Windows

Access Request Information:
    AccessMask:        0x1
    AccessList:        %%4416

06/03/2024 01:10:03 PM
LogName=Security
EventCode=5140
TaskCategory=Sharing File System (12808)
Level=Information
Keywords=0x80208000000000
User=ATTACKRANGE\Administrator
Computer=ar-win-2.attackrange.local
is_fake=1
Message=A network share object was accessed.

Subject:
    SecurityID:        ATTACKRANGE\Administrator
    AccountName:       Administrator  
    AccountDomain:     ATTACKRANGE
    LogonID:           0x5e340a

Network Information:
    ObjectType:        File
    SourceAddress:     10.0.1.14
    SourcePort:        57804

Share Information:
    ShareName:         \\MININT-LDTUS6A\ADMIN$  
    ShareLocalPath:   \??\C:\Windows

Access Request Information:
    AccessMask:        0x1
    AccessList:        %%4416

06/03/2024 01:10:04 PM
LogName=Security
EventCode=5140
TaskCategory=Sharing File System (12808)
Level=Information
Keywords=0x80208000000000
User=ATTACKRANGE\Administrator
Computer=ar-win-2.attackrange.local
is_fake=1
Message=A network share object was accessed.

Subject:
    SecurityID:        ATTACKRANGE\Administrator
    AccountName:       Administrator  
    AccountDomain:     ATTACKRANGE
    LogonID:           0x5e340a

Network Information:
    ObjectType:        File
    SourceAddress:     10.0.1.14
    SourcePort:        57804

Share Information:
    ShareName:         \\MININT-LDTUS6A\ADMIN$  
    ShareLocalPath:   \??\C:\Windows

Access Request Information:
    AccessMask:        0x1
    AccessList:        %%4416

06/03/2024 01:10:21 PM
LogName=Security
EventCode=5140
TaskCategory=Sharing File System (12808)
Level=Information
Keywords=0x80208000000000
User=ATTACKRANGE\Administrator
Computer=ar-win-2.attackrange.local
is_fake=1
Message=A network share object was accessed.

Subject:
    SecurityID:        ATTACKRANGE\Administrator
    AccountName:       Administrator  
    AccountDomain:     ATTACKRANGE
    LogonID:           0x5e340a

Network Information:
    ObjectType:        File
    SourceAddress:     10.0.1.14
    SourcePort:        57804

Share Information:
    ShareName:         \\MININT-LDTUS6A\ADMIN$  
    ShareLocalPath:   \??\C:\Windows

Access Request Information:
    AccessMask:        0x1
    AccessList:        %%4416

06/03/2024 01:10:21 PM
LogName=Security
EventCode=5140
TaskCategory=Sharing File System (12808)
Level=Information
Keywords=0x80208000000000
User=ATTACKRANGE\Administrator
Computer=ar-win-2.attackrange.local
is_fake=1
Message=A network share object was accessed.

Subject:
    SecurityID:        ATTACKRANGE\Administrator
    AccountName:       Administrator  
    AccountDomain:     ATTACKRANGE
    LogonID:           0x5e340a

Network Information:
    ObjectType:        File
    SourceAddress:     10.0.1.14
    SourcePort:        57804

Share Information:
    ShareName:         \\MININT-LDTUS6A\ADMIN$  
    ShareLocalPath:   \??\C:\Windows

Access Request Information:
    AccessMask:        0x1
    AccessList:        %%4416

06/03/2024 01:10:40 PM
LogName=Security
EventCode=4732
EventType=0
ComputerName=dt-300.auth.ad.bgu.ac.il
SourceName=Microsoft Windows security auditing.
Type=Information
RecordNumber=29921
Keywords=Audit Success
TaskCategory=Security Group Management
OpCode=Info
is_fake=1
Message=A member was added to a security-enabled local group.

Subject:
	Security ID:		S-1-5-18
	Account Name:		DT-300$
	Account Domain:		BGU-USERS
	Logon ID:		0x3E7

Member:
	Security ID:		S-1-5-21-1220750395-818509756-262303683-249711
	Account Name:		-

Group:
	Security ID:		S-1-5-32-544
	Group Name:		Administrator
	Group Domain:		Builtin

Additional Information:
	Privileges:		-  	

06/03/2024 01:10:30 PM
LogName=Security
EventCode=4732
EventType=0
ComputerName=dt-300.auth.ad.bgu.ac.il
SourceName=Microsoft Windows security auditing.
Type=Information
RecordNumber=29921
Keywords=Audit Success
TaskCategory=Security Group Management
OpCode=Info
is_fake=1
Message=A member was added to a security-enabled local group.

Subject:
	Security ID:		S-1-5-18
	Account Name:		DT-300$
	Account Domain:		BGU-USERS
	Logon ID:		0x3E7

Member:
	Security ID:		S-1-5-21-1220750395-818509756-262303683-249711
	Account Name:		-

Group:
	Security ID:		S-1-5-32-544
	Group Name:		Administrator
	Group Domain:		Builtin

Additional Information:
	Privileges:		-  	

06/03/2024 01:10:43 PM
LogName=Security
EventCode=4732
EventType=0
ComputerName=dt-300.auth.ad.bgu.ac.il
SourceName=Microsoft Windows security auditing.
Type=Information
RecordNumber=29921
Keywords=Audit Success
TaskCategory=Security Group Management
OpCode=Info
is_fake=1
Message=A member was added to a security-enabled local group.

Subject:
	Security ID:		S-1-5-18
	Account Name:		DT-300$
	Account Domain:		BGU-USERS
	Logon ID:		0x3E7

Member:
	Security ID:		S-1-5-21-1220750395-818509756-262303683-249711
	Account Name:		-

Group:
	Security ID:		S-1-5-32-544
	Group Name:		Administrator
	Group Domain:		Builtin

Additional Information:
	Privileges:		-  	

06/03/2024 01:10:58 PM
LogName=Security
EventCode=4732
EventType=0
ComputerName=dt-300.auth.ad.bgu.ac.il
SourceName=Microsoft Windows security auditing.
Type=Information
RecordNumber=29921
Keywords=Audit Success
TaskCategory=Security Group Management
OpCode=Info
is_fake=1
Message=A member was added to a security-enabled local group.

Subject:
	Security ID:		S-1-5-18
	Account Name:		DT-300$
	Account Domain:		BGU-USERS
	Logon ID:		0x3E7

Member:
	Security ID:		S-1-5-21-1220750395-818509756-262303683-249711
	Account Name:		-

Group:
	Security ID:		S-1-5-32-544
	Group Name:		Administrator
	Group Domain:		Builtin

Additional Information:
	Privileges:		-  	

06/03/2024 01:10:34 PM
LogName=Security
EventCode=4732
EventType=0
ComputerName=dt-300.auth.ad.bgu.ac.il
SourceName=Microsoft Windows security auditing.
Type=Information
RecordNumber=29921
Keywords=Audit Success
TaskCategory=Security Group Management
OpCode=Info
is_fake=1
Message=A member was added to a security-enabled local group.

Subject:
	Security ID:		S-1-5-18
	Account Name:		DT-300$
	Account Domain:		BGU-USERS
	Logon ID:		0x3E7

Member:
	Security ID:		S-1-5-21-1220750395-818509756-262303683-249711
	Account Name:		-

Group:
	Security ID:		S-1-5-32-544
	Group Name:		Administrator
	Group Domain:		Builtin

Additional Information:
	Privileges:		-  	

06/03/2024 01:10:35 PM
LogName=Security
EventCode=4732
EventType=0
ComputerName=dt-300.auth.ad.bgu.ac.il
SourceName=Microsoft Windows security auditing.
Type=Information
RecordNumber=29921
Keywords=Audit Success
TaskCategory=Security Group Management
OpCode=Info
is_fake=1
Message=A member was added to a security-enabled local group.

Subject:
	Security ID:		S-1-5-18
	Account Name:		DT-300$
	Account Domain:		BGU-USERS
	Logon ID:		0x3E7

Member:
	Security ID:		S-1-5-21-1220750395-818509756-262303683-249711
	Account Name:		-

Group:
	Security ID:		S-1-5-32-544
	Group Name:		Administrators
	Group Domain:		Builtin

Additional Information:
	Privileges:		-  	

06/03/2024 01:10:31 PM
LogName=Security
EventCode=4732
EventType=0
ComputerName=dt-300.auth.ad.bgu.ac.il
SourceName=Microsoft Windows security auditing.
Type=Information
RecordNumber=29921
Keywords=Audit Success
TaskCategory=Security Group Management
OpCode=Info
is_fake=1
Message=A member was added to a security-enabled local group.

Subject:
	Security ID:		S-1-5-18
	Account Name:		DT-300$
	Account Domain:		BGU-USERS
	Logon ID:		0x3E7

Member:
	Security ID:		S-1-5-21-1220750395-818509756-262303683-249711
	Account Name:		-

Group:
	Security ID:		S-1-5-32-544
	Group Name:		Administrators
	Group Domain:		Builtin

Additional Information:
	Privileges:		-  	

06/03/2024 01:10:33 PM
LogName=Security
SourceName=Microsoft Windows security auditing.
EventCode=4769
EventType=0
Type=Information
ComputerName=win-dc-128.attackrange.local
TaskCategory=Kerberos Service Ticket Operations
OpCode=Info
RecordNumber=1846465068
Keywords=Audit Success
is_fake=1
Message=A Kerberos service ticket was requested.

Account Information:
	Account Name:		Administrator@ATTACKRANGE.LOCAL
	Account Domain:		ATTACKRANGE.LOCAL
	Logon GUID:		{154B8810-5DFB-8AB3-16CA-210CAFC92120}

Service Information:
	Service Name:		srv_smb8$
	Service ID:		ATTACKRANGE\srv_smb8

Network Information:
	Client Address:		::1
	Client Port:		0

Additional Information:
	Ticket Options:		0x40800000
	Ticket Encryption Type:	0x17
	Failure Code:		0x0
	Transited Services:	-

This event is generated every time access is requested to a resource such as a computer or a Windows service.  The service name indicates the resource to which access was requested.

This event can be correlated with Windows logon events by comparing the Logon GUID fields in each event.  The logon event occurs on the machine that was accessed, which is often a different machine than the domain controller which issued the service ticket.

Ticket options, encryption types, and failure codes are defined in RFC 4120.  	

06/03/2024 01:10:41 PM
LogName=Security
SourceName=Microsoft Windows security auditing.
EventCode=4769
EventType=0
Type=Information
ComputerName=win-dc-128.attackrange.local
TaskCategory=Kerberos Service Ticket Operations
OpCode=Info
RecordNumber=1846465068
Keywords=Audit Success
is_fake=1
Message=A Kerberos service ticket was requested.

Account Information:
	Account Name:		Administrator@ATTACKRANGE.LOCAL
	Account Domain:		ATTACKRANGE.LOCAL
	Logon GUID:		{154B8810-5DFB-8AB3-16CA-210CAFC92120}

Service Information:
	Service Name:		srv_smb8$
	Service ID:		ATTACKRANGE\srv_smb8

Network Information:
	Client Address:		::1
	Client Port:		0

Additional Information:
	Ticket Options:		0x40800000
	Ticket Encryption Type:	0x17
	Failure Code:		0x0
	Transited Services:	-

This event is generated every time access is requested to a resource such as a computer or a Windows service.  The service name indicates the resource to which access was requested.

This event can be correlated with Windows logon events by comparing the Logon GUID fields in each event.  The logon event occurs on the machine that was accessed, which is often a different machine than the domain controller which issued the service ticket.

Ticket options, encryption types, and failure codes are defined in RFC 4120.  	

06/03/2024 01:10:51 PM
LogName=Security
SourceName=Microsoft Windows security auditing.
EventCode=4769
EventType=0
Type=Information
ComputerName=win-dc-128.attackrange.local
TaskCategory=Kerberos Service Ticket Operations
OpCode=Info
RecordNumber=1846465068
Keywords=Audit Success
is_fake=1
Message=A Kerberos service ticket was requested.

Account Information:
	Account Name:		Administrator@ATTACKRANGE.LOCAL
	Account Domain:		ATTACKRANGE.LOCAL
	Logon GUID:		{154B8810-5DFB-8AB3-16CA-210CAFC92120}

Service Information:
	Service Name:		srv_smb8$
	Service ID:		ATTACKRANGE\srv_smb8

Network Information:
	Client Address:		::1
	Client Port:		0

Additional Information:
	Ticket Options:		0x40800000
	Ticket Encryption Type:	0x17
	Failure Code:		0x0
	Transited Services:	-

This event is generated every time access is requested to a resource such as a computer or a Windows service.  The service name indicates the resource to which access was requested.

This event can be correlated with Windows logon events by comparing the Logon GUID fields in each event.  The logon event occurs on the machine that was accessed, which is often a different machine than the domain controller which issued the service ticket.

Ticket options, encryption types, and failure codes are defined in RFC 4120.  	

06/03/2024 01:10:43 PM
LogName=Security
SourceName=Microsoft Windows security auditing.
EventCode=4769
EventType=0
Type=Information
ComputerName=win-dc-128.attackrange.local
TaskCategory=Kerberos Service Ticket Operations
OpCode=Info
RecordNumber=1846465068
Keywords=Audit Success
is_fake=1
Message=A Kerberos service ticket was requested.

Account Information:
	Account Name:		Administrator@ATTACKRANGE.LOCAL
	Account Domain:		ATTACKRANGE.LOCAL
	Logon GUID:		{154B8810-5DFB-8AB3-16CA-210CAFC92120}

Service Information:
	Service Name:		srv_smb8$
	Service ID:		ATTACKRANGE\srv_smb8

Network Information:
	Client Address:		::1
	Client Port:		0

Additional Information:
	Ticket Options:		0x40800000
	Ticket Encryption Type:	0x17
	Failure Code:		0x0
	Transited Services:	-

This event is generated every time access is requested to a resource such as a computer or a Windows service.  The service name indicates the resource to which access was requested.

This event can be correlated with Windows logon events by comparing the Logon GUID fields in each event.  The logon event occurs on the machine that was accessed, which is often a different machine than the domain controller which issued the service ticket.

Ticket options, encryption types, and failure codes are defined in RFC 4120.  	

06/03/2024 01:10:47 PM
LogName=Security
SourceName=Microsoft Windows security auditing.
EventCode=4769
EventType=0
Type=Information
ComputerName=win-dc-128.attackrange.local
TaskCategory=Kerberos Service Ticket Operations
OpCode=Info
RecordNumber=1846465068
Keywords=Audit Success
is_fake=1
Message=A Kerberos service ticket was requested.

Account Information:
	Account Name:		Administrator@ATTACKRANGE.LOCAL
	Account Domain:		ATTACKRANGE.LOCAL
	Logon GUID:		{154B8810-5DFB-8AB3-16CA-210CAFC92120}

Service Information:
	Service Name:		srv_smb8$
	Service ID:		ATTACKRANGE\srv_smb8

Network Information:
	Client Address:		::1
	Client Port:		0

Additional Information:
	Ticket Options:		0x40800000
	Ticket Encryption Type:	0x17
	Failure Code:		0x0
	Transited Services:	-

This event is generated every time access is requested to a resource such as a computer or a Windows service.  The service name indicates the resource to which access was requested.

This event can be correlated with Windows logon events by comparing the Logon GUID fields in each event.  The logon event occurs on the machine that was accessed, which is often a different machine than the domain controller which issued the service ticket.

Ticket options, encryption types, and failure codes are defined in RFC 4120.  	

06/03/2024 01:10:43 PM
LogName=Security
SourceName=Microsoft Windows security auditing.
EventCode=4769
EventType=0
Type=Information
ComputerName=win-dc-128.attackrange.local
TaskCategory=Kerberos Service Ticket Operations
OpCode=Info
RecordNumber=1846465068
Keywords=Audit Success
is_fake=1
Message=A Kerberos service ticket was requested.

Account Information:
	Account Name:		Administrator@ATTACKRANGE.LOCAL
	Account Domain:		ATTACKRANGE.LOCAL
	Logon GUID:		{154B8810-5DFB-8AB3-16CA-210CAFC92120}

Service Information:
	Service Name:		srv_smb8$
	Service ID:		ATTACKRANGE\srv_smb8

Network Information:
	Client Address:		::1
	Client Port:		0

Additional Information:
	Ticket Options:		0x40800000
	Ticket Encryption Type:	0x17
	Failure Code:		0x0
	Transited Services:	-

This event is generated every time access is requested to a resource such as a computer or a Windows service.  The service name indicates the resource to which access was requested.

This event can be correlated with Windows logon events by comparing the Logon GUID fields in each event.  The logon event occurs on the machine that was accessed, which is often a different machine than the domain controller which issued the service ticket.

Ticket options, encryption types, and failure codes are defined in RFC 4120.  	

06/03/2024 01:10:56 PM
LogName=Security
SourceName=Microsoft Windows security auditing.
EventCode=4769
EventType=0
Type=Information
ComputerName=win-dc-128.attackrange.local
TaskCategory=Kerberos Service Ticket Operations
OpCode=Info
RecordNumber=1846465068
Keywords=Audit Success
is_fake=1
Message=A Kerberos service ticket was requested.

Account Information:
	Account Name:		Administrator@ATTACKRANGE.LOCAL
	Account Domain:		ATTACKRANGE.LOCAL
	Logon GUID:		{154B8810-5DFB-8AB3-16CA-210CAFC92120}

Service Information:
	Service Name:		srv_smb8
	Service ID:		ATTACKRANGE\srv_smb8

Network Information:
	Client Address:		::1
	Client Port:		0

Additional Information:
	Ticket Options:		0x40800000
	Ticket Encryption Type:	0x17
	Failure Code:		0x0
	Transited Services:	-

This event is generated every time access is requested to a resource such as a computer or a Windows service.  The service name indicates the resource to which access was requested.

This event can be correlated with Windows logon events by comparing the Logon GUID fields in each event.  The logon event occurs on the machine that was accessed, which is often a different machine than the domain controller which issued the service ticket.

Ticket options, encryption types, and failure codes are defined in RFC 4120. 	

06/03/2024 01:10:39 PM
LogName=Security
SourceName=Microsoft Windows security auditing.
EventCode=4769
EventType=0
Type=Information
ComputerName=win-dc-128.attackrange.local
TaskCategory=Kerberos Service Ticket Operations
OpCode=Info
RecordNumber=1846465068
Keywords=Audit Success
is_fake=1
Message=A Kerberos service ticket was requested.

Account Information:
	Account Name:		Administrator@ATTACKRANGE.LOCAL
	Account Domain:		ATTACKRANGE.LOCAL
	Logon GUID:		{154B8810-5DFB-8AB3-16CA-210CAFC92120}

Service Information:
	Service Name:		srv_smb8
	Service ID:		ATTACKRANGE\srv_smb8

Network Information:
	Client Address:		::1
	Client Port:		0

Additional Information:
	Ticket Options:		0x40800000
	Ticket Encryption Type:	0x17
	Failure Code:		0x0
	Transited Services:	-

This event is generated every time access is requested to a resource such as a computer or a Windows service.  The service name indicates the resource to which access was requested.

This event can be correlated with Windows logon events by comparing the Logon GUID fields in each event.  The logon event occurs on the machine that was accessed, which is often a different machine than the domain controller which issued the service ticket.

Ticket options, encryption types, and failure codes are defined in RFC 4120. 	

06/03/2024 01:10:51 PM
LogName=Security
SourceName=Microsoft Windows security auditing.
EventCode=4769
EventType=0
Type=Information
ComputerName=win-dc-128.attackrange.local
TaskCategory=Kerberos Service Ticket Operations
OpCode=Info
RecordNumber=1846465068
Keywords=Audit Success
is_fake=1
Message=A Kerberos service ticket was requested.

Account Information:
	Account Name:		Administrator@ATTACKRANGE.LOCAL
	Account Domain:		ATTACKRANGE.LOCAL
	Logon GUID:		{154B8810-5DFB-8AB3-16CA-210CAFC92120}

Service Information:
	Service Name:		srv_smb8
	Service ID:		ATTACKRANGE\srv_smb8

Network Information:
	Client Address:		::1
	Client Port:		0

Additional Information:
	Ticket Options:		0x40800000
	Ticket Encryption Type:	0x17
	Failure Code:		0x0
	Transited Services:	-

This event is generated every time access is requested to a resource such as a computer or a Windows service.  The service name indicates the resource to which access was requested.

This event can be correlated with Windows logon events by comparing the Logon GUID fields in each event.  The logon event occurs on the machine that was accessed, which is often a different machine than the domain controller which issued the service ticket.

Ticket options, encryption types, and failure codes are defined in RFC 4120. 	

06/03/2024 01:10:31 PM
LogName=Security
SourceName=Microsoft Windows security auditing.
EventCode=4769
EventType=0
Type=Information
ComputerName=win-dc-128.attackrange.local
TaskCategory=Kerberos Service Ticket Operations
OpCode=Info
RecordNumber=1846465068
Keywords=Audit Success
is_fake=1
Message=A Kerberos service ticket was requested.

Account Information:
	Account Name:		Administrator@ATTACKRANGE.LOCAL
	Account Domain:		ATTACKRANGE.LOCAL
	Logon GUID:		{154B8810-5DFB-8AB3-16CA-210CAFC92120}

Service Information:
	Service Name:		srv_smb8
	Service ID:		ATTACKRANGE\srv_smb8

Network Information:
	Client Address:		::1
	Client Port:		0

Additional Information:
	Ticket Options:		0x40800000
	Ticket Encryption Type:	0x17
	Failure Code:		0x0
	Transited Services:	-

This event is generated every time access is requested to a resource such as a computer or a Windows service.  The service name indicates the resource to which access was requested.

This event can be correlated with Windows logon events by comparing the Logon GUID fields in each event.  The logon event occurs on the machine that was accessed, which is often a different machine than the domain controller which issued the service ticket.

Ticket options, encryption types, and failure codes are defined in RFC 4120. 	

06/03/2024 01:10:44 PM
LogName=Security
SourceName=Microsoft Windows security auditing.
EventCode=4769
EventType=0
Type=Information
ComputerName=win-dc-128.attackrange.local
TaskCategory=Kerberos Service Ticket Operations
OpCode=Info
RecordNumber=1846465068
Keywords=Audit Success
is_fake=1
Message=A Kerberos service ticket was requested.

Account Information:
	Account Name:		Administrator@ATTACKRANGE.LOCAL
	Account Domain:		ATTACKRANGE.LOCAL
	Logon GUID:		{154B8810-5DFB-8AB3-16CA-210CAFC92120}

Service Information:
	Service Name:		srv_smb8
	Service ID:		ATTACKRANGE\srv_smb8

Network Information:
	Client Address:		::1
	Client Port:		0

Additional Information:
	Ticket Options:		0x40800000
	Ticket Encryption Type:	0x17
	Failure Code:		0x0
	Transited Services:	-

This event is generated every time access is requested to a resource such as a computer or a Windows service.  The service name indicates the resource to which access was requested.

This event can be correlated with Windows logon events by comparing the Logon GUID fields in each event.  The logon event occurs on the machine that was accessed, which is often a different machine than the domain controller which issued the service ticket.

Ticket options, encryption types, and failure codes are defined in RFC 4120. 	

