<Event xmlns="http://schemas.microsoft.com/win/2004/08/events/event">  
    <System>  
        <Provider Name="Microsoft-Windows-Sysmon" Guid="{5770385F-C22A-43E0-BF4C-06F5698FFBD9}" />  
        <EventID>3</EventID>  
        <Version>5</Version>  
        <Level>4</Level>  
        <Task>3</Task>  
        <Opcode>0</Opcode>  
        <Keywords>0x8000000000000000</Keywords>  
        <TimeCreated SystemTime="2023-04-01T12:00:00.000Z" />  
        <EventRecordID>12345</EventRecordID>  
        <Execution ProcessID="4567" ThreadID="8910" />  
        <Channel>Microsoft-Windows-Sysmon/Operational</Channel>  
        <Computer>example.lab.local</Computer>  
        <Security UserID="S-1-5-21-1234567890-123456789-1234567890-1234" />  
    </System>  
    <EventData>  
        <Data Name="UtcTime">2023-04-01 12:00:00.000</Data>  
        <Data Name="ProcessGuid">{4C3F25E2-8923-5C01-0000-0010D4A8C701}</Data>  
        <Data Name="ProcessId">9876</Data>  
        <Data Name="Image">C:\Users\user\AppData\Local\Temp\malicious.exe</Data>  
        <Data Name="User">example\user</Data>  
        <Data Name="Protocol">tcp</Data>  
        <Data Name="Initiated">true</Data>  
        <Data Name="SourceIsIpv6">false</Data>  
        <Data Name="SourceIp">10.0.0.12</Data>  
        <Data Name="SourceHostname">userPC.example.lab.local</Data>  
        <Data Name="SourcePort">50000</Data>  
        <Data Name="SourcePortName">-</Data>  
        <Data Name="DestinationIsIpv6">false</Data>  
        <Data Name="DestinationIp">192.168.1.100</Data>  
        <Data Name="DestinationHostname">ftp.example.com</Data>  
        <Data Name="DestinationPort">21</Data>  
        <Data Name="DestinationPortName">ftp</Data>  
    </EventData>  
</Event>
<Event xmlns="http://schemas.microsoft.com/win/2004/08/events/event">  
    <System>  
        <Provider Name="Microsoft-Windows-Sysmon" Guid="{5770385F-C22A-43E0-BF4C-06F5698FFBD9}" />  
        <EventID>3</EventID>  
        <Version>5</Version>  
        <Level>4</Level>  
        <Task>3</Task>  
        <Opcode>0</Opcode>  
        <Keywords>0x8000000000000000</Keywords>  
        <TimeCreated SystemTime="2023-04-01T12:00:00.000Z" />  
        <EventRecordID>12345</EventRecordID>  
        <Execution ProcessID="4567" ThreadID="8910" />  
        <Channel>Microsoft-Windows-Sysmon/Operational</Channel>  
        <Computer>example.lab.local</Computer>  
        <Security UserID="S-1-5-21-1234567890-123456789-1234567890-1234" />  
    </System>  
    <EventData>  
        <Data Name="UtcTime">2023-04-01 12:00:00.000</Data>  
        <Data Name="ProcessGuid">{4C3F25E2-8923-5C01-0000-0010D4A8C701}</Data>  
        <Data Name="ProcessId">9876</Data>  
        <Data Name="Image">C:\Users\user\AppData\Local\Temp\malicious.exe</Data>  
        <Data Name="User">example\user</Data>  
        <Data Name="Protocol">tcp</Data>  
        <Data Name="Initiated">true</Data>  
        <Data Name="SourceIsIpv6">false</Data>  
        <Data Name="SourceIp">10.0.0.12</Data>  
        <Data Name="SourceHostname">userPC.example.lab.local</Data>  
        <Data Name="SourcePort">50000</Data>  
        <Data Name="SourcePortName">-</Data>  
        <Data Name="DestinationIsIpv6">false</Data>  
        <Data Name="DestinationIp">192.168.1.100</Data>  
        <Data Name="DestinationHostname">ftp.example.com</Data>  
        <Data Name="DestinationPort">21</Data>  
        <Data Name="DestinationPortName">ftp</Data>  
    </EventData>  
</Event>

</Event>
<Event xmlns="http://schemas.microsoft.com/win/2004/08/events/event">  
    <System>  
        <Provider Name="Microsoft-Windows-Sysmon" Guid="{5770385F-C22A-43E0-BF4C-06F5698FFBD9}" />  
        <EventID>3</EventID>  
        <Version>5</Version>  
        <Level>4</Level>  
        <Task>3</Task>  
        <Opcode>0</Opcode>  
        <Keywords>0x8000000000000000</Keywords>  
        <TimeCreated SystemTime="2023-04-01T12:00:00.000Z" />  
        <EventRecordID>12345</EventRecordID>  
        <Execution ProcessID="4567" ThreadID="8910" />  
        <Channel>Microsoft-Windows-Sysmon/Operational</Channel>  
        <Computer>example.lab.local</Computer>  
        <Security UserID="S-1-5-21-1234567890-123456789-1234567890-1234" />  
    </System>  
    <EventData>  
        <Data Name="UtcTime">2023-04-01 12:00:00.000</Data>  
        <Data Name="ProcessGuid">{4C3F25E2-8923-5C01-0000-0010D4A8C701}</Data>  
        <Data Name="ProcessId">9876</Data>  
        <Data Name="Image">C:\Users\user\AppData\Local\Temp\malicious.exe</Data>  
        <Data Name="User">example\user</Data>  
        <Data Name="Protocol">tcp</Data>  
        <Data Name="Initiated">true</Data>  
        <Data Name="SourceIsIpv6">false</Data>  
        <Data Name="SourceIp">10.0.0.12</Data>  
        <Data Name="SourceHostname">userPC.example.lab.local</Data>  
        <Data Name="SourcePort">50000</Data>  
        <Data Name="SourcePortName">-</Data>  
        <Data Name="DestinationIsIpv6">false</Data>  
        <Data Name="DestinationIp">192.168.1.100</Data>  
        <Data Name="DestinationHostname">ftp.example.com</Data>  
        <Data Name="DestinationPort">21</Data>  
        <Data Name="DestinationPortName">ftp</Data>  
    </EventData>  
</Event>
<Event xmlns="http://schemas.microsoft.com/win/2004/08/events/event">
    <System>
        <Provider Name="Microsoft-Windows-Sysmon" Guid="{5770385F-C22A-43E0-BF4C-06F5698FFBD9}" />
        <EventID>3</EventID>
        <Version>5</Version>
        <Level>4</Level>
        <Task>3</Task>
        <Opcode>0</Opcode>
        <Keywords>0x8000000000000000</Keywords>
        <TimeCreated SystemTime="2017-04-28T22:12:23.657698300Z" />
        <EventRecordID>10953</EventRecordID>
        <Correlation />
        <Execution ProcessID="3216" ThreadID="3976" />
        <Channel>Microsoft-Windows-Sysmon/Operational</Channel>
        <Computer>rfsH.lab.local</Computer>
        <Security UserID="S-1-5-18" />
    </System>
    <EventData>
        <Data Name="RuleName">RDP</Data>
        <Data Name="UtcTime">2017-04-28 22:12:22.557</Data>
        <Data Name="ProcessGuid">{A23EAE89-BD28-5903-0000-00102F345D00}</Data>
        <Data Name="ProcessId">13220</Data>
        <Data Name="Image">C:\Program Files (x86)\Google\Chrome\Application\chrome.exe</Data>
        <Data Name="User">LAB\rsmith</Data>
        <Data Name="Protocol">tcp</Data>
        <Data Name="Initiated">true</Data>
        <Data Name="SourceIsIpv6">false</Data>
        <Data Name="SourceIp">192.168.1.250</Data>
        <Data Name="SourceHostname">rfsH.lab.local</Data>
        <Data Name="SourcePort">3328</Data>
        <Data Name="SourcePortName">-</Data>
        <Data Name="DestinationIsIpv6">false</Data>
        <Data Name="DestinationIp">104.130.229.150</Data>
        <Data Name="DestinationHostname">lab-sc-100</Data>
        <Data Name="DestinationPort">3389</Data>
        <Data Name="DestinationPortName">ms-wbt-server</Data>
    </EventData>
</Event>
<Event xmlns='http://schemas.microsoft.com/win/2004/08/events/event'><System><Provider Name='Microsoft-Windows-Sysmon' Guid='{5770385F-C22A-43E0-BF4C-06F5698FFBD9}'/><EventID>10</EventID><Version>3</Version><Level>4</Level><Task>10</Task><Opcode>0</Opcode><Keywords>0x8000000000000000</Keywords><TimeCreated SystemTime='2022-09-15T12:46:36.682226400Z'/><EventRecordID>152920</EventRecordID><Correlation/><Execution ProcessID='2684' ThreadID='1836'/><Channel>Microsoft-Windows-Sysmon/Operational</Channel><Computer>win-dc-ctus-attack-range-403.attackrange.local</Computer><Security UserID='S-1-5-18'/></System><EventData><Data Name='RuleName'>-</Data><Data Name='UtcTime'>2022-09-15 12:46:36.681</Data><Data Name='SourceProcessGUID'>{6820D070-D2EE-6322-0B00-000000007402}</Data><Data Name='SourceProcessId'>628</Data><Data Name='SourceThreadId'>7656</Data><Data Name='SourceImage'>C:\Windows\system32\lsass.exe</Data><Data Name='TargetProcessGUID'>{6820D070-D2EC-6322-0100-000000007402}</Data><Data Name='TargetProcessId'>4</Data><Data Name='TargetImage'>System</Data><Data Name='GrantedAccess'>0x1000</Data><Data Name='CallTrace'>C:\Windows\SYSTEM32\ntdll.dll+a6144|C:\Windows\System32\KERNELBASE.dll+221bd|C:\Windows\system32\kerberos.DLL+97fa2|C:\Windows\system32\kerberos.DLL+7a1d8|C:\Windows\system32\kerberos.DLL+1457f|C:\Windows\system32\lsasrv.dll+302b1|C:\Windows\system32\lsasrv.dll+2e0b6|C:\Windows\system32\lsasrv.dll+33a29|C:\Windows\system32\lsasrv.dll+31377|C:\Windows\system32\lsasrv.dll+302b1|C:\Windows\system32\lsasrv.dll+17ced|C:\Windows\SYSTEM32\SspiSrv.dll+1a96|C:\Windows\System32\RPCRT4.dll+7ac63|C:\Windows\System32\RPCRT4.dll+d5bc1|C:\Windows\System32\RPCRT4.dll+5342c|C:\Windows\System32\RPCRT4.dll+35824|C:\Windows\System32\RPCRT4.dll+3473d|C:\Windows\System32\RPCRT4.dll+34feb|C:\Windows\System32\RPCRT4.dll+20ddc|C:\Windows\System32\RPCRT4.dll+2125c|C:\Windows\System32\RPCRT4.dll+106bc|C:\Windows\System32\RPCRT4.dll+11f1b|C:\Windows\System32\RPCRT4.dll+1a50a|C:\Windows\SYSTEM32\ntdll.dll+1d35e</Data></EventData></Event>
<Event xmlns='http://schemas.microsoft.com/win/2004/08/events/event'><System><Provider Name='Microsoft-Windows-Sysmon' Guid='{5770385F-C22A-43E0-BF4C-06F5698FFBD9}'/><EventID>10</EventID><Version>3</Version><Level>4</Level><Task>10</Task><Opcode>0</Opcode><Keywords>0x8000000000000000</Keywords><TimeCreated SystemTime='2022-09-15T12:46:36.682226400Z'/><EventRecordID>152920</EventRecordID><Correlation/><Execution ProcessID='2684' ThreadID='1836'/><Channel>Microsoft-Windows-Sysmon/Operational</Channel><Computer>win-dc-ctus-attack-range-403.attackrange.local</Computer><Security UserID='S-1-5-18'/></System><EventData><Data Name='RuleName'>-</Data><Data Name='UtcTime'>2022-09-15 12:46:36.681</Data><Data Name='SourceProcessGUID'>{6820D070-D2EE-6322-0B00-000000007402}</Data><Data Name='SourceProcessId'>628</Data><Data Name='SourceThreadId'>7656</Data><Data Name='SourceImage'>C:\Windows\system32\lsass.exe</Data><Data Name='TargetProcessGUID'>{6820D070-D2EC-6322-0100-000000007402}</Data><Data Name='TargetProcessId'>4</Data><Data Name='TargetImage'>System</Data><Data Name='GrantedAccess'>0x1000</Data><Data Name='CallTrace'>C:\Windows\SYSTEM32\ntdll.dll+a6144|C:\Windows\System32\KERNELBASE.dll+221bd|C:\Windows\system32\kerberos.DLL+97fa2|C:\Windows\system32\kerberos.DLL+7a1d8|C:\Windows\system32\kerberos.DLL+1457f|C:\Windows\system32\lsasrv.dll+302b1|C:\Windows\system32\lsasrv.dll+2e0b6|C:\Windows\system32\lsasrv.dll+33a29|C:\Windows\system32\lsasrv.dll+31377|C:\Windows\system32\lsasrv.dll+302b1|C:\Windows\system32\lsasrv.dll+17ced|C:\Windows\SYSTEM32\SspiSrv.dll+1a96|C:\Windows\System32\RPCRT4.dll+7ac63|C:\Windows\System32\RPCRT4.dll+d5bc1|C:\Windows\System32\RPCRT4.dll+5342c|C:\Windows\System32\RPCRT4.dll+35824|C:\Windows\System32\RPCRT4.dll+3473d|C:\Windows\System32\RPCRT4.dll+34feb|C:\Windows\System32\RPCRT4.dll+20ddc|C:\Windows\System32\RPCRT4.dll+2125c|C:\Windows\System32\RPCRT4.dll+106bc|C:\Windows\System32\RPCRT4.dll+11f1b|C:\Windows\System32\RPCRT4.dll+1a50a|C:\Windows\SYSTEM32\ntdll.dll+1d35e</Data></EventData></Event>
<Event xmlns='http://schemas.microsoft.com/win/2004/08/events/event'><System><Provider Name='Microsoft-Windows-Sysmon' Guid='{5770385F-C22A-43E0-BF4C-06F5698FFBD9}'/><EventID>10</EventID><Version>3</Version><Level>4</Level><Task>10</Task><Opcode>0</Opcode><Keywords>0x8000000000000000</Keywords><TimeCreated SystemTime='2022-09-15T12:46:36.682226400Z'/><EventRecordID>152920</EventRecordID><Correlation/><Execution ProcessID='2684' ThreadID='1836'/><Channel>Microsoft-Windows-Sysmon/Operational</Channel><Computer>win-dc-ctus-attack-range-403.attackrange.local</Computer><Security UserID='S-1-5-18'/></System><EventData><Data Name='RuleName'>-</Data><Data Name='UtcTime'>2022-09-15 12:46:36.681</Data><Data Name='SourceProcessGUID'>{6820D070-D2EE-6322-0B00-000000007402}</Data><Data Name='SourceProcessId'>628</Data><Data Name='SourceThreadId'>7656</Data><Data Name='SourceImage'>C:\Windows\system32\lsass.exe</Data><Data Name='TargetProcessGUID'>{6820D070-D2EC-6322-0100-000000007402}</Data><Data Name='TargetProcessId'>4</Data><Data Name='TargetImage'>System</Data><Data Name='GrantedAccess'>0x1000</Data><Data Name='CallTrace'>C:\Windows\SYSTEM32\ntdll.dll+a6144|C:\Windows\System32\KERNELBASE.dll+221bd|C:\Windows\system32\kerberos.DLL+97fa2|C:\Windows\system32\kerberos.DLL+7a1d8|C:\Windows\system32\kerberos.DLL+1457f|C:\Windows\system32\lsasrv.dll+302b1|C:\Windows\system32\lsasrv.dll+2e0b6|C:\Windows\system32\lsasrv.dll+33a29|C:\Windows\system32\lsasrv.dll+31377|C:\Windows\system32\lsasrv.dll+302b1|C:\Windows\system32\lsasrv.dll+17ced|C:\Windows\SYSTEM32\SspiSrv.dll+1a96|C:\Windows\System32\RPCRT4.dll+7ac63|C:\Windows\System32\RPCRT4.dll+d5bc1|C:\Windows\System32\RPCRT4.dll+5342c|C:\Windows\System32\RPCRT4.dll+35824|C:\Windows\System32\RPCRT4.dll+3473d|C:\Windows\System32\RPCRT4.dll+34feb|C:\Windows\System32\RPCRT4.dll+20ddc|C:\Windows\System32\RPCRT4.dll+2125c|C:\Windows\System32\RPCRT4.dll+106bc|C:\Windows\System32\RPCRT4.dll+11f1b|C:\Windows\System32\RPCRT4.dll+1a50a|C:\Windows\SYSTEM32\ntdll.dll+1d35e</Data></EventData></Event>
<Event xmlns='http://schemas.microsoft.com/win/2004/08/events/event'><System><Provider Name='Microsoft-Windows-Sysmon' Guid='{5770385F-C22A-43E0-BF4C-06F5698FFBD9}'/><EventID>10</EventID><Version>3</Version><Level>4</Level><Task>10</Task><Opcode>0</Opcode><Keywords>0x8000000000000000</Keywords><TimeCreated SystemTime='2022-09-15T12:46:36.682226400Z'/><EventRecordID>152920</EventRecordID><Correlation/><Execution ProcessID='2684' ThreadID='1836'/><Channel>Microsoft-Windows-Sysmon/Operational</Channel><Computer>win-dc-ctus-attack-range-403.attackrange.local</Computer><Security UserID='S-1-5-18'/></System><EventData><Data Name='RuleName'>-</Data><Data Name='UtcTime'>2022-09-15 12:46:36.681</Data><Data Name='SourceProcessGUID'>{6820D070-D2EE-6322-0B00-000000007402}</Data><Data Name='SourceProcessId'>628</Data><Data Name='SourceThreadId'>7656</Data><Data Name='SourceImage'>C:\Windows\system32\lsass.exe</Data><Data Name='TargetProcessGUID'>{6820D070-D2EC-6322-0100-000000007402}</Data><Data Name='TargetProcessId'>4</Data><Data Name='TargetImage'>System</Data><Data Name='GrantedAccess'>0x1000</Data><Data Name='CallTrace'>C:\Windows\SYSTEM32\ntdll.dll+a6144|C:\Windows\System32\KERNELBASE.dll+221bd|C:\Windows\system32\kerberos.DLL+97fa2|C:\Windows\system32\kerberos.DLL+7a1d8|C:\Windows\system32\kerberos.DLL+1457f|C:\Windows\system32\lsasrv.dll+302b1|C:\Windows\system32\lsasrv.dll+2e0b6|C:\Windows\system32\lsasrv.dll+33a29|C:\Windows\system32\lsasrv.dll+31377|C:\Windows\system32\lsasrv.dll+302b1|C:\Windows\system32\lsasrv.dll+17ced|C:\Windows\SYSTEM32\SspiSrv.dll+1a96|C:\Windows\System32\RPCRT4.dll+7ac63|C:\Windows\System32\RPCRT4.dll+d5bc1|C:\Windows\System32\RPCRT4.dll+5342c|C:\Windows\System32\RPCRT4.dll+35824|C:\Windows\System32\RPCRT4.dll+3473d|C:\Windows\System32\RPCRT4.dll+34feb|C:\Windows\System32\RPCRT4.dll+20ddc|C:\Windows\System32\RPCRT4.dll+2125c|C:\Windows\System32\RPCRT4.dll+106bc|C:\Windows\System32\RPCRT4.dll+11f1b|C:\Windows\System32\RPCRT4.dll+1a50a|C:\Windows\SYSTEM32\ntdll.dll+1d35e</Data></EventData></Event>
<Event xmlns='http://schemas.microsoft.com/win/2004/08/events/event'><System><Provider Name='Microsoft-Windows-Sysmon' Guid='{5770385F-C22A-43E0-BF4C-06F5698FFBD9}'/><EventID>10</EventID><Version>3</Version><Level>4</Level><Task>10</Task><Opcode>0</Opcode><Keywords>0x8000000000000000</Keywords><TimeCreated SystemTime='2022-09-15T12:46:36.682226400Z'/><EventRecordID>152920</EventRecordID><Correlation/><Execution ProcessID='2684' ThreadID='1836'/><Channel>Microsoft-Windows-Sysmon/Operational</Channel><Computer>win-dc-ctus-attack-range-403.attackrange.local</Computer><Security UserID='S-1-5-18'/></System><EventData><Data Name='RuleName'>-</Data><Data Name='UtcTime'>2022-09-15 12:46:36.681</Data><Data Name='SourceProcessGUID'>{6820D070-D2EE-6322-0B00-000000007402}</Data><Data Name='SourceProcessId'>628</Data><Data Name='SourceThreadId'>7656</Data><Data Name='SourceImage'>C:\Windows\system32\lsass.exe</Data><Data Name='TargetProcessGUID'>{6820D070-D2EC-6322-0100-000000007402}</Data><Data Name='TargetProcessId'>4</Data><Data Name='TargetImage'>System</Data><Data Name='GrantedAccess'>0x1000</Data><Data Name='CallTrace'>C:\Windows\SYSTEM32\ntdll.dll+a6144|C:\Windows\System32\KERNELBASE.dll+221bd|C:\Windows\system32\kerberos.DLL+97fa2|C:\Windows\system32\kerberos.DLL+7a1d8|C:\Windows\system32\kerberos.DLL+1457f|C:\Windows\system32\lsasrv.dll+302b1|C:\Windows\system32\lsasrv.dll+2e0b6|C:\Windows\system32\lsasrv.dll+33a29|C:\Windows\system32\lsasrv.dll+31377|C:\Windows\system32\lsasrv.dll+302b1|C:\Windows\system32\lsasrv.dll+17ced|C:\Windows\SYSTEM32\SspiSrv.dll+1a96|C:\Windows\System32\RPCRT4.dll+7ac63|C:\Windows\System32\RPCRT4.dll+d5bc1|C:\Windows\System32\RPCRT4.dll+5342c|C:\Windows\System32\RPCRT4.dll+35824|C:\Windows\System32\RPCRT4.dll+3473d|C:\Windows\System32\RPCRT4.dll+34feb|C:\Windows\System32\RPCRT4.dll+20ddc|C:\Windows\System32\RPCRT4.dll+2125c|C:\Windows\System32\RPCRT4.dll+106bc|C:\Windows\System32\RPCRT4.dll+11f1b|C:\Windows\System32\RPCRT4.dll+1a50a|C:\Windows\SYSTEM32\ntdll.dll+1d35e</Data></EventData></Event>
<Event xmlns='http://schemas.microsoft.com/win/2004/08/events/event'><System><Provider Name='Microsoft-Windows-Sysmon' Guid='{5770385F-C22A-43E0-BF4C-06F5698FFBD9}'/><EventID>10</EventID><Version>3</Version><Level>4</Level><Task>10</Task><Opcode>0</Opcode><Keywords>0x8000000000000000</Keywords><TimeCreated SystemTime='2022-09-15T12:46:36.682226400Z'/><EventRecordID>152920</EventRecordID><Correlation/><Execution ProcessID='2684' ThreadID='1836'/><Channel>Microsoft-Windows-Sysmon/Operational</Channel><Computer>win-dc-ctus-attack-range-403.attackrange.local</Computer><Security UserID='S-1-5-18'/></System><EventData><Data Name='RuleName'>-</Data><Data Name='UtcTime'>2022-09-15 12:46:36.681</Data><Data Name='SourceProcessGUID'>{6820D070-D2EE-6322-0B00-000000007402}</Data><Data Name='SourceProcessId'>628</Data><Data Name='SourceThreadId'>7656</Data><Data Name='SourceImage'>C:\Windows\system32\lsass.exe</Data><Data Name='TargetProcessGUID'>{6820D070-D2EC-6322-0100-000000007402}</Data><Data Name='TargetProcessId'>4</Data><Data Name='TargetImage'>System</Data><Data Name='GrantedAccess'>0x1000</Data><Data Name='CallTrace'>C:\Windows\SYSTEM32\ntdll.dll+a6144|C:\Windows\System32\KERNELBASE.dll+221bd|C:\Windows\system32\kerberos.DLL+97fa2|C:\Windows\system32\kerberos.DLL+7a1d8|C:\Windows\system32\kerberos.DLL+1457f|C:\Windows\system32\lsasrv.dll+302b1|C:\Windows\system32\lsasrv.dll+2e0b6|C:\Windows\system32\lsasrv.dll+33a29|C:\Windows\system32\lsasrv.dll+31377|C:\Windows\system32\lsasrv.dll+302b1|C:\Windows\system32\lsasrv.dll+17ced|C:\Windows\SYSTEM32\SspiSrv.dll+1a96|C:\Windows\System32\RPCRT4.dll+7ac63|C:\Windows\System32\RPCRT4.dll+d5bc1|C:\Windows\System32\RPCRT4.dll+5342c|C:\Windows\System32\RPCRT4.dll+35824|C:\Windows\System32\RPCRT4.dll+3473d|C:\Windows\System32\RPCRT4.dll+34feb|C:\Windows\System32\RPCRT4.dll+20ddc|C:\Windows\System32\RPCRT4.dll+2125c|C:\Windows\System32\RPCRT4.dll+106bc|C:\Windows\System32\RPCRT4.dll+11f1b|C:\Windows\System32\RPCRT4.dll+1a50a|C:\Windows\SYSTEM32\ntdll.dll+1d35e</Data></EventData></Event>
<Event xmlns='http://schemas.microsoft.com/win/2004/08/events/event'><System><Provider Name='Microsoft-Windows-Sysmon' Guid='{5770385F-C22A-43E0-BF4C-06F5698FFBD9}'/><EventID>10</EventID><Version>3</Version><Level>4</Level><Task>10</Task><Opcode>0</Opcode><Keywords>0x8000000000000000</Keywords><TimeCreated SystemTime='2022-09-15T12:46:36.682226400Z'/><EventRecordID>152920</EventRecordID><Correlation/><Execution ProcessID='2684' ThreadID='1836'/><Channel>Microsoft-Windows-Sysmon/Operational</Channel><Computer>win-dc-ctus-attack-range-403.attackrange.local</Computer><Security UserID='S-1-5-18'/></System><EventData><Data Name='RuleName'>-</Data><Data Name='UtcTime'>2022-09-15 12:46:36.681</Data><Data Name='SourceProcessGUID'>{6820D070-D2EE-6322-0B00-000000007402}</Data><Data Name='SourceProcessId'>628</Data><Data Name='SourceThreadId'>7656</Data><Data Name='SourceImage'>C:\Windows\system32\lsass.exe</Data><Data Name='TargetProcessGUID'>{6820D070-D2EC-6322-0100-000000007402}</Data><Data Name='TargetProcessId'>4</Data><Data Name='TargetImage'>System</Data><Data Name='GrantedAccess'>0x1000</Data><Data Name='CallTrace'>C:\Windows\SYSTEM32\ntdll.dll+a6144|C:\Windows\System32\KERNELBASE.dll+221bd|C:\Windows\system32\kerberos.DLL+97fa2|C:\Windows\system32\kerberos.DLL+7a1d8|C:\Windows\system32\kerberos.DLL+1457f|C:\Windows\system32\lsasrv.dll+302b1|C:\Windows\system32\lsasrv.dll+2e0b6|C:\Windows\system32\lsasrv.dll+33a29|C:\Windows\system32\lsasrv.dll+31377|C:\Windows\system32\lsasrv.dll+302b1|C:\Windows\system32\lsasrv.dll+17ced|C:\Windows\SYSTEM32\SspiSrv.dll+1a96|C:\Windows\System32\RPCRT4.dll+7ac63|C:\Windows\System32\RPCRT4.dll+d5bc1|C:\Windows\System32\RPCRT4.dll+5342c|C:\Windows\System32\RPCRT4.dll+35824|C:\Windows\System32\RPCRT4.dll+3473d|C:\Windows\System32\RPCRT4.dll+34feb|C:\Windows\System32\RPCRT4.dll+20ddc|C:\Windows\System32\RPCRT4.dll+2125c|C:\Windows\System32\RPCRT4.dll+106bc|C:\Windows\System32\RPCRT4.dll+11f1b|C:\Windows\System32\RPCRT4.dll+1a50a|C:\Windows\SYSTEM32\ntdll.dll+1d35e</Data></EventData></Event>
<Event xmlns='http://schemas.microsoft.com/win/2004/08/events/event'><System><Provider Name='Microsoft-Windows-Sysmon' Guid='{5770385F-C22A-43E0-BF4C-06F5698FFBD9}'/><EventID>10</EventID><Version>3</Version><Level>4</Level><Task>10</Task><Opcode>0</Opcode><Keywords>0x8000000000000000</Keywords><TimeCreated SystemTime='2022-09-15T12:46:36.682226400Z'/><EventRecordID>152920</EventRecordID><Correlation/><Execution ProcessID='2684' ThreadID='1836'/><Channel>Microsoft-Windows-Sysmon/Operational</Channel><Computer>win-dc-ctus-attack-range-403.attackrange.local</Computer><Security UserID='S-1-5-18'/></System><EventData><Data Name='RuleName'>-</Data><Data Name='UtcTime'>2022-09-15 12:46:36.681</Data><Data Name='SourceProcessGUID'>{6820D070-D2EE-6322-0B00-000000007402}</Data><Data Name='SourceProcessId'>628</Data><Data Name='SourceThreadId'>7656</Data><Data Name='SourceImage'>C:\Windows\system32\lsass.exe</Data><Data Name='TargetProcessGUID'>{6820D070-D2EC-6322-0100-000000007402}</Data><Data Name='TargetProcessId'>4</Data><Data Name='TargetImage'>System</Data><Data Name='GrantedAccess'>0x1000</Data><Data Name='CallTrace'>C:\Windows\SYSTEM32\ntdll.dll+a6144|C:\Windows\System32\KERNELBASE.dll+221bd|C:\Windows\system32\kerberos.DLL+97fa2|C:\Windows\system32\kerberos.DLL+7a1d8|C:\Windows\system32\kerberos.DLL+1457f|C:\Windows\system32\lsasrv.dll+302b1|C:\Windows\system32\lsasrv.dll+2e0b6|C:\Windows\system32\lsasrv.dll+33a29|C:\Windows\system32\lsasrv.dll+31377|C:\Windows\system32\lsasrv.dll+302b1|C:\Windows\system32\lsasrv.dll+17ced|C:\Windows\SYSTEM32\SspiSrv.dll+1a96|C:\Windows\System32\RPCRT4.dll+7ac63|C:\Windows\System32\RPCRT4.dll+d5bc1|C:\Windows\System32\RPCRT4.dll+5342c|C:\Windows\System32\RPCRT4.dll+35824|C:\Windows\System32\RPCRT4.dll+3473d|C:\Windows\System32\RPCRT4.dll+34feb|C:\Windows\System32\RPCRT4.dll+20ddc|C:\Windows\System32\RPCRT4.dll+2125c|C:\Windows\System32\RPCRT4.dll+106bc|C:\Windows\System32\RPCRT4.dll+11f1b|C:\Windows\System32\RPCRT4.dll+1a50a|C:\Windows\SYSTEM32\ntdll.dll+1d35e</Data></EventData></Event>
<Event xmlns='http://schemas.microsoft.com/win/2004/08/events/event'><System><Provider Name='Microsoft-Windows-Sysmon' Guid='{5770385F-C22A-43E0-BF4C-06F5698FFBD9}'/><EventID>10</EventID><Version>3</Version><Level>4</Level><Task>10</Task><Opcode>0</Opcode><Keywords>0x8000000000000000</Keywords><TimeCreated SystemTime='2022-09-15T12:46:36.682226400Z'/><EventRecordID>152920</EventRecordID><Correlation/><Execution ProcessID='2684' ThreadID='1836'/><Channel>Microsoft-Windows-Sysmon/Operational</Channel><Computer>win-dc-ctus-attack-range-403.attackrange.local</Computer><Security UserID='S-1-5-18'/></System><EventData><Data Name='RuleName'>-</Data><Data Name='UtcTime'>2022-09-15 12:46:36.681</Data><Data Name='SourceProcessGUID'>{6820D070-D2EE-6322-0B00-000000007402}</Data><Data Name='SourceProcessId'>628</Data><Data Name='SourceThreadId'>7656</Data><Data Name='SourceImage'>C:\Windows\system32\lsass.exe</Data><Data Name='TargetProcessGUID'>{6820D070-D2EC-6322-0100-000000007402}</Data><Data Name='TargetProcessId'>4</Data><Data Name='TargetImage'>System</Data><Data Name='GrantedAccess'>0x1000</Data><Data Name='CallTrace'>C:\Windows\SYSTEM32\ntdll.dll+a6144|C:\Windows\System32\KERNELBASE.dll+221bd|C:\Windows\system32\kerberos.DLL+97fa2|C:\Windows\system32\kerberos.DLL+7a1d8|C:\Windows\system32\kerberos.DLL+1457f|C:\Windows\system32\lsasrv.dll+302b1|C:\Windows\system32\lsasrv.dll+2e0b6|C:\Windows\system32\lsasrv.dll+33a29|C:\Windows\system32\lsasrv.dll+31377|C:\Windows\system32\lsasrv.dll+302b1|C:\Windows\system32\lsasrv.dll+17ced|C:\Windows\SYSTEM32\SspiSrv.dll+1a96|C:\Windows\System32\RPCRT4.dll+7ac63|C:\Windows\System32\RPCRT4.dll+d5bc1|C:\Windows\System32\RPCRT4.dll+5342c|C:\Windows\System32\RPCRT4.dll+35824|C:\Windows\System32\RPCRT4.dll+3473d|C:\Windows\System32\RPCRT4.dll+34feb|C:\Windows\System32\RPCRT4.dll+20ddc|C:\Windows\System32\RPCRT4.dll+2125c|C:\Windows\System32\RPCRT4.dll+106bc|C:\Windows\System32\RPCRT4.dll+11f1b|C:\Windows\System32\RPCRT4.dll+1a50a|C:\Windows\SYSTEM32\ntdll.dll+1d35e</Data></EventData></Event>
<Event xmlns='http://schemas.microsoft.com/win/2004/08/events/event'><System><Provider Name='Microsoft-Windows-Sysmon' Guid='{5770385F-C22A-43E0-BF4C-06F5698FFBD9}'/><EventID>10</EventID><Version>3</Version><Level>4</Level><Task>10</Task><Opcode>0</Opcode><Keywords>0x8000000000000000</Keywords><TimeCreated SystemTime='2022-09-15T12:46:36.682226400Z'/><EventRecordID>152920</EventRecordID><Correlation/><Execution ProcessID='2684' ThreadID='1836'/><Channel>Microsoft-Windows-Sysmon/Operational</Channel><Computer>win-dc-ctus-attack-range-403.attackrange.local</Computer><Security UserID='S-1-5-18'/></System><EventData><Data Name='RuleName'>-</Data><Data Name='UtcTime'>2022-09-15 12:46:36.681</Data><Data Name='SourceProcessGUID'>{6820D070-D2EE-6322-0B00-000000007402}</Data><Data Name='SourceProcessId'>628</Data><Data Name='SourceThreadId'>7656</Data><Data Name='SourceImage'>C:\Windows\system32\lsass.exe</Data><Data Name='TargetProcessGUID'>{6820D070-D2EC-6322-0100-000000007402}</Data><Data Name='TargetProcessId'>4</Data><Data Name='TargetImage'>System</Data><Data Name='GrantedAccess'>0x1000</Data><Data Name='CallTrace'>C:\Windows\SYSTEM32\ntdll.dll+a6144|C:\Windows\System32\KERNELBASE.dll+221bd|C:\Windows\system32\kerberos.DLL+97fa2|C:\Windows\system32\kerberos.DLL+7a1d8|C:\Windows\system32\kerberos.DLL+1457f|C:\Windows\system32\lsasrv.dll+302b1|C:\Windows\system32\lsasrv.dll+2e0b6|C:\Windows\system32\lsasrv.dll+33a29|C:\Windows\system32\lsasrv.dll+31377|C:\Windows\system32\lsasrv.dll+302b1|C:\Windows\system32\lsasrv.dll+17ced|C:\Windows\SYSTEM32\SspiSrv.dll+1a96|C:\Windows\System32\RPCRT4.dll+7ac63|C:\Windows\System32\RPCRT4.dll+d5bc1|C:\Windows\System32\RPCRT4.dll+5342c|C:\Windows\System32\RPCRT4.dll+35824|C:\Windows\System32\RPCRT4.dll+3473d|C:\Windows\System32\RPCRT4.dll+34feb|C:\Windows\System32\RPCRT4.dll+20ddc|C:\Windows\System32\RPCRT4.dll+2125c|C:\Windows\System32\RPCRT4.dll+106bc|C:\Windows\System32\RPCRT4.dll+11f1b|C:\Windows\System32\RPCRT4.dll+1a50a|C:\Windows\SYSTEM32\ntdll.dll+1d35e</Data></EventData></Event>
<Event xmlns='http://schemas.microsoft.com/win/2004/08/events/event'><System><Provider Name='Microsoft-Windows-Sysmon' Guid='{5770385F-C22A-43E0-BF4C-06F5698FFBD9}'/><EventID>10</EventID><Version>3</Version><Level>4</Level><Task>10</Task><Opcode>0</Opcode><Keywords>0x8000000000000000</Keywords><TimeCreated SystemTime='2022-09-15T12:46:36.682226400Z'/><EventRecordID>152920</EventRecordID><Correlation/><Execution ProcessID='2684' ThreadID='1836'/><Channel>Microsoft-Windows-Sysmon/Operational</Channel><Computer>win-dc-ctus-attack-range-403.attackrange.local</Computer><Security UserID='S-1-5-18'/></System><EventData><Data Name='RuleName'>-</Data><Data Name='UtcTime'>2022-09-15 12:46:36.681</Data><Data Name='SourceProcessGUID'>{6820D070-D2EE-6322-0B00-000000007402}</Data><Data Name='SourceProcessId'>628</Data><Data Name='SourceThreadId'>7656</Data><Data Name='SourceImage'>C:\Windows\system32\lsass.exe</Data><Data Name='TargetProcessGUID'>{6820D070-D2EC-6322-0100-000000007402}</Data><Data Name='TargetProcessId'>4</Data><Data Name='TargetImage'>System</Data><Data Name='GrantedAccess'>0x1000</Data><Data Name='CallTrace'>C:\Windows\SYSTEM32\ntdll.dll+a6144|C:\Windows\System32\KERNELBASE.dll+221bd|C:\Windows\system32\kerberos.DLL+97fa2|C:\Windows\system32\kerberos.DLL+7a1d8|C:\Windows\system32\kerberos.DLL+1457f|C:\Windows\system32\lsasrv.dll+302b1|C:\Windows\system32\lsasrv.dll+2e0b6|C:\Windows\system32\lsasrv.dll+33a29|C:\Windows\system32\lsasrv.dll+31377|C:\Windows\system32\lsasrv.dll+302b1|C:\Windows\system32\lsasrv.dll+17ced|C:\Windows\SYSTEM32\SspiSrv.dll+1a96|C:\Windows\System32\RPCRT4.dll+7ac63|C:\Windows\System32\RPCRT4.dll+d5bc1|C:\Windows\System32\RPCRT4.dll+5342c|C:\Windows\System32\RPCRT4.dll+35824|C:\Windows\System32\RPCRT4.dll+3473d|C:\Windows\System32\RPCRT4.dll+34feb|C:\Windows\System32\RPCRT4.dll+20ddc|C:\Windows\System32\RPCRT4.dll+2125c|C:\Windows\System32\RPCRT4.dll+106bc|C:\Windows\System32\RPCRT4.dll+11f1b|C:\Windows\System32\RPCRT4.dll+1a50a|C:\Windows\SYSTEM32\ntdll.dll+1d35e</Data></EventData></Event>
<Event xmlns='http://schemas.microsoft.com/win/2004/08/events/event'><System><Provider Name='Microsoft-Windows-Sysmon' Guid='{5770385F-C22A-43E0-BF4C-06F5698FFBD9}'/><EventID>10</EventID><Version>3</Version><Level>4</Level><Task>10</Task><Opcode>0</Opcode><Keywords>0x8000000000000000</Keywords><TimeCreated SystemTime='2022-09-15T12:46:36.682226400Z'/><EventRecordID>152920</EventRecordID><Correlation/><Execution ProcessID='2684' ThreadID='1836'/><Channel>Microsoft-Windows-Sysmon/Operational</Channel><Computer>win-dc-ctus-attack-range-403.attackrange.local</Computer><Security UserID='S-1-5-18'/></System><EventData><Data Name='RuleName'>-</Data><Data Name='UtcTime'>2022-09-15 12:46:36.681</Data><Data Name='SourceProcessGUID'>{6820D070-D2EE-6322-0B00-000000007402}</Data><Data Name='SourceProcessId'>628</Data><Data Name='SourceThreadId'>7656</Data><Data Name='SourceImage'>C:\Windows\system32\lsass.exe</Data><Data Name='TargetProcessGUID'>{6820D070-D2EC-6322-0100-000000007402}</Data><Data Name='TargetProcessId'>4</Data><Data Name='TargetImage'>System</Data><Data Name='GrantedAccess'>0x1000</Data><Data Name='CallTrace'>C:\Windows\SYSTEM32\ntdll.dll+a6144|C:\Windows\System32\KERNELBASE.dll+221bd|C:\Windows\system32\kerberos.DLL+97fa2|C:\Windows\system32\kerberos.DLL+7a1d8|C:\Windows\system32\kerberos.DLL+1457f|C:\Windows\system32\lsasrv.dll+302b1|C:\Windows\system32\lsasrv.dll+2e0b6|C:\Windows\system32\lsasrv.dll+33a29|C:\Windows\system32\lsasrv.dll+31377|C:\Windows\system32\lsasrv.dll+302b1|C:\Windows\system32\lsasrv.dll+17ced|C:\Windows\SYSTEM32\SspiSrv.dll+1a96|C:\Windows\System32\RPCRT4.dll+7ac63|C:\Windows\System32\RPCRT4.dll+d5bc1|C:\Windows\System32\RPCRT4.dll+5342c|C:\Windows\System32\RPCRT4.dll+35824|C:\Windows\System32\RPCRT4.dll+3473d|C:\Windows\System32\RPCRT4.dll+34feb|C:\Windows\System32\RPCRT4.dll+20ddc|C:\Windows\System32\RPCRT4.dll+2125c|C:\Windows\System32\RPCRT4.dll+106bc|C:\Windows\System32\RPCRT4.dll+11f1b|C:\Windows\System32\RPCRT4.dll+1a50a|C:\Windows\SYSTEM32\ntdll.dll+1d35e</Data></EventData></Event>
